Running on host: studgpu-node01.inf.ethz.ch
In directory: /cluster/courses/3dv/data/team-25/decentralized_marl/ppo_algorithm
Starting on: Sun Jun 23 22:59:57 CEST 2024
SLURM_JOB_ID: 22658
using cuda
episode: 0 | avg score: -80.0 | learning_steps: 0
episode: 100 | avg score: -93.1 | learning_steps: 38
episode: 200 | avg score: -95.2 | learning_steps: 77
episode: 300 | avg score: -95.7 | learning_steps: 115
episode: 400 | avg score: -98.3 | learning_steps: 155
episode: 500 | avg score: -95.8 | learning_steps: 193
episode: 600 | avg score: -102.6 | learning_steps: 232
episode: 700 | avg score: -100.1 | learning_steps: 271
episode: 800 | avg score: -99.6 | learning_steps: 310
episode: 900 | avg score: -91.6 | learning_steps: 348
episode: 1000 | avg score: -92.4 | learning_steps: 386
episode: 1100 | avg score: -95.8 | learning_steps: 424
episode: 1200 | avg score: -95.7 | learning_steps: 463
slurmstepd: error: *** STEP 22658.0 ON studgpu-node01 CANCELLED AT 2024-06-23T23:02:47 ***
slurmstepd: error: *** JOB 22658 ON studgpu-node01 CANCELLED AT 2024-06-23T23:02:47 ***
