Running on host: studgpu-node01.inf.ethz.ch
In directory: /cluster/courses/3dv/data/team-25/decentralized_marl/ppo_algorithm
Starting on: Mon Jun 24 19:34:08 CEST 2024
SLURM_JOB_ID: 22781
using cuda
episode: 0 | avg score: -40.0 | learning_steps: 0
episode: 100 | avg score: -38.2 | learning_steps: 37
episode: 200 | avg score: -39.4 | learning_steps: 74
episode: 300 | avg score: -36.9 | learning_steps: 111
episode: 400 | avg score: -43.6 | learning_steps: 149
episode: 500 | avg score: -43.5 | learning_steps: 187
episode: 600 | avg score: -45.1 | learning_steps: 225
episode: 700 | avg score: -44.0 | learning_steps: 264
episode: 800 | avg score: -35.7 | learning_steps: 300
episode: 900 | avg score: -35.8 | learning_steps: 336
episode: 1000 | avg score: -37.7 | learning_steps: 373
episode: 1100 | avg score: -35.3 | learning_steps: 409
episode: 1200 | avg score: -30.6 | learning_steps: 445
episode: 1300 | avg score: -29.0 | learning_steps: 480
episode: 1400 | avg score: -32.7 | learning_steps: 515
episode: 1500 | avg score: -25.9 | learning_steps: 550
episode: 1600 | avg score: -24.9 | learning_steps: 584
episode: 1700 | avg score: -20.3 | learning_steps: 617
episode: 1800 | avg score: -22.9 | learning_steps: 651
episode: 1900 | avg score: -22.4 | learning_steps: 684
episode: 2000 | avg score: -20.9 | learning_steps: 717
episode: 2100 | avg score: -16.2 | learning_steps: 749
episode: 2200 | avg score: -14.7 | learning_steps: 781
episode: 2300 | avg score: -17.2 | learning_steps: 813
episode: 2400 | avg score: -13.7 | learning_steps: 844
episode: 2500 | avg score: -19.8 | learning_steps: 877
episode: 2600 | avg score: -20.5 | learning_steps: 911
episode: 2700 | avg score: -10.6 | learning_steps: 941
episode: 2800 | avg score: -9.5 | learning_steps: 970
episode: 2900 | avg score: -22.0 | learning_steps: 1003
episode: 3000 | avg score: -22.0 | learning_steps: 1036
episode: 3100 | avg score: -14.6 | learning_steps: 1067
episode: 3200 | avg score: -19.6 | learning_steps: 1099
episode: 3300 | avg score: -11.1 | learning_steps: 1129
episode: 3400 | avg score: -16.1 | learning_steps: 1161
episode: 3500 | avg score: -14.6 | learning_steps: 1193
episode: 3600 | avg score: -17.7 | learning_steps: 1225
episode: 3700 | avg score: -9.2 | learning_steps: 1256
episode: 3800 | avg score: -6.0 | learning_steps: 1285
episode: 3900 | avg score: -0.9 | learning_steps: 1313
episode: 4000 | avg score: 2.6 | learning_steps: 1340
episode: 4100 | avg score: 14.8 | learning_steps: 1364
episode: 4200 | avg score: 3.6 | learning_steps: 1390
episode: 4300 | avg score: 9.7 | learning_steps: 1415
episode: 4400 | avg score: 8.4 | learning_steps: 1441
episode: 4500 | avg score: 9.8 | learning_steps: 1467
episode: 4600 | avg score: 16.4 | learning_steps: 1491
episode: 4700 | avg score: 11.2 | learning_steps: 1515
episode: 4800 | avg score: 24.7 | learning_steps: 1537
episode: 4900 | avg score: 22.4 | learning_steps: 1559
episode: 5000 | avg score: 29.5 | learning_steps: 1578
episode: 5100 | avg score: 25.7 | learning_steps: 1599
episode: 5200 | avg score: 32.9 | learning_steps: 1617
episode: 5300 | avg score: 29.5 | learning_steps: 1638
episode: 5400 | avg score: 33.1 | learning_steps: 1656
episode: 5500 | avg score: 25.5 | learning_steps: 1677
episode: 5600 | avg score: 29.4 | learning_steps: 1696
episode: 5700 | avg score: 29.5 | learning_steps: 1716
episode: 5800 | avg score: 34.0 | learning_steps: 1734
episode: 5900 | avg score: 38.7 | learning_steps: 1751
episode: 6000 | avg score: 31.8 | learning_steps: 1770
episode: 6100 | avg score: 34.7 | learning_steps: 1788
episode: 6200 | avg score: 32.9 | learning_steps: 1807
episode: 6300 | avg score: 28.6 | learning_steps: 1827
episode: 6400 | avg score: 36.1 | learning_steps: 1844
episode: 6500 | avg score: 26.9 | learning_steps: 1866
episode: 6600 | avg score: 40.2 | learning_steps: 1883
episode: 6700 | avg score: 37.8 | learning_steps: 1902
episode: 6800 | avg score: 41.0 | learning_steps: 1919
episode: 6900 | avg score: 38.2 | learning_steps: 1937
episode: 7000 | avg score: 39.6 | learning_steps: 1955
episode: 7100 | avg score: 32.5 | learning_steps: 1974
episode: 7200 | avg score: 33.3 | learning_steps: 1992
episode: 7300 | avg score: 32.7 | learning_steps: 2011
episode: 7400 | avg score: 41.3 | learning_steps: 2028
episode: 7500 | avg score: 29.9 | learning_steps: 2047
episode: 7600 | avg score: 32.8 | learning_steps: 2066
episode: 7700 | avg score: 32.4 | learning_steps: 2086
episode: 7800 | avg score: 39.6 | learning_steps: 2102
episode: 7900 | avg score: 33.9 | learning_steps: 2121
episode: 8000 | avg score: 40.5 | learning_steps: 2138
episode: 8100 | avg score: 27.9 | learning_steps: 2158
episode: 8200 | avg score: 33.3 | learning_steps: 2177
episode: 8300 | avg score: 39.2 | learning_steps: 2195
episode: 8400 | avg score: 36.2 | learning_steps: 2213
episode: 8500 | avg score: 41.8 | learning_steps: 2230
episode: 8600 | avg score: 30.9 | learning_steps: 2250
episode: 8700 | avg score: 37.9 | learning_steps: 2268
episode: 8800 | avg score: 42.9 | learning_steps: 2285
episode: 8900 | avg score: 41.9 | learning_steps: 2301
episode: 9000 | avg score: 33.7 | learning_steps: 2320
episode: 9100 | avg score: 43.2 | learning_steps: 2337
episode: 9200 | avg score: 41.2 | learning_steps: 2355
episode: 9300 | avg score: 38.2 | learning_steps: 2373
episode: 9400 | avg score: 39.5 | learning_steps: 2391
episode: 9500 | avg score: 41.5 | learning_steps: 2408
episode: 9600 | avg score: 34.9 | learning_steps: 2427
episode: 9700 | avg score: 38.8 | learning_steps: 2445
episode: 9800 | avg score: 43.7 | learning_steps: 2463
episode: 9900 | avg score: 37.2 | learning_steps: 2481
episode: 10000 | avg score: 41.2 | learning_steps: 2497
episode: 10100 | avg score: 34.5 | learning_steps: 2515
episode: 10200 | avg score: 43.3 | learning_steps: 2531
episode: 10300 | avg score: 41.6 | learning_steps: 2547
episode: 10400 | avg score: 41.7 | learning_steps: 2563
episode: 10500 | avg score: 45.2 | learning_steps: 2578
episode: 10600 | avg score: 39.8 | learning_steps: 2595
episode: 10700 | avg score: 40.1 | learning_steps: 2611
episode: 10800 | avg score: 36.3 | learning_steps: 2629
episode: 10900 | avg score: 42.3 | learning_steps: 2645
episode: 11000 | avg score: 42.5 | learning_steps: 2661
episode: 11100 | avg score: 43.6 | learning_steps: 2677
episode: 11200 | avg score: 47.4 | learning_steps: 2692
episode: 11300 | avg score: 41.5 | learning_steps: 2708
episode: 11400 | avg score: 41.4 | learning_steps: 2725
episode: 11500 | avg score: 51.5 | learning_steps: 2740
episode: 11600 | avg score: 48.8 | learning_steps: 2755
episode: 11700 | avg score: 45.1 | learning_steps: 2770
episode: 11800 | avg score: 38.1 | learning_steps: 2787
episode: 11900 | avg score: 44.0 | learning_steps: 2802
episode: 12000 | avg score: 47.4 | learning_steps: 2817
episode: 12100 | avg score: 43.4 | learning_steps: 2833
episode: 12200 | avg score: 40.1 | learning_steps: 2851
episode: 12300 | avg score: 36.9 | learning_steps: 2868
episode: 12400 | avg score: 41.1 | learning_steps: 2885
episode: 12500 | avg score: 38.5 | learning_steps: 2902
episode: 12600 | avg score: 42.6 | learning_steps: 2918
episode: 12700 | avg score: 47.0 | learning_steps: 2933
episode: 12800 | avg score: 49.9 | learning_steps: 2947
episode: 12900 | avg score: 52.1 | learning_steps: 2961
episode: 13000 | avg score: 46.9 | learning_steps: 2976
episode: 13100 | avg score: 47.9 | learning_steps: 2991
episode: 13200 | avg score: 46.4 | learning_steps: 3006
episode: 13300 | avg score: 42.2 | learning_steps: 3022
episode: 13400 | avg score: 51.0 | learning_steps: 3036
episode: 13500 | avg score: 40.8 | learning_steps: 3052
episode: 13600 | avg score: 45.3 | learning_steps: 3067
episode: 13700 | avg score: 42.9 | learning_steps: 3082
episode: 13800 | avg score: 50.3 | learning_steps: 3096
episode: 13900 | avg score: 41.9 | learning_steps: 3111
episode: 14000 | avg score: 42.3 | learning_steps: 3127
episode: 14100 | avg score: 44.3 | learning_steps: 3143
episode: 14200 | avg score: 45.7 | learning_steps: 3158
episode: 14300 | avg score: 36.2 | learning_steps: 3175
episode: 14400 | avg score: 40.7 | learning_steps: 3191
episode: 14500 | avg score: 36.8 | learning_steps: 3208
episode: 14600 | avg score: 45.9 | learning_steps: 3222
episode: 14700 | avg score: 40.1 | learning_steps: 3238
episode: 14800 | avg score: 42.8 | learning_steps: 3254
episode: 14900 | avg score: 48.9 | learning_steps: 3269
episode: 15000 | avg score: 44.7 | learning_steps: 3285
episode: 15100 | avg score: 38.3 | learning_steps: 3302
episode: 15200 | avg score: 39.1 | learning_steps: 3318
episode: 15300 | avg score: 35.9 | learning_steps: 3335
episode: 15400 | avg score: 33.0 | learning_steps: 3353
episode: 15500 | avg score: 39.0 | learning_steps: 3369
episode: 15600 | avg score: 39.9 | learning_steps: 3386
episode: 15700 | avg score: 37.9 | learning_steps: 3403
episode: 15800 | avg score: 38.5 | learning_steps: 3421
episode: 15900 | avg score: 43.6 | learning_steps: 3437
episode: 16000 | avg score: 42.7 | learning_steps: 3453
episode: 16100 | avg score: 41.8 | learning_steps: 3469
episode: 16200 | avg score: 43.9 | learning_steps: 3484
episode: 16300 | avg score: 48.7 | learning_steps: 3499
episode: 16400 | avg score: 43.6 | learning_steps: 3515
episode: 16500 | avg score: 37.2 | learning_steps: 3532
episode: 16600 | avg score: 35.3 | learning_steps: 3549
episode: 16700 | avg score: 33.3 | learning_steps: 3567
episode: 16800 | avg score: 35.3 | learning_steps: 3584
episode: 16900 | avg score: 39.7 | learning_steps: 3600
episode: 17000 | avg score: 39.6 | learning_steps: 3616
episode: 17100 | avg score: 39.8 | learning_steps: 3632
episode: 17200 | avg score: 27.8 | learning_steps: 3651
episode: 17300 | avg score: 42.9 | learning_steps: 3666
episode: 17400 | avg score: 45.4 | learning_steps: 3681
episode: 17500 | avg score: 42.5 | learning_steps: 3696
slurmstepd: error: *** JOB 22781 ON studgpu-node01 CANCELLED AT 2024-06-24T20:03:24 ***
