Running on host: studgpu-node01.inf.ethz.ch
In directory: /cluster/courses/3dv/data/team-25/decentralized_marl/ppo_algorithm
Starting on: Mon Jun 24 20:03:34 CEST 2024
SLURM_JOB_ID: 22783
using cuda
episode: 0 | avg score: -50.0 | learning_steps: 0
episode: 100 | avg score: -32.5 | learning_steps: 39
episode: 200 | avg score: -27.5 | learning_steps: 78
episode: 300 | avg score: -26.8 | learning_steps: 117
episode: 400 | avg score: -29.3 | learning_steps: 155
episode: 500 | avg score: -24.7 | learning_steps: 194
episode: 600 | avg score: -24.2 | learning_steps: 233
episode: 700 | avg score: -20.4 | learning_steps: 272
episode: 800 | avg score: -18.7 | learning_steps: 310
episode: 900 | avg score: -22.3 | learning_steps: 349
episode: 1000 | avg score: -22.3 | learning_steps: 388
episode: 1100 | avg score: -19.9 | learning_steps: 426
episode: 1200 | avg score: -18.9 | learning_steps: 465
episode: 1300 | avg score: -21.1 | learning_steps: 503
episode: 1400 | avg score: -21.2 | learning_steps: 542
episode: 1500 | avg score: -19.5 | learning_steps: 580
episode: 1600 | avg score: -12.6 | learning_steps: 618
episode: 1700 | avg score: -7.9 | learning_steps: 656
episode: 1800 | avg score: -19.1 | learning_steps: 694
episode: 1900 | avg score: -20.4 | learning_steps: 733
episode: 2000 | avg score: -12.8 | learning_steps: 770
episode: 2100 | avg score: -9.5 | learning_steps: 808
episode: 2200 | avg score: 2.2 | learning_steps: 844
episode: 2300 | avg score: -2.1 | learning_steps: 881
episode: 2400 | avg score: 3.1 | learning_steps: 916
episode: 2500 | avg score: 4.2 | learning_steps: 953
episode: 2600 | avg score: -3.0 | learning_steps: 990
episode: 2700 | avg score: -5.7 | learning_steps: 1027
episode: 2800 | avg score: 5.3 | learning_steps: 1062
episode: 2900 | avg score: 17.3 | learning_steps: 1097
episode: 3000 | avg score: 21.4 | learning_steps: 1129
episode: 3100 | avg score: 15.1 | learning_steps: 1163
episode: 3200 | avg score: 12.5 | learning_steps: 1198
episode: 3300 | avg score: 13.9 | learning_steps: 1233
episode: 3400 | avg score: 16.6 | learning_steps: 1266
episode: 3500 | avg score: 26.4 | learning_steps: 1299
episode: 3600 | avg score: 20.7 | learning_steps: 1332
episode: 3700 | avg score: 26.6 | learning_steps: 1364
episode: 3800 | avg score: 12.9 | learning_steps: 1399
episode: 3900 | avg score: 19.5 | learning_steps: 1432
episode: 4000 | avg score: 22.3 | learning_steps: 1464
episode: 4100 | avg score: 30.1 | learning_steps: 1495
episode: 4200 | avg score: 33.5 | learning_steps: 1526
episode: 4300 | avg score: 35.4 | learning_steps: 1556
episode: 4400 | avg score: 30.2 | learning_steps: 1587
episode: 4500 | avg score: 44.3 | learning_steps: 1615
episode: 4600 | avg score: 39.2 | learning_steps: 1644
episode: 4700 | avg score: 34.7 | learning_steps: 1673
episode: 4800 | avg score: 35.8 | learning_steps: 1702
episode: 4900 | avg score: 40.7 | learning_steps: 1730
episode: 5000 | avg score: 41.0 | learning_steps: 1758
episode: 5100 | avg score: 47.4 | learning_steps: 1785
episode: 5200 | avg score: 42.6 | learning_steps: 1815
episode: 5300 | avg score: 30.7 | learning_steps: 1844
episode: 5400 | avg score: 38.5 | learning_steps: 1874
episode: 5500 | avg score: 38.0 | learning_steps: 1904
episode: 5600 | avg score: 57.6 | learning_steps: 1930
episode: 5700 | avg score: 53.1 | learning_steps: 1957
episode: 5800 | avg score: 56.5 | learning_steps: 1984
episode: 5900 | avg score: 53.8 | learning_steps: 2010
episode: 6000 | avg score: 67.0 | learning_steps: 2034
episode: 6100 | avg score: 57.0 | learning_steps: 2060
episode: 6200 | avg score: 49.2 | learning_steps: 2088
episode: 6300 | avg score: 52.2 | learning_steps: 2114
episode: 6400 | avg score: 61.8 | learning_steps: 2139
episode: 6500 | avg score: 51.2 | learning_steps: 2166
episode: 6600 | avg score: 60.9 | learning_steps: 2190
episode: 6700 | avg score: 53.3 | learning_steps: 2216
episode: 6800 | avg score: 57.1 | learning_steps: 2242
episode: 6900 | avg score: 58.7 | learning_steps: 2267
episode: 7000 | avg score: 65.7 | learning_steps: 2292
episode: 7100 | avg score: 52.3 | learning_steps: 2319
episode: 7200 | avg score: 62.1 | learning_steps: 2344
episode: 7300 | avg score: 65.6 | learning_steps: 2369
episode: 7400 | avg score: 51.2 | learning_steps: 2397
episode: 7500 | avg score: 63.6 | learning_steps: 2422
episode: 7600 | avg score: 45.3 | learning_steps: 2451
episode: 7700 | avg score: 68.3 | learning_steps: 2477
episode: 7800 | avg score: 59.9 | learning_steps: 2502
episode: 7900 | avg score: 62.3 | learning_steps: 2528
episode: 8000 | avg score: 52.6 | learning_steps: 2555
episode: 8100 | avg score: 59.3 | learning_steps: 2581
episode: 8200 | avg score: 48.9 | learning_steps: 2608
episode: 8300 | avg score: 60.6 | learning_steps: 2632
episode: 8400 | avg score: 49.1 | learning_steps: 2659
episode: 8500 | avg score: 54.7 | learning_steps: 2686
episode: 8600 | avg score: 54.6 | learning_steps: 2711
episode: 8700 | avg score: 60.6 | learning_steps: 2736
episode: 8800 | avg score: 55.8 | learning_steps: 2762
episode: 8900 | avg score: 60.2 | learning_steps: 2788
episode: 9000 | avg score: 56.8 | learning_steps: 2814
episode: 9100 | avg score: 54.2 | learning_steps: 2841
episode: 9200 | avg score: 60.9 | learning_steps: 2866
episode: 9300 | avg score: 67.2 | learning_steps: 2891
episode: 9400 | avg score: 71.5 | learning_steps: 2915
episode: 9500 | avg score: 63.2 | learning_steps: 2938
episode: 9600 | avg score: 49.1 | learning_steps: 2965
episode: 9700 | avg score: 56.5 | learning_steps: 2990
episode: 9800 | avg score: 65.0 | learning_steps: 3014
episode: 9900 | avg score: 54.4 | learning_steps: 3041
episode: 10000 | avg score: 54.7 | learning_steps: 3068
episode: 10100 | avg score: 60.6 | learning_steps: 3093
episode: 10200 | avg score: 63.6 | learning_steps: 3117
episode: 10300 | avg score: 66.3 | learning_steps: 3141
episode: 10400 | avg score: 61.0 | learning_steps: 3165
episode: 10500 | avg score: 53.5 | learning_steps: 3191
episode: 10600 | avg score: 58.0 | learning_steps: 3216
episode: 10700 | avg score: 69.9 | learning_steps: 3238
episode: 10800 | avg score: 62.4 | learning_steps: 3263
episode: 10900 | avg score: 72.0 | learning_steps: 3285
episode: 11000 | avg score: 72.4 | learning_steps: 3309
episode: 11100 | avg score: 76.6 | learning_steps: 3331
episode: 11200 | avg score: 66.6 | learning_steps: 3356
episode: 11300 | avg score: 63.3 | learning_steps: 3381
episode: 11400 | avg score: 72.4 | learning_steps: 3405
episode: 11500 | avg score: 66.2 | learning_steps: 3429
episode: 11600 | avg score: 69.6 | learning_steps: 3452
slurmstepd: error: *** STEP 22783.0 ON studgpu-node01 CANCELLED AT 2024-06-24T20:31:00 ***
slurmstepd: error: *** JOB 22783 ON studgpu-node01 CANCELLED AT 2024-06-24T20:31:00 ***
