Running on host: studgpu-node01.inf.ethz.ch
In directory: /cluster/courses/3dv/data/team-25/decentralized_marl/ppo_algorithm
Starting on: Tue Jun 25 13:44:35 CEST 2024
SLURM_JOB_ID: 22869
using cuda
2
episode: 0 | avg score: -6.0 | learning_steps: 0
5
9
11
13
16
20
22
25
28
30
32
34
36
39
41
44
46
48
50
53
55
57
60
64
67
69
71
73
75
78
82
84
86
89
91
94
96
98
100
103
105
108
110
112
115
118
120
123
129
132
134
137
140
143
146
150
152
154
157
162
165
167
169
171
174
178
182
184
187
189
192
194
196
200
202
204
208
211
213
215
218
221
223
225
228
230
232
235
238
241
245
248
251
253
256
258
261
263
266
268
episode: 100 | avg score: -4.3 | learning_steps: 2
271
273
275
277
279
283
287
290
292
295
297
300
302
306
310
312
315
318
321
324
327
330
332
334
336
339
342
345
347
352
354
356
359
361
363
366
370
373
375
379
383
386
388
391
393
396
399
402
405
409
411
414
420
423
426
428
433
436
438
439
441
444
447
450
452
454
458
460
463
466
468
470
478
481
483
486
489
493
496
498
499
501
504
511
514
516
518
520
523
526
530
533
535
537
540
542
544
548
555
556
episode: 200 | avg score: -4.4 | learning_steps: 4
558
562
564
567
570
573
575
578
580
583
585
588
590
592
594
598
600
603
605
607
609
612
615
617
619
622
624
628
631
634
637
639
642
645
648
650
652
655
658
662
665
667
669
671
673
675
678
681
683
685
687
689
692
694
698
702
705
708
711
713
715
719
722
725
729
733
740
743
747
751
754
756
759
762
765
769
771
774
777
779
782
786
788
790
793
795
797
799
802
804
810
813
816
818
820
823
826
828
831
833
episode: 300 | avg score: -4.7 | learning_steps: 6
837
840
843
846
849
853
856
858
862
864
868
871
874
875
878
880
883
885
887
890
893
896
899
902
905
908
912
916
919
923
927
930
932
935
938
940
943
945
948
950
953
955
958
961
963
965
967
970
972
975
977
979
982
984
987
989
992
996
999
1002
1005
1007
1010
1012
1015
1018
1020
1023
1026
1028
1032
1034
1038
1040
1044
1045
1047
1049
1051
1055
1057
1059
1060
1062
1066
1070
1072
1074
1076
1078
1080
1083
1085
1087
1091
1095
1097
1099
1102
1105
episode: 400 | avg score: -4.6 | learning_steps: 8
1107
1111
1114
1116
1119
1122
1125
1127
1129
1131
1133
1135
1137
1139
1141
1144
1146
1148
1150
1152
1156
1158
1160
1161
1165
1167
1169
1172
1174
1178
1180
1183
1187
1189
1191
1193
1198
1200
1204
1209
1212
1215
1217
1219
1222
1224
1226
1230
1233
1236
1238
1240
1243
1246
1250
1253
1255
1259
1262
1266
1269
1273
1276
1278
1280
1282
1284
1286
1288
1289
1292
1294
1298
1301
1304
1307
1309
1313
1316
1319
1324
1328
1330
1333
1336
1339
1341
1343
1347
1349
1351
1355
1357
1360
1362
1366
1368
1371
1373
1375
episode: 500 | avg score: -5.0 | learning_steps: 10
1379
1384
1387
1390
1393
1395
1398
1400
1403
1405
1407
1410
1412
1416
1419
1423
1426
1430
1433
1436
1439
1443
1447
1450
1453
1456
1459
1462
1464
1466
1470
1473
1477
1479
1482
1485
1488
1491
1493
1496
1500
1504
1507
1512
1516
1520
1523
1525
1527
1529
1532
1536
1539
1543
1545
1549
1551
1558
1561
1565
1569
1572
1574
1577
1580
1583
1586
1589
1592
1594
1596
1599
1602
1605
1608
1610
1613
1616
1619
1622
1624
1626
1629
1632
1635
1637
1640
1643
1646
1650
1654
1656
1660
1662
1664
1667
1669
1675
1678
1682
episode: 600 | avg score: -4.5 | learning_steps: 13
1684
1685
1687
1689
1691
1693
1696
1699
1703
1706
1709
1714
1717
1721
1725
1728
1730
1733
1736
1738
1742
1744
1746
1749
1751
1755
1758
1761
1764
1766
1770
1773
1775
1778
1781
1783
1785
1788
1790
1793
1796
1798
1801
1805
1809
1813
1816
1817
1818
1820
1824
1827
1830
1832
1835
1838
1840
1843
1845
1847
1849
1851
1853
1855
1858
1860
1862
1865
1867
1871
1873
1877
1880
1884
1886
1892
1895
1899
1901
1902
1904
1907
1910
1913
1916
1919
1922
1923
1926
1928
1930
1933
1936
1938
1940
1942
1945
1947
1950
1953
episode: 700 | avg score: -4.4 | learning_steps: 15
1955
1957
1959
1962
1965
1968
1970
1972
1974
1977
1979
1982
1986
1989
1991
1993
1995
1998
2000
2004
2006
2010
2012
2014
2017
2019
2021
2023
2025
2027
2030
2033
2036
2038
2042
2044
2048
2050
2053
2057
2059
2063
2065
2067
2072
2074
2077
2079
2082
2087
2090
2093
2096
2099
2100
2102
2105
2108
2110
2112
2116
2119
2121
2123
2125
2129
2132
2134
2136
2140
2142
2144
2147
2150
2152
2154
2158
2161
2163
2166
2169
2171
2174
2177
2179
2182
2184
2187
2190
2193
2196
2199
2202
2204
2208
2211
2215
2217
2220
2223
episode: 800 | avg score: -5.0 | learning_steps: 17
2226
2228
2230
2235
2239
2241
2243
2246
2249
2251
2253
2255
2258
2260
2264
2267
2270
2273
2275
2278
2281
2284
2286
2289
2290
2292
2295
2297
2299
2301
2304
2306
2309
2311
2314
2316
2319
2322
2326
2329
2332
2336
2339
2342
2345
2346
2349
2351
2353
2355
2356
2358
2361
2364
2367
2369
2372
2374
2377
2381
2384
2386
2388
2391
2394
2397
2399
2403
2407
2409
2411
2414
2417
2419
2422
2424
2427
2430
2432
2435
2439
2442
2444
2447
2450
2453
2455
2457
2459
2462
2464
2467
2469
2471
2473
2476
2478
2480
2482
2485
episode: 900 | avg score: -4.8 | learning_steps: 19
2486
2488
2489
2493
2495
2498
2500
2503
2506
2509
2511
2514
2517
2520
2523
2525
2527
2531
2534
2536
2540
2542
2544
2548
2551
2554
2558
2560
2563
2566
2569
2572
2574
2577
2579
2583
2585
2587
2589
2592
2594
2597
2600
2602
2605
2607
2610
2612
2615
2617
2619
2621
2623
2624
2627
2630
2634
2637
2641
2645
2649
2651
2653
2656
2658
2662
2664
2667
2670
2673
2675
2677
2681
2682
2686
2689
2691
2695
2697
2698
2700
2702
2704
2708
2710
2712
2715
2717
2719
2721
2725
2728
2730
2734
2737
2740
2744
2748
2750
2752
episode: 1000 | avg score: -4.1 | learning_steps: 21
2754
2757
2759
2761
2763
2767
2770
2774
2776
2778
2782
2785
2788
2790
2793
2795
2798
2801
2803
2806
2808
2811
2815
2818
2821
2823
2825
2828
2830
2833
2835
2838
2840
2843
2847
2850
2854
2857
2858
2860
2864
2867
2870
2874
2877
2881
2884
2887
2889
2891
2894
2898
2900
2902
2905
2909
2911
2913
2916
2919
2922
2926
2929
2931
2933
2937
2940
2943
2946
2948
2951
2953
2956
2959
2961
2963
2968
2970
2973
2975
2978
2981
2984
2987
2989
2992
2996
2999
3002
3004
3006
3008
3010
3012
3015
3017
3020
3022
3024
3028
episode: 1100 | avg score: -4.5 | learning_steps: 23
3029
3033
3035
3037
3039
3042
3044
3046
3049
3051
3054
3057
3060
3062
3065
3067
3069
3072
3075
3077
3080
3082
3084
3088
3090
3093
3098
3100
3103
3105
3108
3111
3113
3115
3117
3121
3123
3126
3128
3130
3133
3136
3138
3142
3144
3147
3150
3153
3156
3159
3162
3166
3169
3173
3177
3182
3185
3188
3191
3194
3197
3200
3203
3205
3207
3209
3212
3214
3216
3220
3222
3225
3229
3232
3235
3238
3241
3244
3246
3249
3252
3255
3258
3260
3262
3265
3267
3271
3275
3278
3281
3283
3285
3287
3290
3294
3297
3300
3302
3304
episode: 1200 | avg score: -5.1 | learning_steps: 25
3306
3309
3312
3314
3316
3319
3322
3324
3327
3331
3334
3336
3338
3343
3347
3349
3351
3354
3356
3359
3361
3364
3366
3371
3374
3377
3380
3383
3387
3389
3392
3395
3397
3399
3401
3404
3407
3410
3413
3415
3418
3421
3423
3425
3428
3430
3432
3434
3437
3440
3442
3445
3447
3451
3453
3455
3458
3462
3464
3466
3469
3472
3475
3477
3480
3482
3484
3486
3490
3493
3496
3499
3502
3505
3507
3510
3513
3515
3517
3520
3523
3526
3528
3531
3535
3538
3541
3543
3546
3548
3550
3552
3555
3558
3564
3567
3569
3572
3574
3577
episode: 1300 | avg score: -5.1 | learning_steps: 27
3579
3582
3585
3587
3590
3592
3594
3596
3598
3602
3604
3606
3609
3612
3616
3619
3622
3626
3628
3631
3633
3635
3636
3638
3641
3644
3647
3649
3651
3653
3655
3657
3660
3663
3667
3670
3672
3674
3677
3679
3682
3685
3688
3691
3693
3695
3697
3699
3702
3705
3707
3710
3712
3717
3719
3721
3723
3727
3728
3731
3733
3735
3738
3740
3743
3747
3750
3752
3755
3758
3761
3763
3767
3769
3772
3775
3778
3781
3784
3787
3790
3792
3794
3798
3800
3803
3805
3808
3811
3813
3815
3820
3823
3826
3828
3830
3832
3834
3836
3839
episode: 1400 | avg score: -3.8 | learning_steps: 30
3841
3843
3845
3847
3850
3854
3856
3858
3861
3864
3866
3868
3871
3874
3877
3880
3884
3888
3891
3893
3899
3901
3904
3907
3909
3912
3914
3917
3919
3921
3924
3927
3929
3931
3934
3938
3941
3944
3947
3950
3953
3955
3958
3960
3963
3966
3970
3973
3975
3977
3979
3982
3984
3986
3988
3991
3993
3997
4000
4002
4003
4005
4009
4012
4014
4017
4020
4022
4025
4028
4031
4033
4037
4041
4043
4047
4050
4052
4055
4057
4059
4062
4064
4069
4070
4072
4075
4077
4080
4082
4084
4088
4090
4093
4095
4098
4101
4104
4106
4108
episode: 1500 | avg score: -4.2 | learning_steps: 32
4111
4113
4115
4118
4121
4123
4125
4128
4131
4133
4136
4138
4140
4142
4143
4144
4146
4148
4151
4154
4157
4161
4164
4167
4169
4172
4175
4178
4180
4183
4186
4188
4191
4193
4196
4198
4200
4203
4206
4208
4211
4213
4216
4219
4222
4224
4228
4231
4235
4237
4240
4242
4245
4247
4249
4251
4254
4256
4258
4260
4264
4266
4269
4272
4274
4276
4278
4279
4282
4286
4290
4295
4297
4300
4302
4305
4307
4308
4311
4313
4315
4318
4320
4322
4324
4326
4328
4330
4333
4335
4337
4339
4342
4345
4348
4350
4352
4354
4357
4359
episode: 1600 | avg score: -4.4 | learning_steps: 34
4362
4364
4367
4370
4372
4374
4377
4379
4382
4384
4387
4391
4395
4398
4400
4404
4407
4409
4413
4416
4419
4422
4424
4426
4429
4432
4435
4438
4442
4445
4447
4450
4453
4455
4459
4461
4463
4465
4468
4470
4472
4476
4480
4484
4487
4489
4493
4496
4499
4502
4505
4507
4511
4513
4515
4517
4519
4522
4526
4529
4532
4535
4537
4540
4542
4545
4547
4549
4552
4555
4558
4560
4563
4565
4569
4573
4576
4579
4581
4584
4588
4592
4595
4597
4599
4603
4606
4608
4615
4617
4618
4621
4625
4628
4631
4633
4636
4639
4642
4644
episode: 1700 | avg score: -4.9 | learning_steps: 36
4646
4650
4653
4656
4659
4661
4664
4667
4670
4673
4675
4677
4680
4685
4689
4692
4694
4697
4699
4701
4703
4706
4709
4713
4716
4720
4722
4724
4727
4729
4732
4737
4739
4742
4745
4755
4758
4761
4763
4765
4768
4771
4775
4778
4780
4783
4786
4788
4791
4794
4797
4800
4803
4806
4808
4813
4816
4819
4822
4826
4829
4833
4836
4839
4842
4846
4848
4852
4853
4856
4859
4862
4864
4867
4870
4873
4875
4876
4878
4881
4884
4887
4889
4895
4897
4899
4902
4903
4905
4907
4909
4911
4914
4918
4922
4925
4928
4934
4937
4940
episode: 1800 | avg score: -5.7 | learning_steps: 38
4942
4944
4946
4949
4951
4954
4957
4961
4963
4966
4968
4970
4973
4975
4978
4980
4983
4988
4990
4994
4997
5000
5002
5005
5009
5012
5014
5017
5019
5021
5025
5027
5031
5034
5037
5040
5042
5044
5045
5048
5050
5052
5054
5058
5061
5064
5066
5068
5071
5074
5076
5080
5083
5087
5089
5093
5095
5098
5101
5104
5107
5110
5113
5115
5118
5121
5123
5125
5128
5131
5135
5138
5141
5144
5146
5149
5153
5156
5160
5162
5165
5166
5169
5171
5175
5177
5180
5183
5185
5189
5192
5195
5198
5200
5202
5205
5209
5212
5216
5219
episode: 1900 | avg score: -5.2 | learning_steps: 40
5222
5225
5228
5230
5233
5237
5241
5243
5246
5249
5251
5253
5257
5259
5260
5263
5265
5268
5271
5275
5278
5280
5283
5286
5289
5292
5294
5299
5302
5304
5306
5309
5311
5313
5316
5319
5321
5323
5326
5330
5332
5335
5338
5341
5343
5345
5346
5349
5351
5358
5360
5363
5365
5368
5370
5372
5374
5377
5380
5383
5385
5388
5390
5392
5394
5396
5398
5401
5404
5407
5409
5412
5416
5419
5421
5424
5427
5430
5432
5435
5437
5439
5442
5445
5447
5449
5451
5454
5456
5460
5462
5464
5467
5469
5472
5475
5478
5481
5484
5486
episode: 2000 | avg score: -4.3 | learning_steps: 42
5491
5494
5497
5500
5503
5507
5511
5514
5516
5519
5521
5524
5527
5529
5533
5535
5537
5540
5543
5545
5549
5551
5553
5555
5558
5560
5563
5566
5568
5570
5573
5575
5578
5580
5583
5587
5591
5595
5598
5600
5604
5606
5608
5611
5614
5617
5621
5624
5627
5630
5633
5636
5639
5643
5646
5649
5653
5655
5659
5661
5664
5668
5671
5674
5677
5680
5682
5685
5687
5689
5692
5695
5697
5700
5703
5705
5709
5712
5714
5717
5720
5722
5726
5728
5732
5734
5736
5738
5740
5743
5747
5751
5754
5758
5760
5763
5765
5767
5770
5773
episode: 2100 | avg score: -5.1 | learning_steps: 45
5775
5778
5781
5783
5786
5790
5793
5796
5799
5801
5804
5806
5810
5812
5815
5818
5822
5824
5827
5829
5832
5836
5839
5843
5846
5850
5853
5856
5864
5866
5870
5872
5876
5879
5882
5887
5890
5892
5894
5897
5899
5902
5904
5906
5909
5911
5913
5915
5917
5920
5922
5925
5927
5929
5932
5935
5937
5940
5942
5946
5949
5952
5955
5959
5963
5966
5968
5970
5973
5975
5977
5979
5982
5985
5988
5990
5992
5996
6002
6006
6009
6012
6015
6017
6020
6022
6024
6027
6029
6031
6034
6037
6039
6041
6048
6051
6053
6054
6057
6060
episode: 2200 | avg score: -5.3 | learning_steps: 47
6064
6067
6069
6071
6073
6077
6080
6082
6085
6087
6089
6091
6094
6098
6100
6103
6107
6110
6112
6114
6117
6120
6123
6126
6130
6132
6134
6137
6139
6141
6143
6145
6147
6149
6152
6154
6158
6160
6162
6165
6168
6170
6173
6175
6178
6180
6182
6184
6186
6188
6191
6194
6198
6200
6203
6205
6208
6212
6215
6218
6221
6225
6228
6230
6234
6237
6239
6241
6244
6247
6249
6252
6255
6257
6261
6263
6266
6270
6273
6275
6277
6279
6282
6284
6288
6290
6292
6295
6298
6301
6303
6306
6308
6311
6313
6316
6319
6321
6323
6325
episode: 2300 | avg score: -4.5 | learning_steps: 49
6327
6330
6333
6337
6340
6342
6344
6347
6350
6352
6355
6357
6360
6364
6369
6371
6375
6379
6382
6385
6387
6390
6392
6395
6401
6404
6406
6407
6409
6411
6413
6415
6417
6419
6422
6426
6429
6432
6436
6438
6440
6443
6447
6451
6454
6456
6460
6462
6464
6466
6469
6473
6478
6481
6484
6486
6488
6490
6492
6495
6499
6502
6505
6508
6511
6513
6516
6518
6520
6522
6524
6527
6530
6532
6536
6538
6540
6542
6544
6546
6550
6553
6555
6558
6560
6563
6566
6569
6572
6574
6577
6579
6581
6583
6585
6588
6590
6597
6600
6608
episode: 2400 | avg score: -4.3 | learning_steps: 51
6611
6614
6619
6623
6626
6628
6630
6633
6637
6639
6640
6643
6646
6650
6653
6655
6657
6660
6662
6664
6668
6671
6673
6675
6677
6680
6682
6686
6688
6689
6691
6693
6695
6699
6702
6706
6708
6710
6713
6715
6719
6722
6724
6728
6729
6731
6733
6735
6738
6740
6742
6745
6749
6750
6754
6756
6758
6760
6763
6765
6768
6770
6772
6774
6777
6779
6782
6786
6789
6793
6795
6797
6800
6803
6805
6808
6810
6812
6815
6818
6820
6822
6825
6827
6829
6832
6834
6838
6841
6843
6845
6847
6850
6853
6856
6859
6862
6864
6867
6873
episode: 2500 | avg score: -4.5 | learning_steps: 53
6876
6879
6882
6884
6886
6890
6892
6894
6897
6900
6902
6905
6907
6911
6913
6916
6918
6920
6924
6928
6930
6936
6938
6941
6944
6946
6949
6951
6954
6957
6959
6961
6964
6966
6969
6972
6976
6978
6981
6983
6986
6988
6990
6992
6994
6997
7000
7002
7004
7007
7009
7011
7013
7016
7020
7022
7024
7028
7031
7034
7038
7041
7044
7047
7050
7052
7056
7060
7063
7065
7067
7069
7075
7077
7081
7083
7087
7090
7094
7097
7100
7103
7107
7109
7112
7115
7117
7119
7121
7123
7126
7129
7133
7135
7139
7141
7144
7146
7149
7151
episode: 2600 | avg score: -4.8 | learning_steps: 55
7153
7155
7157
7160
7163
7165
7167
7169
7172
7175
7177
7180
7182
7185
7188
7190
7193
7197
7200
7203
7205
7208
7210
7213
7216
7219
7222
7226
7229
7231
7233
7236
7239
7241
7244
7246
7249
7251
7254
7257
7258
7261
7265
7268
7270
7274
7276
7278
7280
7283
7286
7289
7292
7295
7300
7304
7307
7309
7312
7314
7317
7321
7325
7328
7330
7333
7336
7338
7339
7342
7344
7346
7348
7349
7351
7355
7357
7360
7363
7365
7368
7372
7374
7376
7378
7381
7384
7386
7389
7392
7394
7397
7399
7402
7406
7408
7410
7412
7414
7417
episode: 2700 | avg score: -4.3 | learning_steps: 57
7420
7422
7425
7428
7431
7435
7438
7441
7443
7446
7447
7450
7453
7456
7459
7462
7464
7467
7469
7471
7474
7477
7479
7481
7484
7486
7492
7496
7498
7502
7505
7508
7510
7514
7517
7519
7521
7523
7526
7528
7531
7535
7538
7541
7543
7545
7549
7551
7555
7558
7561
7564
7568
7570
7574
7576
7580
7583
7586
7589
7592
7594
7596
7599
7602
7605
7607
7610
7613
7615
7617
7619
7621
7623
7625
7627
7631
7634
7637
7640
7643
7645
7648
7651
7654
7655
7658
7663
7666
7669
7671
7673
7677
7680
7682
7685
7687
7690
7692
7696
episode: 2800 | avg score: -5.4 | learning_steps: 60
7697
7700
7702
7704
7706
7709
7711
7714
7718
7722
7725
7727
7730
7732
7734
7737
7739
7742
7747
7749
7751
7754
7756
7758
7761
7763
7766
7768
7771
7773
7776
7778
7780
7782
7785
7789
7792
7795
7797
7799
7803
7805
7808
7812
7815
7817
7819
7821
7826
7830
7833
7835
7838
7841
7844
7846
7848
7851
7854
7858
7861
7863
7865
7868
7871
7873
7876
7878
7880
7882
7885
7887
7890
7893
7896
7899
7901
7905
7908
7910
7913
7916
7919
7922
7924
7927
7930
7932
7934
7937
7939
7941
7944
7947
7950
7953
7955
7959
7962
7965
episode: 2900 | avg score: -5.2 | learning_steps: 62
7967
7969
7972
7975
7978
7979
7981
7985
7987
7990
7993
7996
7998
8000
8003
8006
8008
8010
8013
8016
8018
8021
8023
8026
8028
8030
8033
8035
8037
8039
8041
8044
8046
8048
8050
8052
8054
8057
8059
8062
8064
8067
8069
8071
8073
8076
8078
8082
8085
8087
8089
8092
8094
8097
8100
8103
8105
8110
8113
8118
8120
8122
8125
8128
8131
8134
8137
8140
8143
8145
8147
8149
8152
8155
8158
8162
8165
8168
8170
8172
8176
8178
8181
8183
8184
8188
8190
8192
8196
8199
8202
8204
8207
8209
8212
8214
8217
8220
8222
8224
episode: 3000 | avg score: -5.0 | learning_steps: 64
8228
8231
8233
8235
8237
8238
8240
8243
8246
8249
8251
8254
8257
8260
8263
8268
8271
8274
8277
8280
8283
8286
8290
8293
8295
8297
8300
8302
8305
8308
8310
8312
8316
8318
8320
8322
8325
8327
8329
8333
8335
8338
8340
8344
8347
8350
8352
8355
8357
8359
8369
8371
8374
8376
8379
8382
8386
8388
8390
8391
8393
8396
8399
8401
8404
8406
8409
8411
8414
8417
8419
8423
8426
8428
8432
8435
8438
8440
8443
8446
8448
8450
8454
8456
8458
8463
8467
8470
8472
8474
8476
8478
8483
8486
8489
8492
8494
8497
8500
8503
episode: 3100 | avg score: -5.0 | learning_steps: 66
8506
8509
8513
8515
8519
8523
8526
8529
8532
8535
8537
8539
8542
8545
8547
8549
8551
8554
8556
8558
8561
8564
8566
8570
8572
8574
8576
8578
8582
8585
8589
8592
8595
8598
8602
8605
8607
8609
8611
8613
8615
8617
8620
8622
8626
8629
8631
8635
8639
8645
8648
8650
8653
8656
8658
8660
8663
8666
8668
8670
8672
8674
8677
8679
8682
8685
8688
8690
8692
8694
8696
8699
8701
8703
8706
8709
8712
8715
8717
8720
8723
8726
8728
8730
8732
8735
8737
8744
8748
8750
8753
8756
8759
8762
8764
8767
8770
8772
8774
8776
episode: 3200 | avg score: -5.5 | learning_steps: 68
8779
8783
8786
8788
8790
8793
8796
8799
8801
8802
8804
8807
8809
8812
8815
8820
8823
8826
8827
8830
8832
8835
8837
8840
8844
8846
8848
8851
8853
8856
8858
8862
8864
8866
8869
8871
8874
8878
8880
8882
8885
8889
8892
8894
8897
8900
8903
8906
8909
8911
8914
8918
8919
8922
8925
8927
8930
8932
8933
8936
8938
8940
8942
8947
8950
8952
8955
8961
8963
8965
8968
8971
8974
8977
8980
8983
8986
8988
8991
8995
8998
9001
9003
9006
9008
9011
9014
9017
9020
9022
9025
9027
9030
9033
9036
9039
9041
9043
9045
9049
episode: 3300 | avg score: -2.3 | learning_steps: 70
9051
9055
9057
9060
9062
9065
9069
9071
9075
9078
9081
9084
9086
9090
9092
9096
9098
9100
9102
9105
9108
9111
9113
9115
9117
9119
9122
9126
9129
9132
9135
9138
9140
9142
9145
9147
9149
9151
9152
9154
9156
9158
9160
9164
9167
9170
9176
9179
9183
9185
9188
9190
9193
9196
9198
9200
9203
9206
9208
9210
9218
9221
9224
9226
9228
9230
9232
9235
9238
9241
9245
9247
9250
9252
9254
9257
9259
9262
9266
9269
9272
9274
9276
9279
9281
9284
9288
9290
9293
9296
9300
9302
9305
9308
9311
9314
9317
9321
9323
9326
episode: 3400 | avg score: -4.5 | learning_steps: 72
9329
9332
9339
9342
9345
9347
9350
9354
9356
9359
9361
9363
9366
9370
9373
9377
9380
9382
9384
9387
9390
9393
9397
9398
9400
9402
9403
9406
9409
9411
9414
9416
9419
9420
9422
9424
9426
9429
9432
9435
9437
9441
9443
slurmstepd: error: *** JOB 22869 ON studgpu-node01 CANCELLED AT 2024-06-25T13:45:18 ***
