Running on host: studgpu-node09.inf.ethz.ch
In directory: /cluster/courses/3dv/data/team-25/decentralized_marl/ppo_algorithm
Starting on: Mon Jun 24 14:49:41 CEST 2024
SLURM_JOB_ID: 22729
using cuda
episode: 0 | avg score: -40.0 | learning_steps: 0
episode: 100 | avg score: -41.5 | learning_steps: 37
episode: 200 | avg score: -41.5 | learning_steps: 75
episode: 300 | avg score: -42.2 | learning_steps: 113
episode: 400 | avg score: -43.2 | learning_steps: 150
episode: 500 | avg score: -42.2 | learning_steps: 188
episode: 600 | avg score: -45.5 | learning_steps: 226
episode: 700 | avg score: -41.9 | learning_steps: 263
episode: 800 | avg score: -43.0 | learning_steps: 301
episode: 900 | avg score: -42.0 | learning_steps: 339
episode: 1000 | avg score: -44.0 | learning_steps: 376
episode: 1100 | avg score: -44.7 | learning_steps: 414
episode: 1200 | avg score: -43.2 | learning_steps: 452
episode: 1300 | avg score: -38.9 | learning_steps: 489
episode: 1400 | avg score: -40.6 | learning_steps: 526
episode: 1500 | avg score: -41.7 | learning_steps: 564
episode: 1600 | avg score: -42.9 | learning_steps: 602
episode: 1700 | avg score: -36.7 | learning_steps: 639
episode: 1800 | avg score: -36.3 | learning_steps: 676
episode: 1900 | avg score: -34.9 | learning_steps: 712
episode: 2000 | avg score: -32.8 | learning_steps: 748
episode: 2100 | avg score: -38.7 | learning_steps: 785
episode: 2200 | avg score: -38.9 | learning_steps: 821
episode: 2300 | avg score: -32.2 | learning_steps: 857
episode: 2400 | avg score: -43.0 | learning_steps: 894
episode: 2500 | avg score: -38.6 | learning_steps: 931
episode: 2600 | avg score: -37.0 | learning_steps: 969
episode: 2700 | avg score: -36.7 | learning_steps: 1005
episode: 2800 | avg score: -34.7 | learning_steps: 1041
episode: 2900 | avg score: -34.5 | learning_steps: 1077
episode: 3000 | avg score: -40.4 | learning_steps: 1114
episode: 3100 | avg score: -29.7 | learning_steps: 1149
episode: 3200 | avg score: -27.4 | learning_steps: 1183
episode: 3300 | avg score: -33.6 | learning_steps: 1219
episode: 3400 | avg score: -31.6 | learning_steps: 1255
episode: 3500 | avg score: -28.1 | learning_steps: 1290
episode: 3600 | avg score: -31.1 | learning_steps: 1325
episode: 3700 | avg score: -30.9 | learning_steps: 1360
episode: 3800 | avg score: -24.4 | learning_steps: 1394
episode: 3900 | avg score: -21.5 | learning_steps: 1427
episode: 4000 | avg score: -24.1 | learning_steps: 1461
episode: 4100 | avg score: -28.4 | learning_steps: 1495
episode: 4200 | avg score: -30.0 | learning_steps: 1530
episode: 4300 | avg score: -23.8 | learning_steps: 1564
episode: 4400 | avg score: -25.8 | learning_steps: 1598
episode: 4500 | avg score: -27.2 | learning_steps: 1632
episode: 4600 | avg score: -16.8 | learning_steps: 1664
episode: 4700 | avg score: -22.8 | learning_steps: 1697
episode: 4800 | avg score: -21.2 | learning_steps: 1730
episode: 4900 | avg score: -17.0 | learning_steps: 1762
episode: 5000 | avg score: -27.9 | learning_steps: 1796
episode: 5100 | avg score: -18.5 | learning_steps: 1828
episode: 5200 | avg score: -23.5 | learning_steps: 1862
episode: 5300 | avg score: -24.2 | learning_steps: 1895
episode: 5400 | avg score: -22.2 | learning_steps: 1928
episode: 5500 | avg score: -13.6 | learning_steps: 1959
episode: 5600 | avg score: -15.2 | learning_steps: 1991
episode: 5700 | avg score: -14.6 | learning_steps: 2022
episode: 5800 | avg score: -16.2 | learning_steps: 2054
episode: 5900 | avg score: -12.5 | learning_steps: 2084
episode: 6000 | avg score: -19.5 | learning_steps: 2116
episode: 6100 | avg score: -11.1 | learning_steps: 2147
episode: 6200 | avg score: -27.4 | learning_steps: 2181
episode: 6300 | avg score: -32.3 | learning_steps: 2215
episode: 6400 | avg score: -34.9 | learning_steps: 2251
episode: 6500 | avg score: -29.6 | learning_steps: 2285
episode: 6600 | avg score: -30.0 | learning_steps: 2320
episode: 6700 | avg score: -30.9 | learning_steps: 2355
episode: 6800 | avg score: -29.2 | learning_steps: 2390
episode: 6900 | avg score: -28.7 | learning_steps: 2424
episode: 7000 | avg score: -34.7 | learning_steps: 2459
episode: 7100 | avg score: -35.0 | learning_steps: 2495
episode: 7200 | avg score: -30.0 | learning_steps: 2530
episode: 7300 | avg score: -23.0 | learning_steps: 2563
episode: 7400 | avg score: -21.2 | learning_steps: 2595
episode: 7500 | avg score: -16.5 | learning_steps: 2627
episode: 7600 | avg score: -17.4 | learning_steps: 2659
episode: 7700 | avg score: -14.6 | learning_steps: 2689
episode: 7800 | avg score: -23.4 | learning_steps: 2722
episode: 7900 | avg score: -20.7 | learning_steps: 2755
episode: 8000 | avg score: -27.3 | learning_steps: 2788
episode: 8100 | avg score: -16.4 | learning_steps: 2820
episode: 8200 | avg score: -16.8 | learning_steps: 2852
episode: 8300 | avg score: -17.7 | learning_steps: 2883
episode: 8400 | avg score: -17.3 | learning_steps: 2915
episode: 8500 | avg score: -18.6 | learning_steps: 2947
episode: 8600 | avg score: -15.7 | learning_steps: 2979
episode: 8700 | avg score: -15.3 | learning_steps: 3010
episode: 8800 | avg score: -14.0 | learning_steps: 3041
episode: 8900 | avg score: -14.9 | learning_steps: 3072
episode: 9000 | avg score: -18.3 | learning_steps: 3104
episode: 9100 | avg score: -19.3 | learning_steps: 3136
episode: 9200 | avg score: -19.0 | learning_steps: 3167
episode: 9300 | avg score: -21.5 | learning_steps: 3200
episode: 9400 | avg score: -9.4 | learning_steps: 3230
episode: 9500 | avg score: -21.2 | learning_steps: 3263
episode: 9600 | avg score: -8.1 | learning_steps: 3292
episode: 9700 | avg score: -14.7 | learning_steps: 3323
episode: 9800 | avg score: -12.1 | learning_steps: 3354
episode: 9900 | avg score: -8.1 | learning_steps: 3383
episode: 10000 | avg score: -11.2 | learning_steps: 3414
episode: 10100 | avg score: -13.3 | learning_steps: 3444
episode: 10200 | avg score: -17.1 | learning_steps: 3476
episode: 10300 | avg score: -11.6 | learning_steps: 3507
episode: 10400 | avg score: 1.1 | learning_steps: 3535
episode: 10500 | avg score: -9.5 | learning_steps: 3565
episode: 10600 | avg score: -7.6 | learning_steps: 3595
episode: 10700 | avg score: -8.2 | learning_steps: 3625
episode: 10800 | avg score: -10.8 | learning_steps: 3655
episode: 10900 | avg score: -5.1 | learning_steps: 3684
episode: 11000 | avg score: -9.5 | learning_steps: 3714
episode: 11100 | avg score: -15.3 | learning_steps: 3745
episode: 11200 | avg score: -7.3 | learning_steps: 3773
episode: 11300 | avg score: -16.5 | learning_steps: 3804
episode: 11400 | avg score: -6.2 | learning_steps: 3833
episode: 11500 | avg score: -0.2 | learning_steps: 3861
episode: 11600 | avg score: -9.0 | learning_steps: 3890
episode: 11700 | avg score: -13.7 | learning_steps: 3921
episode: 11800 | avg score: -3.2 | learning_steps: 3950
episode: 11900 | avg score: -5.3 | learning_steps: 3978
episode: 12000 | avg score: -11.0 | learning_steps: 4008
episode: 12100 | avg score: -7.3 | learning_steps: 4037
episode: 12200 | avg score: -8.8 | learning_steps: 4067
episode: 12300 | avg score: -8.8 | learning_steps: 4096
episode: 12400 | avg score: -5.0 | learning_steps: 4125
episode: 12500 | avg score: -5.6 | learning_steps: 4154
episode: 12600 | avg score: -4.5 | learning_steps: 4183
episode: 12700 | avg score: -12.3 | learning_steps: 4213
episode: 12800 | avg score: -4.1 | learning_steps: 4242
episode: 12900 | avg score: -5.1 | learning_steps: 4271
episode: 13000 | avg score: -5.6 | learning_steps: 4299
episode: 13100 | avg score: -4.2 | learning_steps: 4328
episode: 13200 | avg score: -4.4 | learning_steps: 4358
episode: 13300 | avg score: -5.3 | learning_steps: 4387
episode: 13400 | avg score: 2.4 | learning_steps: 4414
episode: 13500 | avg score: -10.2 | learning_steps: 4444
episode: 13600 | avg score: -5.3 | learning_steps: 4472
episode: 13700 | avg score: -3.6 | learning_steps: 4501
episode: 13800 | avg score: -3.8 | learning_steps: 4529
episode: 13900 | avg score: -8.9 | learning_steps: 4560
episode: 14000 | avg score: -4.7 | learning_steps: 4588
episode: 14100 | avg score: -0.9 | learning_steps: 4617
episode: 14200 | avg score: -5.2 | learning_steps: 4647
episode: 14300 | avg score: 1.9 | learning_steps: 4674
episode: 14400 | avg score: -9.9 | learning_steps: 4703
episode: 14500 | avg score: -14.3 | learning_steps: 4735
episode: 14600 | avg score: 0.6 | learning_steps: 4763
episode: 14700 | avg score: -8.1 | learning_steps: 4792
episode: 14800 | avg score: 0.6 | learning_steps: 4820
episode: 14900 | avg score: -16.1 | learning_steps: 4851
episode: 15000 | avg score: -2.1 | learning_steps: 4879
episode: 15100 | avg score: -3.0 | learning_steps: 4908
episode: 15200 | avg score: -4.5 | learning_steps: 4936
episode: 15300 | avg score: -15.0 | learning_steps: 4967
episode: 15400 | avg score: -10.2 | learning_steps: 4996
episode: 15500 | avg score: -4.9 | learning_steps: 5025
episode: 15600 | avg score: -9.4 | learning_steps: 5055
episode: 15700 | avg score: -3.0 | learning_steps: 5084
episode: 15800 | avg score: -11.3 | learning_steps: 5114
episode: 15900 | avg score: -19.3 | learning_steps: 5147
episode: 16000 | avg score: 1.6 | learning_steps: 5174
episode: 16100 | avg score: -9.1 | learning_steps: 5204
episode: 16200 | avg score: -4.5 | learning_steps: 5233
episode: 16300 | avg score: -8.3 | learning_steps: 5264
episode: 16400 | avg score: -7.2 | learning_steps: 5293
episode: 16500 | avg score: -13.5 | learning_steps: 5324
episode: 16600 | avg score: 1.1 | learning_steps: 5353
episode: 16700 | avg score: 0.5 | learning_steps: 5381
episode: 16800 | avg score: -4.4 | learning_steps: 5410
episode: 16900 | avg score: -1.3 | learning_steps: 5439
episode: 17000 | avg score: -2.4 | learning_steps: 5467
episode: 17100 | avg score: 1.9 | learning_steps: 5495
episode: 17200 | avg score: 3.0 | learning_steps: 5521
episode: 17300 | avg score: 2.1 | learning_steps: 5548
episode: 17400 | avg score: 5.6 | learning_steps: 5575
episode: 17500 | avg score: -4.0 | learning_steps: 5605
episode: 17600 | avg score: -13.0 | learning_steps: 5636
episode: 17700 | avg score: -4.9 | learning_steps: 5665
episode: 17800 | avg score: -12.1 | learning_steps: 5696
episode: 17900 | avg score: -14.1 | learning_steps: 5728
episode: 18000 | avg score: -10.8 | learning_steps: 5758
episode: 18100 | avg score: -3.4 | learning_steps: 5788
episode: 18200 | avg score: 2.0 | learning_steps: 5815
episode: 18300 | avg score: -2.5 | learning_steps: 5843
episode: 18400 | avg score: -1.5 | learning_steps: 5871
episode: 18500 | avg score: -3.5 | learning_steps: 5900
episode: 18600 | avg score: -2.6 | learning_steps: 5929
episode: 18700 | avg score: -0.2 | learning_steps: 5957
episode: 18800 | avg score: -3.2 | learning_steps: 5986
episode: 18900 | avg score: -1.3 | learning_steps: 6015
episode: 19000 | avg score: 0.9 | learning_steps: 6042
episode: 19100 | avg score: -0.7 | learning_steps: 6070
episode: 19200 | avg score: -2.3 | learning_steps: 6098
episode: 19300 | avg score: -6.9 | learning_steps: 6127
episode: 19400 | avg score: 5.3 | learning_steps: 6154
episode: 19500 | avg score: -6.7 | learning_steps: 6183
episode: 19600 | avg score: 5.0 | learning_steps: 6209
episode: 19700 | avg score: 2.2 | learning_steps: 6237
episode: 19800 | avg score: 14.5 | learning_steps: 6261
episode: 19900 | avg score: 0.1 | learning_steps: 6289
finished at: Mon Jun 24 15:49:47 CEST 2024
