Running on host: studgpu-node01.inf.ethz.ch
In directory: /cluster/courses/3dv/data/team-25/decentralized_marl/ppo_algorithm
Starting on: Tue Jun 25 13:51:20 CEST 2024
SLURM_JOB_ID: 22870
using cuda
18
1
-2
episode: 0 | avg score: 16.0 | learning_steps: 0
-2
3
-2
18
-2
6
-2
-2
-2
-2
10
-2
-2
-2
13
-2
-2
-2
16
-2
-2
-2
19
-2
-2
21
-2
-2
-2
24
-2
-2
-2
27
-2
-2
29
-2
-2
31
-2
-2
-2
34
-2
-2
36
-2
37
-2
-2
-2
40
-2
-2
-2
43
-2
-2
45
-2
-2
-2
48
-2
18
50
-2
-2
52
-2
-2
54
-2
-2
56
-2
-2
58
-2
-2
60
-2
-2
-2
63
-2
-2
-2
-2
67
-2
-2
-2
70
-2
-2
-2
73
-2
-2
-2
76
-2
-2
78
-2
-2
80
-2
-2
82
-2
-2
-2
85
-2
-2
-2
88
-2
-2
-2
91
-2
-2
-2
94
-2
-2
96
-2
-2
98
-2
-2
-2
-2
102
-2
-2
104
-2
-2
-2
107
-2
-2
109
-2
-2
-2
112
-2
-2
114
-2
-2
116
-2
-2
118
-2
-2
-2
121
-2
-2
-2
124
-2
-2
126
-2
-2
-2
129
-2
-2
-2
132
-2
-2
-2
135
-2
-2
-2
138
-2
-2
-2
141
-2
-2
143
-2
-2
-2
146
-2
-2
148
-2
-2
-2
151
-2
-2
153
-2
-2
-2
156
-2
-2
-2
159
-2
-2
161
-2
162
-2
-2
-2
165
-2
-2
-2
168
-2
-2
170
-2
-2
-2
173
-2
-2
-2
-2
177
-2
38
179
-2
-2
181
-2
-2
-2
184
-2
-2
-2
187
-2
-2
-2
-2
191
-2
-2
193
-2
-2
195
-2
-2
197
-2
-2
-2
-2
-2
202
-2
-2
-2
-2
206
-2
-2
-2
209
-2
-2
-2
212
-2
-2
-2
215
-2
-2
217
-2
-2
-2
220
-2
-2
222
-2
-2
-2
225
-2
-2
-2
228
-2
-2
230
-2
-2
232
-2
-2
234
-2
-2
236
-2
-2
238
-2
-2
240
-2
-2
-2
243
-2
-2
-2
246
-2
-2
-2
249
-2
-2
251
-2
-2
-2
254
-2
-2
-2
257
-2
-2
-2
260
-2
-2
-2
263
-2
episode: 100 | avg score: -4.4 | learning_steps: 2
-2
-2
266
-2
-2
268
-2
-2
-2
271
-2
-2
-2
274
-2
-2
276
-2
-2
278
-2
279
-2
-2
-2
282
-2
-2
284
-2
-2
-2
287
-2
-2
-2
290
-2
-2
292
-2
-2
-2
-2
296
-2
-2
-2
-2
300
-2
301
-2
-2
-2
304
-2
-2
-2
307
-2
-2
309
-2
-2
-2
312
-2
-2
-2
-2
316
-2
-2
318
-2
-2
320
-2
-2
-2
323
-2
-2
325
-2
-2
-2
328
-2
-2
330
-2
-2
332
-2
-2
-2
335
-2
-2
-2
-2
339
-2
-2
-2
342
-2
-2
344
-2
-2
346
-2
-2
-2
349
-2
-2
-2
352
-2
18
354
-2
-2
-2
357
-2
-2
-2
360
-2
-2
362
-2
-2
-2
365
-2
-2
-2
368
-2
-2
370
-2
-2
-2
-2
374
-2
-2
-2
377
-2
-2
-2
380
-2
-2
-2
383
-2
-2
-2
386
-2
-2
-2
389
-2
-2
-2
392
-2
-2
-2
395
-2
-2
397
-2
-2
-2
-2
401
-2
-2
403
-2
-2
-2
406
-2
-2
408
-2
-2
410
-2
-2
-2
-2
414
-2
-2
416
-2
-2
418
-2
-2
420
-2
-2
-2
423
-2
-2
425
-2
-2
-2
428
-2
-2
-2
431
-2
-2
-2
434
-2
-2
-2
437
-2
-2
-2
-2
441
-2
-2
443
-2
-2
445
-2
-2
447
-2
-2
-2
450
-2
-2
452
-2
-2
-2
455
-2
-2
457
-2
-2
-2
460
-2
-2
462
-2
-2
464
-2
-2
-2
-2
468
-2
-2
-2
471
-2
-2
473
-2
-2
475
-2
-2
-2
478
-2
-2
480
-2
-2
-2
483
-2
-2
485
-2
-2
-2
488
-2
-2
-2
491
-2
-2
493
-2
-2
-2
496
-2
-2
-2
499
-2
-2
-2
502
-2
-2
-2
505
-2
-2
507
-2
-2
-2
-2
511
-2
-2
-2
-2
-2
-2
-2
518
-2
-2
520
-2
-2
-2
-2
524
-2
-2
526
-2
-2
528
-2
-2
-2
531
-2
-2
533
-2
episode: 200 | avg score: -5.2 | learning_steps: 4
-2
-2
536
-2
-2
-2
539
-2
-2
541
-2
-2
543
-2
-2
545
-2
-2
-2
548
-2
-2
-2
551
-2
-2
-2
-2
555
-2
-2
557
-2
-2
-2
560
-2
-2
-2
563
-2
-2
565
-2
-2
567
-2
-2
-2
570
-2
-2
-2
573
-2
-2
-2
576
-2
-2
578
-2
-2
580
-2
-2
582
-2
-2
-2
585
-2
-2
587
-2
-2
589
-2
-2
-2
592
-2
-2
594
-2
-2
-2
-2
598
-2
-2
-2
-2
602
-2
-2
604
-2
-2
606
-2
-2
-2
-2
610
-2
-2
-2
613
-2
-2
-2
-2
617
-2
-2
-2
620
-2
-2
-2
623
-2
-2
-2
-2
627
-2
-2
-2
630
-2
-2
632
-2
-2
634
-2
-2
636
-2
-2
638
-2
-2
-2
641
-2
-2
643
-2
-2
-2
-2
647
-2
-2
649
-2
-2
651
-2
-2
-2
654
-2
-2
656
-2
-2
-2
-2
660
-2
18
662
-2
-2
-2
-2
666
-2
-2
-2
669
-2
-2
671
-2
-2
-2
-2
675
-2
-2
677
-2
-2
679
-2
-2
681
-2
-2
683
-2
-2
-2
686
-2
-2
-2
689
-2
-2
-2
-2
693
-2
-2
-2
696
-2
-2
-2
699
-2
-2
-2
702
-2
-2
-2
705
-2
-2
707
-2
-2
709
-2
-2
-2
712
-2
-2
-2
715
-2
-2
-2
718
-2
-2
720
-2
-2
-2
-2
724
-2
-2
-2
727
-2
-2
729
-2
-2
-2
-2
733
-2
-2
735
-2
-2
737
-2
-2
-2
-2
741
-2
-2
-2
744
-2
-2
-2
747
-2
-2
749
-2
-2
751
-2
-2
-2
754
-2
-2
-2
757
-2
-2
759
-2
-2
-2
-2
763
-2
-2
765
-2
-2
-2
768
-2
-2
770
-2
-2
-2
-2
774
-2
-2
776
-2
-2
778
-2
-2
780
-2
-2
-2
783
-2
-2
-2
786
-2
-2
-2
789
-2
-2
791
-2
-2
-2
-2
795
-2
-2
797
-2
-2
-2
800
-2
-2
802
-2
-2
804
-2
episode: 300 | avg score: -5.2 | learning_steps: 6
-2
806
-2
-2
-2
809
-2
-2
-2
812
-2
-2
-2
-2
816
-2
-2
-2
819
-2
-2
-2
822
-2
-2
-2
-2
-2
827
-2
-2
-2
-2
831
-2
-2
-2
-2
835
-2
-2
-2
838
-2
-2
-2
841
-2
-2
843
-2
-2
845
-2
-2
847
-2
-2
-2
850
-2
18
-2
853
-2
-2
855
-2
-2
857
-2
-2
-2
860
-2
-2
-2
863
-2
-2
-2
866
-2
-2
-2
869
-2
-2
871
-2
-2
873
-2
-2
875
-2
-2
-2
878
-2
-2
-2
881
-2
-2
-2
884
-2
-2
886
-2
-2
888
-2
-2
890
-2
-2
-2
893
-2
-2
-2
896
-2
-2
-2
899
-2
58
-2
902
-2
-2
-2
-2
906
-2
-2
908
-2
-2
-2
911
-2
-2
913
-2
-2
-2
-2
-2
918
-2
-2
920
-2
-2
922
-2
-2
924
-2
-2
-2
927
-2
-2
929
-2
-2
-2
932
-2
-2
934
-2
-2
-2
937
-2
-2
-2
940
-2
-2
-2
943
-2
-2
945
-2
-2
-2
948
-2
-2
-2
951
-2
-2
-2
954
-2
955
-2
-2
-2
958
-2
-2
-2
961
-2
-2
-2
964
-2
-2
-2
967
-2
-2
-2
970
-2
-2
972
-2
-2
-2
975
-2
-2
-2
978
-2
-2
980
-2
-2
-2
983
-2
-2
-2
986
-2
-2
988
-2
-2
-2
991
-2
-2
993
-2
-2
995
-2
-2
-2
998
-2
-2
-2
1001
-2
-2
-2
1004
-2
-2
-2
-2
1008
-2
-2
-2
1011
-2
-2
-2
1014
-2
-2
1016
-2
-2
1018
-2
-2
1020
-2
18
-2
1023
-2
-2
-2
-2
1027
-2
-2
-2
-2
1031
-2
-2
1033
-2
-2
-2
-2
1037
-2
1038
-2
-2
-2
1041
-2
-2
1043
-2
-2
1045
-2
-2
-2
-2
1049
-2
-2
1051
-2
-2
1053
-2
-2
-2
1056
-2
-2
-2
1059
-2
-2
-2
1062
-2
-2
1064
-2
-2
1066
-2
-2
-2
-2
1070
-2
-2
-2
1073
-2
-2
-2
-2
1077
-2
-2
1079
-2
episode: 400 | avg score: -4.5 | learning_steps: 8
-2
-2
1082
-2
-2
-2
-2
1086
-2
-2
-2
1089
-2
-2
-2
1092
-2
-2
-2
1095
-2
-2
1097
-2
-2
-2
-2
1101
-2
-2
-2
1104
-2
-2
1106
-2
-2
1108
-2
-2
-2
1111
-2
1112
-2
-2
-2
1115
-2
-2
1117
-2
-2
-2
1120
-2
-2
1122
-2
-2
1124
-2
-2
-2
1127
-2
-2
1129
-2
-2
-2
1132
-2
-2
-2
1135
-2
-2
1137
-2
-2
1139
-2
-2
-2
1142
-2
-2
1144
-2
-2
1146
-2
-2
-2
1149
-2
-2
-2
1152
-2
-2
-2
1155
-2
-2
-2
-2
1159
-2
-2
-2
-2
1163
-2
-2
-2
1166
-2
-2
-2
1169
-2
-2
1171
-2
18
1173
-2
-2
-2
1176
-2
1177
-2
-2
-2
-2
1181
-2
-2
1183
-2
38
-2
1186
-2
-2
1188
-2
-2
1190
-2
-2
-2
1193
-2
-2
-2
1196
-2
-2
-2
1199
-2
-2
-2
1202
-2
-2
-2
-2
1206
-2
-2
-2
1209
-2
-2
-2
1212
-2
-2
-2
-2
1216
-2
-2
1218
-2
-2
1220
-2
-2
-2
1223
-2
-2
1225
-2
-2
-2
1228
-2
-2
1230
-2
-2
1232
-2
-2
1234
-2
-2
-2
-2
1238
-2
-2
1240
-2
-2
-2
-2
1244
-2
-2
-2
1247
-2
-2
1249
-2
-2
-2
1252
-2
-2
1254
-2
-2
-2
1257
-2
-2
1259
-2
-2
-2
-2
1263
-2
-2
1265
-2
-2
-2
-2
1269
-2
-2
1271
-2
-2
-2
1274
-2
-2
1276
-2
-2
-2
1279
-2
-2
1281
-2
-2
-2
1284
-2
-2
-2
1287
-2
-2
1289
-2
-2
-2
-2
1293
-2
-2
1295
-2
-2
-2
-2
1299
-2
-2
1301
-2
-2
-2
1304
-2
-2
1306
-2
-2
1308
-2
-2
1310
-2
-2
1312
-2
-2
1314
-2
-2
-2
1317
-2
-2
-2
-2
1321
-2
-2
-2
-2
1325
-2
-2
-2
-2
1329
-2
1330
-2
-2
1332
-2
-2
1334
-2
-2
-2
1337
-2
-2
1339
-2
-2
1341
-2
-2
1343
-2
-2
1345
-2
episode: 500 | avg score: -4.7 | learning_steps: 10
-2
1347
-2
18
1349
-2
-2
-2
-2
-2
1354
-2
-2
1356
-2
-2
-2
1359
-2
-2
-2
1362
-2
-2
1364
-2
-2
-2
1367
-2
-2
1369
-2
-2
-2
1372
-2
18
-2
1375
-2
-2
1377
-2
-2
1379
-2
18
1381
-2
-2
1383
-2
-2
-2
1386
-2
-2
-2
-2
1390
-2
-2
-2
-2
1394
-2
-2
1396
-2
-2
-2
1399
-2
-2
-2
-2
1403
-2
-2
-2
1406
-2
-2
1408
-2
-2
-2
1411
-2
-2
-2
-2
1415
-2
-2
-2
1418
-2
-2
-2
-2
1422
-2
-2
-2
1425
-2
-2
-2
1428
-2
-2
-2
1431
-2
-2
-2
-2
1435
-2
-2
-2
1438
-2
-2
-2
1441
-2
-2
-2
1444
-2
-2
-2
-2
1448
-2
-2
-2
1451
-2
-2
-2
-2
1455
-2
-2
-2
1458
-2
-2
-2
1461
-2
-2
-2
1464
-2
-2
1466
-2
-2
1468
-2
-2
1470
-2
-2
-2
1473
-2
-2
-2
-2
1477
-2
-2
-2
-2
1481
-2
-2
1483
-2
-2
1485
-2
-2
-2
1488
-2
-2
1490
-2
-2
-2
1493
-2
-2
-2
1496
-2
-2
1498
-2
-2
-2
1501
-2
-2
1503
-2
-2
-2
1506
-2
-2
-2
1509
-2
-2
-2
1512
-2
-2
-2
1515
-2
-2
-2
-2
1519
-2
-2
1521
-2
-2
1523
-2
-2
1525
-2
-2
-2
1528
-2
-2
-2
1531
-2
-2
-2
-2
1535
-2
-2
-2
1538
-2
-2
1540
-2
-2
-2
-2
1544
-2
-2
1546
-2
-2
1548
-2
-2
-2
1551
-2
-2
-2
1554
-2
-2
1556
-2
-2
-2
1559
-2
-2
-2
1562
-2
-2
-2
1565
-2
-2
-2
-2
1569
-2
-2
1571
-2
-2
1573
-2
-2
-2
-2
1577
-2
-2
-2
1580
-2
-2
1582
-2
-2
-2
1585
-2
-2
-2
1588
-2
-2
-2
1591
-2
-2
-2
1594
-2
-2
18
1597
-2
-2
-2
1600
-2
-2
1602
-2
-2
1604
-2
-2
1606
-2
-2
-2
1609
-2
-2
-2
1612
-2
-2
-2
1615
-2
-2
1617
-2
-2
-2
-2
1621
-2
-2
-2
1624
-2
-2
-2
1627
-2
-2
1629
-2
episode: 600 | avg score: -4.9 | learning_steps: 12
-2
-2
1632
-2
-2
1634
-2
-2
-2
1637
-2
-2
-2
-2
-2
1642
-2
-2
-2
-2
1646
-2
-2
-2
1649
-2
-2
1651
-2
-2
1653
-2
-2
-2
1656
-2
-2
-2
1659
-2
-2
1661
-2
-2
-2
-2
1665
-2
-2
-2
1668
-2
-2
-2
1671
-2
-2
-2
1674
-2
-2
-2
1677
-2
-2
-2
1680
-2
-2
1682
-2
-2
-2
-2
1686
-2
-2
-2
1689
-2
-2
-2
-2
1693
-2
-2
-2
1696
-2
-2
-2
1699
-2
-2
1701
-2
-2
-2
1704
-2
-2
-2
1707
-2
-2
-2
1710
-2
-2
-2
1713
-2
-2
-2
1716
-2
-2
1718
-2
-2
-2
1721
-2
-2
-2
-2
-2
-2
1727
-2
-2
1729
-2
-2
-2
1732
-2
-2
1734
-2
-2
1736
-2
-2
1738
-2
-2
-2
1741
-2
-2
1743
-2
-2
1745
-2
-2
-2
1748
-2
-2
1750
-2
-2
-2
1753
slurmstepd: error: *** JOB 22870 ON studgpu-node01 CANCELLED AT 2024-06-25T13:51:41 ***
