Running on host: studgpu-node01.inf.ethz.ch
In directory: /cluster/courses/3dv/data/team-25/decentralized_marl/catmouse_experiments
Starting on: Wed Jun 26 00:22:59 CEST 2024
SLURM_JOB_ID: 22976
using cuda
episode: 0 | avg score: 178.0 | learning_steps: 0
episode: 100 | avg score: 129.0 | learning_steps: 30
episode: 200 | avg score: 130.5 | learning_steps: 60
episode: 300 | avg score: 123.8 | learning_steps: 91
episode: 400 | avg score: 135.9 | learning_steps: 121
episode: 500 | avg score: 133.8 | learning_steps: 151
episode: 600 | avg score: 138.0 | learning_steps: 180
episode: 700 | avg score: 145.9 | learning_steps: 208
episode: 800 | avg score: 139.6 | learning_steps: 237
episode: 900 | avg score: 138.9 | learning_steps: 266
episode: 1000 | avg score: 161.3 | learning_steps: 294
episode: 1100 | avg score: 147.4 | learning_steps: 322
episode: 1200 | avg score: 167.5 | learning_steps: 347
episode: 1300 | avg score: 164.8 | learning_steps: 372
episode: 1400 | avg score: 166.4 | learning_steps: 397
episode: 1500 | avg score: 174.4 | learning_steps: 421
episode: 1600 | avg score: 174.8 | learning_steps: 445
episode: 1700 | avg score: 176.5 | learning_steps: 469
episode: 1800 | avg score: 174.3 | learning_steps: 492
episode: 1900 | avg score: 177.2 | learning_steps: 514
episode: 2000 | avg score: 186.2 | learning_steps: 535
episode: 2100 | avg score: 184.0 | learning_steps: 556
episode: 2200 | avg score: 177.5 | learning_steps: 578
episode: 2300 | avg score: 177.0 | learning_steps: 600
episode: 2400 | avg score: 186.5 | learning_steps: 621
episode: 2500 | avg score: 186.9 | learning_steps: 641
episode: 2600 | avg score: 188.1 | learning_steps: 661
episode: 2700 | avg score: 184.0 | learning_steps: 681
episode: 2800 | avg score: 197.6 | learning_steps: 700
episode: 2900 | avg score: 187.7 | learning_steps: 720
episode: 3000 | avg score: 184.9 | learning_steps: 741
episode: 3100 | avg score: 189.0 | learning_steps: 761
episode: 3200 | avg score: 172.0 | learning_steps: 784
episode: 3300 | avg score: 186.6 | learning_steps: 803
episode: 3400 | avg score: 188.7 | learning_steps: 823
episode: 3500 | avg score: 190.9 | learning_steps: 841
episode: 3600 | avg score: 187.8 | learning_steps: 860
episode: 3700 | avg score: 187.6 | learning_steps: 880
episode: 3800 | avg score: 184.7 | learning_steps: 902
episode: 3900 | avg score: 186.8 | learning_steps: 922
episode: 4000 | avg score: 196.3 | learning_steps: 940
episode: 4100 | avg score: 185.6 | learning_steps: 960
episode: 4200 | avg score: 176.5 | learning_steps: 983
episode: 4300 | avg score: 188.6 | learning_steps: 1002
episode: 4400 | avg score: 176.3 | learning_steps: 1025
episode: 4500 | avg score: 188.8 | learning_steps: 1043
episode: 4600 | avg score: 190.9 | learning_steps: 1063
episode: 4700 | avg score: 189.5 | learning_steps: 1082
episode: 4800 | avg score: 187.0 | learning_steps: 1102
episode: 4900 | avg score: 183.0 | learning_steps: 1124
episode: 5000 | avg score: 186.7 | learning_steps: 1144
episode: 5100 | avg score: 193.5 | learning_steps: 1162
episode: 5200 | avg score: 192.6 | learning_steps: 1181
episode: 5300 | avg score: 186.0 | learning_steps: 1201
episode: 5400 | avg score: 186.6 | learning_steps: 1222
episode: 5500 | avg score: 183.2 | learning_steps: 1243
episode: 5600 | avg score: 200.7 | learning_steps: 1264
episode: 5700 | avg score: 203.3 | learning_steps: 1283
episode: 5800 | avg score: 204.3 | learning_steps: 1302
episode: 5900 | avg score: 206.4 | learning_steps: 1322
episode: 6000 | avg score: 199.7 | learning_steps: 1340
episode: 6100 | avg score: 197.0 | learning_steps: 1365
episode: 6200 | avg score: 198.9 | learning_steps: 1389
episode: 6300 | avg score: 217.0 | learning_steps: 1410
episode: 6400 | avg score: 196.5 | learning_steps: 1434
episode: 6500 | avg score: 207.3 | learning_steps: 1454
episode: 6600 | avg score: 211.1 | learning_steps: 1474
episode: 6700 | avg score: 221.9 | learning_steps: 1496
episode: 6800 | avg score: 212.6 | learning_steps: 1520
episode: 6900 | avg score: 214.5 | learning_steps: 1544
episode: 7000 | avg score: 216.3 | learning_steps: 1568
episode: 7100 | avg score: 216.6 | learning_steps: 1590
episode: 7200 | avg score: 222.3 | learning_steps: 1612
episode: 7300 | avg score: 221.2 | learning_steps: 1635
episode: 7400 | avg score: 222.1 | learning_steps: 1658
episode: 7500 | avg score: 215.6 | learning_steps: 1680
episode: 7600 | avg score: 210.8 | learning_steps: 1702
episode: 7700 | avg score: 215.8 | learning_steps: 1723
episode: 7800 | avg score: 207.8 | learning_steps: 1744
episode: 7900 | avg score: 201.5 | learning_steps: 1762
episode: 8000 | avg score: 211.0 | learning_steps: 1779
episode: 8100 | avg score: 205.4 | learning_steps: 1798
episode: 8200 | avg score: 212.1 | learning_steps: 1816
episode: 8300 | avg score: 208.0 | learning_steps: 1837
episode: 8400 | avg score: 187.8 | learning_steps: 1858
episode: 8500 | avg score: 202.7 | learning_steps: 1877
episode: 8600 | avg score: 211.6 | learning_steps: 1895
episode: 8700 | avg score: 201.6 | learning_steps: 1916
episode: 8800 | avg score: 206.3 | learning_steps: 1934
episode: 8900 | avg score: 200.2 | learning_steps: 1953
episode: 9000 | avg score: 204.6 | learning_steps: 1971
episode: 9100 | avg score: 199.3 | learning_steps: 1989
episode: 9200 | avg score: 204.0 | learning_steps: 2007
episode: 9300 | avg score: 207.8 | learning_steps: 2024
episode: 9400 | avg score: 204.3 | learning_steps: 2043
episode: 9500 | avg score: 200.8 | learning_steps: 2061
episode: 9600 | avg score: 210.6 | learning_steps: 2078
episode: 9700 | avg score: 206.4 | learning_steps: 2095
episode: 9800 | avg score: 209.2 | learning_steps: 2112
episode: 9900 | avg score: 202.1 | learning_steps: 2130
episode: 10000 | avg score: 202.5 | learning_steps: 2146
episode: 10100 | avg score: 207.0 | learning_steps: 2163
episode: 10200 | avg score: 199.6 | learning_steps: 2181
episode: 10300 | avg score: 208.1 | learning_steps: 2200
episode: 10400 | avg score: 211.9 | learning_steps: 2218
episode: 10500 | avg score: 206.0 | learning_steps: 2236
episode: 10600 | avg score: 218.7 | learning_steps: 2254
episode: 10700 | avg score: 215.7 | learning_steps: 2273
episode: 10800 | avg score: 211.7 | learning_steps: 2293
episode: 10900 | avg score: 220.4 | learning_steps: 2310
episode: 11000 | avg score: 215.7 | learning_steps: 2330
episode: 11100 | avg score: 206.2 | learning_steps: 2348
episode: 11200 | avg score: 203.5 | learning_steps: 2368
episode: 11300 | avg score: 198.4 | learning_steps: 2389
episode: 11400 | avg score: 204.9 | learning_steps: 2408
episode: 11500 | avg score: 196.8 | learning_steps: 2426
episode: 11600 | avg score: 199.9 | learning_steps: 2444
episode: 11700 | avg score: 198.4 | learning_steps: 2463
episode: 11800 | avg score: 202.8 | learning_steps: 2482
episode: 11900 | avg score: 209.7 | learning_steps: 2501
episode: 12000 | avg score: 196.4 | learning_steps: 2523
episode: 12100 | avg score: 210.1 | learning_steps: 2543
episode: 12200 | avg score: 202.1 | learning_steps: 2563
episode: 12300 | avg score: 200.1 | learning_steps: 2582
episode: 12400 | avg score: 202.1 | learning_steps: 2601
episode: 12500 | avg score: 207.0 | learning_steps: 2617
episode: 12600 | avg score: 203.1 | learning_steps: 2636
episode: 12700 | avg score: 217.3 | learning_steps: 2655
episode: 12800 | avg score: 203.7 | learning_steps: 2674
episode: 12900 | avg score: 214.3 | learning_steps: 2691
episode: 13000 | avg score: 215.4 | learning_steps: 2709
episode: 13100 | avg score: 206.1 | learning_steps: 2727
episode: 13200 | avg score: 209.0 | learning_steps: 2746
episode: 13300 | avg score: 194.7 | learning_steps: 2766
episode: 13400 | avg score: 201.9 | learning_steps: 2783
episode: 13500 | avg score: 194.4 | learning_steps: 2801
episode: 13600 | avg score: 197.1 | learning_steps: 2820
episode: 13700 | avg score: 189.9 | learning_steps: 2839
episode: 13800 | avg score: 191.4 | learning_steps: 2860
episode: 13900 | avg score: 192.5 | learning_steps: 2880
episode: 14000 | avg score: 198.2 | learning_steps: 2899
episode: 14100 | avg score: 190.4 | learning_steps: 2920
episode: 14200 | avg score: 197.8 | learning_steps: 2941
episode: 14300 | avg score: 210.0 | learning_steps: 2960
episode: 14400 | avg score: 216.7 | learning_steps: 2978
episode: 14500 | avg score: 207.0 | learning_steps: 2998
episode: 14600 | avg score: 224.6 | learning_steps: 3015
episode: 14700 | avg score: 215.3 | learning_steps: 3034
episode: 14800 | avg score: 211.3 | learning_steps: 3054
episode: 14900 | avg score: 204.4 | learning_steps: 3073
episode: 15000 | avg score: 208.2 | learning_steps: 3092
episode: 15100 | avg score: 214.0 | learning_steps: 3110
episode: 15200 | avg score: 205.9 | learning_steps: 3130
episode: 15300 | avg score: 208.3 | learning_steps: 3149
episode: 15400 | avg score: 216.2 | learning_steps: 3166
episode: 15500 | avg score: 213.0 | learning_steps: 3184
episode: 15600 | avg score: 218.0 | learning_steps: 3201
episode: 15700 | avg score: 212.3 | learning_steps: 3218
episode: 15800 | avg score: 209.8 | learning_steps: 3236
episode: 15900 | avg score: 213.3 | learning_steps: 3253
episode: 16000 | avg score: 211.9 | learning_steps: 3273
episode: 16100 | avg score: 215.4 | learning_steps: 3291
episode: 16200 | avg score: 207.0 | learning_steps: 3310
episode: 16300 | avg score: 208.7 | learning_steps: 3327
episode: 16400 | avg score: 198.1 | learning_steps: 3344
episode: 16500 | avg score: 207.2 | learning_steps: 3362
episode: 16600 | avg score: 199.0 | learning_steps: 3379
episode: 16700 | avg score: 195.7 | learning_steps: 3399
episode: 16800 | avg score: 197.1 | learning_steps: 3418
episode: 16900 | avg score: 193.1 | learning_steps: 3437
episode: 17000 | avg score: 193.8 | learning_steps: 3458
episode: 17100 | avg score: 190.1 | learning_steps: 3480
episode: 17200 | avg score: 190.3 | learning_steps: 3500
episode: 17300 | avg score: 197.1 | learning_steps: 3518
episode: 17400 | avg score: 199.8 | learning_steps: 3537
episode: 17500 | avg score: 203.9 | learning_steps: 3554
episode: 17600 | avg score: 196.9 | learning_steps: 3573
episode: 17700 | avg score: 202.1 | learning_steps: 3590
episode: 17800 | avg score: 200.4 | learning_steps: 3607
episode: 17900 | avg score: 197.0 | learning_steps: 3625
episode: 18000 | avg score: 198.1 | learning_steps: 3642
episode: 18100 | avg score: 203.3 | learning_steps: 3658
episode: 18200 | avg score: 202.2 | learning_steps: 3674
episode: 18300 | avg score: 209.8 | learning_steps: 3689
episode: 18400 | avg score: 206.0 | learning_steps: 3707
episode: 18500 | avg score: 212.6 | learning_steps: 3723
episode: 18600 | avg score: 206.3 | learning_steps: 3742
episode: 18700 | avg score: 215.9 | learning_steps: 3761
episode: 18800 | avg score: 202.2 | learning_steps: 3779
episode: 18900 | avg score: 213.1 | learning_steps: 3799
episode: 19000 | avg score: 210.8 | learning_steps: 3816
episode: 19100 | avg score: 206.9 | learning_steps: 3833
episode: 19200 | avg score: 206.5 | learning_steps: 3852
episode: 19300 | avg score: 213.4 | learning_steps: 3869
episode: 19400 | avg score: 211.3 | learning_steps: 3885
episode: 19500 | avg score: 209.6 | learning_steps: 3902
episode: 19600 | avg score: 216.3 | learning_steps: 3918
episode: 19700 | avg score: 210.8 | learning_steps: 3935
episode: 19800 | avg score: 207.7 | learning_steps: 3951
episode: 19900 | avg score: 210.0 | learning_steps: 3968
finished at: Wed Jun 26 00:55:22 CEST 2024
