Running on host: studgpu-node01.inf.ethz.ch
In directory: /cluster/courses/3dv/data/team-25/decentralized_marl/catmouse_experiments
Starting on: Wed Jun 26 12:55:41 CEST 2024
SLURM_JOB_ID: 23051
using cuda
episode: 0 | avg score: -12.0 | learning_steps: 0
episode: 100 | avg score: 46.7 | learning_steps: 29
episode: 200 | avg score: 48.5 | learning_steps: 59
episode: 300 | avg score: 49.0 | learning_steps: 88
episode: 400 | avg score: 38.9 | learning_steps: 118
episode: 500 | avg score: 54.9 | learning_steps: 145
episode: 600 | avg score: 65.6 | learning_steps: 172
episode: 700 | avg score: 66.5 | learning_steps: 197
episode: 800 | avg score: 87.2 | learning_steps: 222
episode: 900 | avg score: 76.6 | learning_steps: 247
episode: 1000 | avg score: 96.3 | learning_steps: 269
episode: 1100 | avg score: 89.0 | learning_steps: 292
episode: 1200 | avg score: 101.8 | learning_steps: 314
episode: 1300 | avg score: 88.7 | learning_steps: 336
episode: 1400 | avg score: 95.4 | learning_steps: 358
episode: 1500 | avg score: 112.7 | learning_steps: 379
episode: 1600 | avg score: 108.4 | learning_steps: 400
episode: 1700 | avg score: 105.0 | learning_steps: 420
episode: 1800 | avg score: 115.4 | learning_steps: 440
episode: 1900 | avg score: 94.3 | learning_steps: 462
episode: 2000 | avg score: 121.5 | learning_steps: 481
episode: 2100 | avg score: 128.8 | learning_steps: 499
episode: 2200 | avg score: 126.6 | learning_steps: 517
episode: 2300 | avg score: 137.5 | learning_steps: 535
episode: 2400 | avg score: 119.6 | learning_steps: 553
episode: 2500 | avg score: 123.7 | learning_steps: 570
episode: 2600 | avg score: 125.2 | learning_steps: 589
episode: 2700 | avg score: 141.1 | learning_steps: 607
episode: 2800 | avg score: 125.1 | learning_steps: 626
episode: 2900 | avg score: 135.7 | learning_steps: 642
episode: 3000 | avg score: 127.1 | learning_steps: 661
episode: 3100 | avg score: 127.3 | learning_steps: 679
episode: 3200 | avg score: 127.1 | learning_steps: 697
episode: 3300 | avg score: 135.7 | learning_steps: 714
episode: 3400 | avg score: 152.4 | learning_steps: 732
episode: 3500 | avg score: 150.6 | learning_steps: 749
episode: 3600 | avg score: 139.0 | learning_steps: 769
episode: 3700 | avg score: 141.7 | learning_steps: 787
episode: 3800 | avg score: 129.0 | learning_steps: 804
episode: 3900 | avg score: 146.4 | learning_steps: 822
episode: 4000 | avg score: 136.2 | learning_steps: 840
episode: 4100 | avg score: 152.7 | learning_steps: 856
episode: 4200 | avg score: 129.0 | learning_steps: 875
episode: 4300 | avg score: 150.7 | learning_steps: 892
episode: 4400 | avg score: 157.3 | learning_steps: 908
episode: 4500 | avg score: 136.3 | learning_steps: 924
episode: 4600 | avg score: 156.4 | learning_steps: 940
episode: 4700 | avg score: 145.5 | learning_steps: 958
episode: 4800 | avg score: 159.0 | learning_steps: 975
episode: 4900 | avg score: 169.6 | learning_steps: 989
episode: 5000 | avg score: 149.5 | learning_steps: 1002
episode: 5100 | avg score: 150.8 | learning_steps: 1018
episode: 5200 | avg score: 156.9 | learning_steps: 1034
episode: 5300 | avg score: 161.9 | learning_steps: 1048
episode: 5400 | avg score: 148.5 | learning_steps: 1063
episode: 5500 | avg score: 157.7 | learning_steps: 1077
episode: 5600 | avg score: 170.2 | learning_steps: 1091
episode: 5700 | avg score: 170.0 | learning_steps: 1105
episode: 5800 | avg score: 159.4 | learning_steps: 1122
episode: 5900 | avg score: 167.1 | learning_steps: 1139
episode: 6000 | avg score: 160.5 | learning_steps: 1154
episode: 6100 | avg score: 169.1 | learning_steps: 1169
episode: 6200 | avg score: 187.0 | learning_steps: 1183
episode: 6300 | avg score: 161.9 | learning_steps: 1199
episode: 6400 | avg score: 174.2 | learning_steps: 1214
episode: 6500 | avg score: 180.9 | learning_steps: 1230
episode: 6600 | avg score: 171.5 | learning_steps: 1244
episode: 6700 | avg score: 170.1 | learning_steps: 1259
episode: 6800 | avg score: 181.0 | learning_steps: 1274
episode: 6900 | avg score: 163.0 | learning_steps: 1288
episode: 7000 | avg score: 165.3 | learning_steps: 1303
episode: 7100 | avg score: 155.7 | learning_steps: 1317
episode: 7200 | avg score: 162.5 | learning_steps: 1331
episode: 7300 | avg score: 169.1 | learning_steps: 1346
episode: 7400 | avg score: 171.3 | learning_steps: 1363
episode: 7500 | avg score: 151.8 | learning_steps: 1379
episode: 7600 | avg score: 151.4 | learning_steps: 1394
episode: 7700 | avg score: 160.0 | learning_steps: 1410
episode: 7800 | avg score: 161.7 | learning_steps: 1426
episode: 7900 | avg score: 147.8 | learning_steps: 1441
episode: 8000 | avg score: 170.2 | learning_steps: 1455
episode: 8100 | avg score: 176.9 | learning_steps: 1470
episode: 8200 | avg score: 167.2 | learning_steps: 1485
episode: 8300 | avg score: 174.9 | learning_steps: 1500
episode: 8400 | avg score: 165.4 | learning_steps: 1516
episode: 8500 | avg score: 155.6 | learning_steps: 1531
episode: 8600 | avg score: 177.1 | learning_steps: 1544
episode: 8700 | avg score: 171.2 | learning_steps: 1558
episode: 8800 | avg score: 177.6 | learning_steps: 1572
episode: 8900 | avg score: 173.4 | learning_steps: 1585
episode: 9000 | avg score: 164.3 | learning_steps: 1599
episode: 9100 | avg score: 169.8 | learning_steps: 1614
episode: 9200 | avg score: 157.2 | learning_steps: 1628
episode: 9300 | avg score: 164.8 | learning_steps: 1642
episode: 9400 | avg score: 156.9 | learning_steps: 1657
episode: 9500 | avg score: 163.6 | learning_steps: 1671
episode: 9600 | avg score: 158.5 | learning_steps: 1686
episode: 9700 | avg score: 173.1 | learning_steps: 1699
episode: 9800 | avg score: 168.2 | learning_steps: 1713
episode: 9900 | avg score: 168.2 | learning_steps: 1727
episode: 10000 | avg score: 166.9 | learning_steps: 1741
episode: 10100 | avg score: 164.6 | learning_steps: 1755
episode: 10200 | avg score: 164.9 | learning_steps: 1769
episode: 10300 | avg score: 178.1 | learning_steps: 1783
episode: 10400 | avg score: 173.7 | learning_steps: 1798
episode: 10500 | avg score: 170.6 | learning_steps: 1811
episode: 10600 | avg score: 184.8 | learning_steps: 1825
episode: 10700 | avg score: 175.5 | learning_steps: 1840
episode: 10800 | avg score: 181.7 | learning_steps: 1854
episode: 10900 | avg score: 186.4 | learning_steps: 1869
episode: 11000 | avg score: 177.4 | learning_steps: 1884
episode: 11100 | avg score: 169.8 | learning_steps: 1898
episode: 11200 | avg score: 184.7 | learning_steps: 1911
episode: 11300 | avg score: 157.9 | learning_steps: 1926
episode: 11400 | avg score: 157.5 | learning_steps: 1940
episode: 11500 | avg score: 171.2 | learning_steps: 1954
episode: 11600 | avg score: 174.4 | learning_steps: 1968
episode: 11700 | avg score: 177.0 | learning_steps: 1981
episode: 11800 | avg score: 171.3 | learning_steps: 1994
episode: 11900 | avg score: 167.6 | learning_steps: 2009
episode: 12000 | avg score: 172.5 | learning_steps: 2023
episode: 12100 | avg score: 163.9 | learning_steps: 2039
episode: 12200 | avg score: 165.6 | learning_steps: 2053
episode: 12300 | avg score: 171.1 | learning_steps: 2067
episode: 12400 | avg score: 178.8 | learning_steps: 2082
episode: 12500 | avg score: 159.2 | learning_steps: 2096
episode: 12600 | avg score: 180.6 | learning_steps: 2110
episode: 12700 | avg score: 189.3 | learning_steps: 2124
episode: 12800 | avg score: 178.2 | learning_steps: 2139
episode: 12900 | avg score: 174.7 | learning_steps: 2152
episode: 13000 | avg score: 178.9 | learning_steps: 2166
episode: 13100 | avg score: 176.0 | learning_steps: 2180
episode: 13200 | avg score: 180.2 | learning_steps: 2193
episode: 13300 | avg score: 162.9 | learning_steps: 2207
episode: 13400 | avg score: 168.7 | learning_steps: 2221
episode: 13500 | avg score: 163.1 | learning_steps: 2237
episode: 13600 | avg score: 173.9 | learning_steps: 2250
episode: 13700 | avg score: 173.0 | learning_steps: 2264
episode: 13800 | avg score: 179.2 | learning_steps: 2277
episode: 13900 | avg score: 181.8 | learning_steps: 2291
episode: 14000 | avg score: 169.4 | learning_steps: 2305
episode: 14100 | avg score: 179.2 | learning_steps: 2319
episode: 14200 | avg score: 163.1 | learning_steps: 2332
episode: 14300 | avg score: 175.8 | learning_steps: 2344
episode: 14400 | avg score: 165.1 | learning_steps: 2357
episode: 14500 | avg score: 180.4 | learning_steps: 2371
episode: 14600 | avg score: 174.4 | learning_steps: 2384
episode: 14700 | avg score: 174.8 | learning_steps: 2398
episode: 14800 | avg score: 179.0 | learning_steps: 2411
episode: 14900 | avg score: 165.8 | learning_steps: 2424
episode: 15000 | avg score: 179.4 | learning_steps: 2438
episode: 15100 | avg score: 180.1 | learning_steps: 2451
episode: 15200 | avg score: 172.4 | learning_steps: 2464
episode: 15300 | avg score: 179.7 | learning_steps: 2478
episode: 15400 | avg score: 172.8 | learning_steps: 2492
episode: 15500 | avg score: 180.8 | learning_steps: 2505
episode: 15600 | avg score: 174.3 | learning_steps: 2518
episode: 15700 | avg score: 187.2 | learning_steps: 2531
episode: 15800 | avg score: 160.2 | learning_steps: 2545
episode: 15900 | avg score: 170.1 | learning_steps: 2558
episode: 16000 | avg score: 170.0 | learning_steps: 2572
episode: 16100 | avg score: 170.7 | learning_steps: 2586
episode: 16200 | avg score: 180.2 | learning_steps: 2599
episode: 16300 | avg score: 160.9 | learning_steps: 2613
episode: 16400 | avg score: 183.8 | learning_steps: 2627
episode: 16500 | avg score: 177.5 | learning_steps: 2641
episode: 16600 | avg score: 176.0 | learning_steps: 2654
episode: 16700 | avg score: 174.1 | learning_steps: 2669
episode: 16800 | avg score: 173.5 | learning_steps: 2682
episode: 16900 | avg score: 153.8 | learning_steps: 2696
episode: 17000 | avg score: 180.1 | learning_steps: 2709
episode: 17100 | avg score: 176.6 | learning_steps: 2723
episode: 17200 | avg score: 178.4 | learning_steps: 2738
episode: 17300 | avg score: 181.0 | learning_steps: 2752
episode: 17400 | avg score: 174.6 | learning_steps: 2765
episode: 17500 | avg score: 168.9 | learning_steps: 2780
episode: 17600 | avg score: 165.7 | learning_steps: 2796
episode: 17700 | avg score: 176.1 | learning_steps: 2811
episode: 17800 | avg score: 161.9 | learning_steps: 2826
episode: 17900 | avg score: 173.1 | learning_steps: 2839
episode: 18000 | avg score: 165.3 | learning_steps: 2853
episode: 18100 | avg score: 172.2 | learning_steps: 2866
episode: 18200 | avg score: 173.6 | learning_steps: 2880
episode: 18300 | avg score: 187.5 | learning_steps: 2895
episode: 18400 | avg score: 188.0 | learning_steps: 2911
episode: 18500 | avg score: 178.0 | learning_steps: 2928
episode: 18600 | avg score: 188.8 | learning_steps: 2941
episode: 18700 | avg score: 181.8 | learning_steps: 2954
episode: 18800 | avg score: 177.7 | learning_steps: 2968
episode: 18900 | avg score: 174.0 | learning_steps: 2982
episode: 19000 | avg score: 168.1 | learning_steps: 2999
episode: 19100 | avg score: 175.4 | learning_steps: 3013
episode: 19200 | avg score: 186.6 | learning_steps: 3027
episode: 19300 | avg score: 178.2 | learning_steps: 3041
episode: 19400 | avg score: 171.5 | learning_steps: 3055
episode: 19500 | avg score: 152.3 | learning_steps: 3069
episode: 19600 | avg score: 185.4 | learning_steps: 3083
episode: 19700 | avg score: 178.3 | learning_steps: 3097
episode: 19800 | avg score: 173.7 | learning_steps: 3111
episode: 19900 | avg score: 169.5 | learning_steps: 3124
finished at: Wed Jun 26 13:20:41 CEST 2024
