Running on host: studgpu-node01.inf.ethz.ch
In directory: /cluster/courses/3dv/data/team-25/decentralized_marl/catmouse_experiments
Starting on: Thu Jun 27 00:05:08 CEST 2024
SLURM_JOB_ID: 23135
using cuda
episode: 0 | avg score: -100.0 | learning_steps: 0
episode: 100 | avg score: -58.0 | learning_steps: 37
episode: 200 | avg score: -36.7 | learning_steps: 74
episode: 300 | avg score: -34.4 | learning_steps: 112
episode: 400 | avg score: 1.9 | learning_steps: 149
episode: 500 | avg score: -24.3 | learning_steps: 187
episode: 600 | avg score: -10.2 | learning_steps: 224
episode: 700 | avg score: 13.3 | learning_steps: 261
episode: 800 | avg score: 7.6 | learning_steps: 298
episode: 900 | avg score: 6.9 | learning_steps: 332
episode: 1000 | avg score: -23.9 | learning_steps: 371
episode: 1100 | avg score: -31.6 | learning_steps: 411
episode: 1200 | avg score: -23.6 | learning_steps: 450
episode: 1300 | avg score: 19.5 | learning_steps: 488
episode: 1400 | avg score: 80.3 | learning_steps: 526
episode: 1500 | avg score: 53.4 | learning_steps: 565
episode: 1600 | avg score: 54.2 | learning_steps: 603
episode: 1700 | avg score: 69.8 | learning_steps: 641
episode: 1800 | avg score: 52.3 | learning_steps: 680
episode: 1900 | avg score: 42.8 | learning_steps: 717
episode: 2000 | avg score: 72.6 | learning_steps: 756
episode: 2100 | avg score: 67.5 | learning_steps: 794
episode: 2200 | avg score: 61.1 | learning_steps: 831
episode: 2300 | avg score: 55.3 | learning_steps: 869
episode: 2400 | avg score: 66.4 | learning_steps: 907
episode: 2500 | avg score: 89.5 | learning_steps: 944
episode: 2600 | avg score: 71.5 | learning_steps: 981
episode: 2700 | avg score: 69.8 | learning_steps: 1019
episode: 2800 | avg score: 17.1 | learning_steps: 1057
episode: 2900 | avg score: -26.8 | learning_steps: 1096
episode: 3000 | avg score: -25.6 | learning_steps: 1135
episode: 3100 | avg score: 16.9 | learning_steps: 1174
episode: 3200 | avg score: 34.1 | learning_steps: 1213
episode: 3300 | avg score: 26.3 | learning_steps: 1251
episode: 3400 | avg score: 37.9 | learning_steps: 1290
episode: 3500 | avg score: 47.8 | learning_steps: 1328
episode: 3600 | avg score: 54.3 | learning_steps: 1366
episode: 3700 | avg score: 82.5 | learning_steps: 1403
episode: 3800 | avg score: 73.1 | learning_steps: 1441
episode: 3900 | avg score: 57.9 | learning_steps: 1479
episode: 4000 | avg score: 47.1 | learning_steps: 1517
episode: 4100 | avg score: 13.0 | learning_steps: 1556
episode: 4200 | avg score: -6.2 | learning_steps: 1595
episode: 4300 | avg score: -8.9 | learning_steps: 1634
episode: 4400 | avg score: -0.7 | learning_steps: 1672
episode: 4500 | avg score: 79.3 | learning_steps: 1710
episode: 4600 | avg score: 75.2 | learning_steps: 1748
episode: 4700 | avg score: 100.4 | learning_steps: 1786
episode: 4800 | avg score: 76.3 | learning_steps: 1823
episode: 4900 | avg score: 74.9 | learning_steps: 1861
episode: 5000 | avg score: 88.5 | learning_steps: 1899
episode: 5100 | avg score: 97.4 | learning_steps: 1936
episode: 5200 | avg score: 89.9 | learning_steps: 1974
episode: 5300 | avg score: 50.5 | learning_steps: 2012
episode: 5400 | avg score: 68.5 | learning_steps: 2050
episode: 5500 | avg score: 102.5 | learning_steps: 2087
episode: 5600 | avg score: 102.9 | learning_steps: 2123
episode: 5700 | avg score: 88.3 | learning_steps: 2160
episode: 5800 | avg score: 58.3 | learning_steps: 2198
episode: 5900 | avg score: 84.6 | learning_steps: 2236
episode: 6000 | avg score: 99.3 | learning_steps: 2273
episode: 6100 | avg score: 71.1 | learning_steps: 2311
episode: 6200 | avg score: 53.2 | learning_steps: 2350
episode: 6300 | avg score: 85.7 | learning_steps: 2387
episode: 6400 | avg score: 87.5 | learning_steps: 2424
episode: 6500 | avg score: 79.0 | learning_steps: 2462
episode: 6600 | avg score: 86.6 | learning_steps: 2500
episode: 6700 | avg score: 106.6 | learning_steps: 2536
episode: 6800 | avg score: 77.4 | learning_steps: 2575
episode: 6900 | avg score: 98.5 | learning_steps: 2612
episode: 7000 | avg score: 75.7 | learning_steps: 2651
episode: 7100 | avg score: 120.2 | learning_steps: 2688
episode: 7200 | avg score: 77.6 | learning_steps: 2726
episode: 7300 | avg score: 68.1 | learning_steps: 2763
episode: 7400 | avg score: 88.3 | learning_steps: 2801
episode: 7500 | avg score: 115.1 | learning_steps: 2839
episode: 7600 | avg score: 79.5 | learning_steps: 2877
episode: 7700 | avg score: 94.7 | learning_steps: 2915
episode: 7800 | avg score: 109.5 | learning_steps: 2953
episode: 7900 | avg score: 89.5 | learning_steps: 2990
episode: 8000 | avg score: 77.6 | learning_steps: 3028
episode: 8100 | avg score: 110.6 | learning_steps: 3064
episode: 8200 | avg score: 92.2 | learning_steps: 3102
episode: 8300 | avg score: 80.2 | learning_steps: 3139
episode: 8400 | avg score: 77.9 | learning_steps: 3177
episode: 8500 | avg score: 86.5 | learning_steps: 3215
episode: 8600 | avg score: 71.1 | learning_steps: 3253
episode: 8700 | avg score: 78.9 | learning_steps: 3291
episode: 8800 | avg score: 86.7 | learning_steps: 3329
episode: 8900 | avg score: 79.8 | learning_steps: 3366
episode: 9000 | avg score: 84.5 | learning_steps: 3404
episode: 9100 | avg score: 84.3 | learning_steps: 3441
episode: 9200 | avg score: 60.0 | learning_steps: 3479
episode: 9300 | avg score: 71.1 | learning_steps: 3516
episode: 9400 | avg score: 86.4 | learning_steps: 3553
episode: 9500 | avg score: 94.9 | learning_steps: 3590
episode: 9600 | avg score: 100.5 | learning_steps: 3628
episode: 9700 | avg score: 104.4 | learning_steps: 3667
episode: 9800 | avg score: 108.4 | learning_steps: 3704
episode: 9900 | avg score: 100.4 | learning_steps: 3742
episode: 10000 | avg score: 91.5 | learning_steps: 3780
episode: 10100 | avg score: 70.1 | learning_steps: 3817
episode: 10200 | avg score: 110.1 | learning_steps: 3854
episode: 10300 | avg score: 88.8 | learning_steps: 3891
episode: 10400 | avg score: 96.8 | learning_steps: 3929
episode: 10500 | avg score: 103.5 | learning_steps: 3967
episode: 10600 | avg score: 116.5 | learning_steps: 4004
episode: 10700 | avg score: 93.1 | learning_steps: 4041
episode: 10800 | avg score: 90.3 | learning_steps: 4080
episode: 10900 | avg score: 87.1 | learning_steps: 4117
episode: 11000 | avg score: 85.6 | learning_steps: 4155
episode: 11100 | avg score: 94.3 | learning_steps: 4193
episode: 11200 | avg score: 101.3 | learning_steps: 4231
episode: 11300 | avg score: 109.5 | learning_steps: 4269
episode: 11400 | avg score: 90.3 | learning_steps: 4306
episode: 11500 | avg score: 78.3 | learning_steps: 4344
episode: 11600 | avg score: 89.5 | learning_steps: 4382
episode: 11700 | avg score: 83.6 | learning_steps: 4421
episode: 11800 | avg score: 105.7 | learning_steps: 4458
episode: 11900 | avg score: 113.8 | learning_steps: 4495
episode: 12000 | avg score: 83.7 | learning_steps: 4533
episode: 12100 | avg score: 96.6 | learning_steps: 4571
episode: 12200 | avg score: 114.3 | learning_steps: 4608
episode: 12300 | avg score: 91.8 | learning_steps: 4646
episode: 12400 | avg score: 105.2 | learning_steps: 4684
episode: 12500 | avg score: 103.0 | learning_steps: 4721
episode: 12600 | avg score: 86.5 | learning_steps: 4759
episode: 12700 | avg score: 104.9 | learning_steps: 4797
episode: 12800 | avg score: 94.8 | learning_steps: 4834
episode: 12900 | avg score: 96.2 | learning_steps: 4872
episode: 13000 | avg score: 92.5 | learning_steps: 4909
episode: 13100 | avg score: 93.2 | learning_steps: 4947
episode: 13200 | avg score: 83.9 | learning_steps: 4985
episode: 13300 | avg score: 90.6 | learning_steps: 5023
episode: 13400 | avg score: 102.4 | learning_steps: 5059
episode: 13500 | avg score: 96.3 | learning_steps: 5096
episode: 13600 | avg score: 122.3 | learning_steps: 5133
episode: 13700 | avg score: 66.8 | learning_steps: 5171
episode: 13800 | avg score: 89.9 | learning_steps: 5210
episode: 13900 | avg score: 90.0 | learning_steps: 5247
episode: 14000 | avg score: 106.9 | learning_steps: 5285
episode: 14100 | avg score: 90.4 | learning_steps: 5323
episode: 14200 | avg score: 97.8 | learning_steps: 5361
episode: 14300 | avg score: 112.5 | learning_steps: 5398
episode: 14400 | avg score: 94.9 | learning_steps: 5436
episode: 14500 | avg score: 113.9 | learning_steps: 5473
episode: 14600 | avg score: 115.0 | learning_steps: 5512
episode: 14700 | avg score: 97.7 | learning_steps: 5549
episode: 14800 | avg score: 77.7 | learning_steps: 5588
episode: 14900 | avg score: 95.6 | learning_steps: 5626
episode: 15000 | avg score: 103.1 | learning_steps: 5663
episode: 15100 | avg score: 74.2 | learning_steps: 5701
episode: 15200 | avg score: 95.4 | learning_steps: 5738
episode: 15300 | avg score: 115.6 | learning_steps: 5776
episode: 15400 | avg score: 101.8 | learning_steps: 5813
episode: 15500 | avg score: 122.4 | learning_steps: 5850
episode: 15600 | avg score: 97.8 | learning_steps: 5887
episode: 15700 | avg score: 96.6 | learning_steps: 5925
episode: 15800 | avg score: 101.2 | learning_steps: 5962
episode: 15900 | avg score: 91.7 | learning_steps: 6000
episode: 16000 | avg score: 78.9 | learning_steps: 6038
episode: 16100 | avg score: 119.5 | learning_steps: 6075
episode: 16200 | avg score: 110.8 | learning_steps: 6113
episode: 16300 | avg score: 99.2 | learning_steps: 6150
episode: 16400 | avg score: 93.8 | learning_steps: 6189
episode: 16500 | avg score: 105.5 | learning_steps: 6227
episode: 16600 | avg score: 105.1 | learning_steps: 6264
episode: 16700 | avg score: 98.9 | learning_steps: 6302
episode: 16800 | avg score: 116.0 | learning_steps: 6340
episode: 16900 | avg score: 101.9 | learning_steps: 6378
episode: 17000 | avg score: 89.0 | learning_steps: 6415
episode: 17100 | avg score: 81.0 | learning_steps: 6454
episode: 17200 | avg score: 111.7 | learning_steps: 6492
episode: 17300 | avg score: 83.2 | learning_steps: 6530
episode: 17400 | avg score: 108.8 | learning_steps: 6568
episode: 17500 | avg score: 115.6 | learning_steps: 6606
episode: 17600 | avg score: 91.5 | learning_steps: 6644
episode: 17700 | avg score: 98.0 | learning_steps: 6682
episode: 17800 | avg score: 113.0 | learning_steps: 6720
episode: 17900 | avg score: 112.1 | learning_steps: 6758
episode: 18000 | avg score: 92.1 | learning_steps: 6795
episode: 18100 | avg score: 92.4 | learning_steps: 6834
episode: 18200 | avg score: 124.9 | learning_steps: 6872
episode: 18300 | avg score: 83.5 | learning_steps: 6909
episode: 18400 | avg score: 111.4 | learning_steps: 6947
episode: 18500 | avg score: 94.6 | learning_steps: 6985
episode: 18600 | avg score: 118.0 | learning_steps: 7022
episode: 18700 | avg score: 119.9 | learning_steps: 7059
episode: 18800 | avg score: 88.5 | learning_steps: 7097
episode: 18900 | avg score: 113.0 | learning_steps: 7134
episode: 19000 | avg score: 95.5 | learning_steps: 7172
episode: 19100 | avg score: 120.7 | learning_steps: 7209
episode: 19200 | avg score: 78.5 | learning_steps: 7247
episode: 19300 | avg score: 60.6 | learning_steps: 7285
episode: 19400 | avg score: 113.8 | learning_steps: 7323
episode: 19500 | avg score: 107.0 | learning_steps: 7361
episode: 19600 | avg score: 91.8 | learning_steps: 7399
episode: 19700 | avg score: 59.1 | learning_steps: 7437
episode: 19800 | avg score: 107.8 | learning_steps: 7475
episode: 19900 | avg score: 102.0 | learning_steps: 7513
episode: 20000 | avg score: 88.2 | learning_steps: 7551
episode: 20100 | avg score: 98.0 | learning_steps: 7589
episode: 20200 | avg score: 107.8 | learning_steps: 7627
episode: 20300 | avg score: 79.2 | learning_steps: 7665
episode: 20400 | avg score: 117.8 | learning_steps: 7703
episode: 20500 | avg score: 90.8 | learning_steps: 7740
episode: 20600 | avg score: 78.7 | learning_steps: 7778
episode: 20700 | avg score: 95.7 | learning_steps: 7816
episode: 20800 | avg score: 115.3 | learning_steps: 7853
episode: 20900 | avg score: 92.6 | learning_steps: 7890
episode: 21000 | avg score: 87.2 | learning_steps: 7928
episode: 21100 | avg score: 101.3 | learning_steps: 7966
episode: 21200 | avg score: 87.0 | learning_steps: 8004
episode: 21300 | avg score: 90.1 | learning_steps: 8042
episode: 21400 | avg score: 83.1 | learning_steps: 8079
episode: 21500 | avg score: 94.0 | learning_steps: 8116
episode: 21600 | avg score: 89.9 | learning_steps: 8154
episode: 21700 | avg score: 124.5 | learning_steps: 8191
episode: 21800 | avg score: 98.2 | learning_steps: 8228
episode: 21900 | avg score: 112.2 | learning_steps: 8265
episode: 22000 | avg score: 105.5 | learning_steps: 8302
episode: 22100 | avg score: 80.1 | learning_steps: 8340
episode: 22200 | avg score: 97.0 | learning_steps: 8378
episode: 22300 | avg score: 113.3 | learning_steps: 8416
episode: 22400 | avg score: 131.9 | learning_steps: 8453
episode: 22500 | avg score: 112.4 | learning_steps: 8490
episode: 22600 | avg score: 93.2 | learning_steps: 8528
episode: 22700 | avg score: 125.9 | learning_steps: 8566
episode: 22800 | avg score: 79.9 | learning_steps: 8604
episode: 22900 | avg score: 98.7 | learning_steps: 8641
episode: 23000 | avg score: 111.1 | learning_steps: 8679
episode: 23100 | avg score: 112.9 | learning_steps: 8716
episode: 23200 | avg score: 73.3 | learning_steps: 8754
episode: 23300 | avg score: 89.9 | learning_steps: 8793
episode: 23400 | avg score: 124.9 | learning_steps: 8830
episode: 23500 | avg score: 106.3 | learning_steps: 8868
episode: 23600 | avg score: 96.0 | learning_steps: 8906
episode: 23700 | avg score: 80.5 | learning_steps: 8944
episode: 23800 | avg score: 97.0 | learning_steps: 8982
episode: 23900 | avg score: 108.5 | learning_steps: 9019
episode: 24000 | avg score: 110.3 | learning_steps: 9057
episode: 24100 | avg score: 105.8 | learning_steps: 9095
episode: 24200 | avg score: 111.2 | learning_steps: 9133
episode: 24300 | avg score: 92.1 | learning_steps: 9170
episode: 24400 | avg score: 111.1 | learning_steps: 9207
episode: 24500 | avg score: 88.3 | learning_steps: 9246
episode: 24600 | avg score: 116.9 | learning_steps: 9284
episode: 24700 | avg score: 80.7 | learning_steps: 9322
episode: 24800 | avg score: 71.4 | learning_steps: 9360
episode: 24900 | avg score: 111.6 | learning_steps: 9397
episode: 25000 | avg score: 130.1 | learning_steps: 9434
episode: 25100 | avg score: 88.8 | learning_steps: 9472
episode: 25200 | avg score: 79.0 | learning_steps: 9510
episode: 25300 | avg score: 84.1 | learning_steps: 9547
episode: 25400 | avg score: 90.5 | learning_steps: 9585
episode: 25500 | avg score: 95.1 | learning_steps: 9622
episode: 25600 | avg score: 109.2 | learning_steps: 9659
episode: 25700 | avg score: 132.5 | learning_steps: 9695
episode: 25800 | avg score: 90.2 | learning_steps: 9734
episode: 25900 | avg score: 98.7 | learning_steps: 9771
episode: 26000 | avg score: 106.9 | learning_steps: 9808
episode: 26100 | avg score: 83.7 | learning_steps: 9846
episode: 26200 | avg score: 83.0 | learning_steps: 9884
episode: 26300 | avg score: 92.7 | learning_steps: 9921
episode: 26400 | avg score: 79.5 | learning_steps: 9958
episode: 26500 | avg score: 73.6 | learning_steps: 9996
episode: 26600 | avg score: 57.7 | learning_steps: 10034
episode: 26700 | avg score: 63.0 | learning_steps: 10071
episode: 26800 | avg score: 15.9 | learning_steps: 10110
episode: 26900 | avg score: 61.4 | learning_steps: 10148
episode: 27000 | avg score: 54.4 | learning_steps: 10185
episode: 27100 | avg score: 69.0 | learning_steps: 10223
episode: 27200 | avg score: 67.7 | learning_steps: 10261
episode: 27300 | avg score: 89.6 | learning_steps: 10298
episode: 27400 | avg score: 99.0 | learning_steps: 10336
episode: 27500 | avg score: 114.4 | learning_steps: 10373
episode: 27600 | avg score: 113.0 | learning_steps: 10410
episode: 27700 | avg score: 102.6 | learning_steps: 10448
episode: 27800 | avg score: 129.0 | learning_steps: 10485
episode: 27900 | avg score: 101.7 | learning_steps: 10522
episode: 28000 | avg score: 54.6 | learning_steps: 10560
episode: 28100 | avg score: 45.6 | learning_steps: 10599
episode: 28200 | avg score: 72.5 | learning_steps: 10637
episode: 28300 | avg score: 36.1 | learning_steps: 10675
episode: 28400 | avg score: 36.8 | learning_steps: 10713
episode: 28500 | avg score: 29.8 | learning_steps: 10752
episode: 28600 | avg score: 57.3 | learning_steps: 10791
episode: 28700 | avg score: 49.9 | learning_steps: 10829
episode: 28800 | avg score: 47.4 | learning_steps: 10867
episode: 28900 | avg score: 62.6 | learning_steps: 10906
episode: 29000 | avg score: 43.9 | learning_steps: 10944
episode: 29100 | avg score: 49.7 | learning_steps: 10983
episode: 29200 | avg score: 41.7 | learning_steps: 11022
episode: 29300 | avg score: 45.9 | learning_steps: 11060
episode: 29400 | avg score: 64.0 | learning_steps: 11098
episode: 29500 | avg score: 103.0 | learning_steps: 11135
episode: 29600 | avg score: 106.7 | learning_steps: 11171
episode: 29700 | avg score: 112.0 | learning_steps: 11209
episode: 29800 | avg score: 90.7 | learning_steps: 11245
episode: 29900 | avg score: 76.7 | learning_steps: 11281
finished at: Thu Jun 27 02:04:05 CEST 2024
