Running on host: studgpu-node01.inf.ethz.ch
In directory: /cluster/courses/3dv/data/team-25/decentralized_marl/catmouse_experiments
Starting on: Thu Jun 27 13:38:54 CEST 2024
SLURM_JOB_ID: 23169
using cuda
[[1 6 0]
 [4 3 0]
 [5 2 0]
 [1 2 0]
 [2 2 0]
 [2 2 0]
 [1 4 0]
 [4 3 0]
 [6 5 0]
 [1 3 0]
 [6 0 0]
 [6 3 0]
 [2 1 0]
 [5 5 0]
 [1 3 0]
 [4 5 0]
 [2 5 0]
 [1 3 0]
 [3 4 0]
 [4 4 0]]
[[0 0 0 0 0 0 0]
 [0 0 1 3 1 0 1]
 [0 1 2 0 0 1 0]
 [0 0 0 0 1 0 0]
 [0 0 0 2 1 1 0]
 [0 0 1 0 0 1 0]
 [1 0 0 1 0 1 0]]
7
[[0. 0. 0. 0. 0. 0. 0.]
 [1. 0. 4. 1. 0. 0. 0.]
 [0. 0. 3. 0. 0. 0. 2.]
 [0. 0. 1. 0. 1. 0. 0.]
 [0. 0. 0. 0. 0. 0. 0.]
 [0. 0. 0. 1. 4. 0. 0.]
 [0. 1. 0. 0. 1. 0. 0.]]
[[2 6 0]
 [5 4 0]
 [5 4 0]
 [1 2 0]
 [1 2 0]
 [1 2 0]
 [1 3 0]
 [5 4 0]
 [6 4 0]
 [1 2 0]
 [6 1 0]
 [5 3 0]
 [1 0 0]
 [5 4 0]
 [1 2 0]
 [3 4 0]
 [2 6 0]
 [1 2 0]
 [1 2 0]
 [3 2 0]]
[[2 6 0]
 [5 4 0]
 [5 4 0]
 [1 2 0]
 [1 2 0]
 [1 2 0]
 [1 3 0]
 [5 4 0]
 [6 4 0]
 [1 2 0]
 [6 1 0]
 [5 3 0]
 [1 0 0]
 [5 4 0]
 [1 2 0]
 [3 4 0]
 [2 6 0]
 [1 2 0]
 [1 2 0]
 [3 2 0]]
[[0. 0. 0. 0. 0. 0. 0.]
 [1. 0. 4. 1. 0. 0. 0.]
 [0. 0. 3. 0. 0. 0. 2.]
 [0. 0. 1. 0. 1. 0. 0.]
 [0. 0. 0. 0. 0. 0. 0.]
 [0. 0. 0. 1. 4. 0. 0.]
 [0. 1. 0. 0. 1. 0. 0.]]
7
[[0. 0. 0. 0. 1. 0. 2.]
 [1. 0. 0. 7. 0. 0. 0.]
 [0. 0. 0. 1. 0. 0. 0.]
 [0. 0. 0. 0. 0. 0. 0.]
 [0. 0. 1. 0. 0. 0. 0.]
 [0. 0. 0. 0. 0. 0. 0.]
 [0. 1. 1. 5. 0. 0. 0.]]
[[0 6 0]
 [6 3 0]
 [6 3 0]
 [0 4 0]
 [0 4 0]
 [0 4 0]
 [0 4 0]
 [6 3 0]
 [6 3 0]
 [0 4 0]
 [6 2 0]
 [6 2 0]
 [1 0 0]
 [6 3 0]
 [0 4 0]
 [2 3 0]
 [0 6 0]
 [0 4 0]
 [0 4 0]
 [4 2 0]]
[[0 6 0]
 [6 3 0]
 [6 3 0]
 [0 4 0]
 [0 4 0]
 [0 4 0]
 [0 4 0]
 [6 3 0]
 [6 3 0]
 [0 4 0]
 [6 2 0]
 [6 2 0]
 [1 0 0]
 [6 3 0]
 [0 4 0]
 [2 3 0]
 [0 6 0]
 [0 4 0]
 [0 4 0]
 [4 2 0]]
[[0. 0. 0. 0. 1. 0. 2.]
 [1. 0. 0. 7. 0. 0. 0.]
 [0. 0. 0. 1. 0. 0. 0.]
 [0. 0. 0. 0. 0. 0. 0.]
 [0. 0. 1. 0. 0. 0. 0.]
 [0. 0. 0. 0. 0. 0. 0.]
 [0. 1. 1. 5. 0. 0. 0.]]
7
[[0. 0. 0. 1. 0. 2. 0.]
 [0. 1. 0. 0. 0. 0. 0.]
 [0. 0. 0. 0. 7. 0. 0.]
 [0. 0. 0. 1. 1. 0. 0.]
 [0. 0. 0. 0. 0. 0. 0.]
 [0. 0. 0. 0. 0. 0. 0.]
 [0. 0. 6. 0. 1. 0. 0.]]
[[0 5 0]
 [6 2 0]
 [6 2 0]
 [0 3 0]
 [0 3 0]
 [0 3 0]
 [0 3 0]
 [6 2 0]
 [6 2 0]
 [0 3 0]
 [6 4 0]
 [6 4 0]
 [1 1 0]
 [6 2 0]
 [0 3 0]
 [3 3 0]
 [0 5 0]
 [0 3 0]
 [0 3 0]
 [3 4 0]]
[[0 5 0]
 [6 2 0]
 [6 2 0]
 [0 3 0]
 [0 3 0]
 [0 3 0]
 [0 3 0]
 [6 2 0]
 [6 2 0]
 [0 3 0]
 [6 4 0]
 [6 4 0]
 [1 1 0]
 [6 2 0]
 [0 3 0]
 [3 3 0]
 [0 5 0]
 [0 3 0]
 [0 3 0]
 [3 4 0]]
[[0. 0. 0. 1. 0. 2. 0.]
 [0. 1. 0. 0. 0. 0. 0.]
 [0. 0. 0. 0. 7. 0. 0.]
 [0. 0. 0. 1. 1. 0. 0.]
 [0. 0. 0. 0. 0. 0. 0.]
 [0. 0. 0. 0. 0. 0. 0.]
 [0. 0. 6. 0. 1. 0. 0.]]
7
[[0. 0. 1. 1. 0. 2. 0.]
 [0. 0. 1. 0. 1. 0. 0.]
 [0. 0. 0. 7. 0. 0. 0.]
 [0. 0. 0. 0. 0. 0. 0.]
 [0. 0. 0. 0. 0. 0. 0.]
 [0. 0. 0. 0. 0. 0. 0.]
 [0. 0. 0. 1. 6. 0. 0.]]
[[0 5 0]
 [6 3 0]
 [6 3 0]
 [0 3 0]
 [0 3 0]
 [0 3 0]
 [0 3 0]
 [6 3 0]
 [6 3 0]
 [0 3 0]
 [6 3 0]
 [6 3 0]
 [0 2 0]
 [6 3 0]
 [0 3 0]
 [1 2 0]
 [0 5 0]
 [0 3 0]
 [0 3 0]
 [1 4 0]]
[[0 5 0]
 [6 3 0]
 [6 3 0]
 [0 3 0]
 [0 3 0]
 [0 3 0]
 [0 3 0]
 [6 3 0]
 [6 3 0]
 [0 3 0]
 [6 3 0]
 [6 3 0]
 [0 2 0]
 [6 3 0]
 [0 3 0]
 [1 2 0]
 [0 5 0]
 [0 3 0]
 [0 3 0]
 [1 4 0]]
[[0. 0. 1. 1. 0. 2. 0.]
 [0. 0. 1. 0. 1. 0. 0.]
 [0. 0. 0. 7. 0. 0. 0.]
 [0. 0. 0. 0. 0. 0. 0.]
 [0. 0. 0. 0. 0. 0. 0.]
 [0. 0. 0. 0. 0. 0. 0.]
 [0. 0. 0. 1. 6. 0. 0.]]
7
[[0. 0. 1. 1. 0. 2. 0.]
 [0. 0. 0. 0. 1. 0. 0.]
 [0. 1. 0. 0. 0. 0. 0.]
 [0. 0. 0. 7. 0. 0. 0.]
 [0. 0. 0. 0. 0. 0. 0.]
 [0. 0. 0. 0. 0. 0. 0.]
 [0. 0. 1. 0. 0. 6. 0.]]
[[0 5 0]
 [6 2 0]
 [6 2 0]
 [0 3 0]
 [0 3 0]
 [0 3 0]
 [0 3 0]
 [6 2 0]
 [6 2 0]
 [0 3 0]
 [6 2 0]
 [6 2 0]
 [0 2 0]
 [6 2 0]
 [0 3 0]
 [2 1 0]
 [0 5 0]
 [0 3 0]
 [0 3 0]
 [1 4 0]]
[[0 5 0]
 [6 2 0]
 [6 2 0]
 [0 3 0]
 [0 3 0]
 [0 3 0]
 [0 3 0]
 [6 2 0]
 [6 2 0]
 [0 3 0]
 [6 2 0]
 [6 2 0]
 [0 2 0]
 [6 2 0]
 [0 3 0]
 [2 1 0]
 [0 5 0]
 [0 3 0]
 [0 3 0]
 [1 4 0]]
[[0. 0. 1. 1. 0. 2. 0.]
 [0. 0. 0. 0. 1. 0. 0.]
 [0. 1. 0. 0. 0. 0. 0.]
 [0. 0. 0. 7. 0. 0. 0.]
 [0. 0. 0. 0. 0. 0. 0.]
 [0. 0. 0. 0. 0. 0. 0.]
 [0. 0. 1. 0. 0. 6. 0.]]
7
[[0. 0. 1. 1. 0. 2. 0.]
 [0. 0. 0. 0. 1. 0. 0.]
 [0. 0. 0. 7. 0. 0. 0.]
 [1. 0. 0. 0. 0. 0. 0.]
 [0. 0. 0. 0. 0. 0. 0.]
 [0. 0. 0. 0. 0. 0. 0.]
 [0. 0. 0. 0. 1. 0. 6.]]
[[0 5 0]
 [6 4 0]
 [6 4 0]
 [0 3 0]
 [0 3 0]
 [0 3 0]
 [0 3 0]
 [6 4 0]
 [6 4 0]
 [0 3 0]
 [6 4 0]
 [6 4 0]
 [0 2 0]
 [6 4 0]
 [0 3 0]
 [3 0 0]
 [0 5 0]
 [0 3 0]
 [0 3 0]
 [1 4 0]]
[[0 5 0]
 [6 4 1]
 [6 4 1]
 [0 3 0]
 [0 3 0]
 [0 3 0]
 [0 3 0]
 [6 4 1]
 [6 4 1]
 [0 3 0]
 [6 4 1]
 [6 4 1]
 [0 2 0]
 [6 4 1]
 [0 3 0]
 [3 0 0]
 [0 5 0]
 [0 3 0]
 [0 3 0]
 [1 4 0]]
[[0. 0. 1. 1. 0. 2. 0.]
 [0. 0. 0. 0. 1. 0. 0.]
 [0. 0. 0. 7. 0. 0. 0.]
 [1. 0. 0. 0. 0. 0. 0.]
 [0. 0. 0. 0. 0. 0. 0.]
 [0. 0. 0. 0. 0. 0. 0.]
 [0. 0. 0. 0. 0. 0. 6.]]
7
[[0. 0. 1. 0. 0. 3. 0.]
 [0. 0. 0. 1. 0. 0. 0.]
 [0. 0. 0. 0. 7. 0. 0.]
 [1. 0. 0. 0. 0. 0. 0.]
 [0. 0. 0. 0. 0. 0. 0.]
 [0. 0. 0. 0. 0. 0. 0.]
 [0. 0. 0. 0. 0. 0. 0.]]
[[0 5 0]
 [6 4 1]
 [6 4 1]
 [1 3 0]
 [1 3 0]
 [1 3 0]
 [1 3 0]
 [6 4 1]
 [6 4 1]
 [1 3 0]
 [6 4 1]
 [6 4 1]
 [0 2 0]
 [6 4 1]
 [1 3 0]
 [3 0 0]
 [0 5 0]
 [1 3 0]
 [1 3 0]
 [0 5 0]]
[[0 5 0]
 [6 4 1]
 [6 4 1]
 [1 3 0]
 [1 3 0]
 [1 3 0]
 [1 3 0]
 [6 4 1]
 [6 4 1]
 [1 3 0]
 [6 4 1]
 [6 4 1]
 [0 2 0]
 [6 4 1]
 [1 3 0]
 [3 0 0]
 [0 5 0]
 [1 3 0]
 [1 3 0]
 [0 5 0]]
[[0. 0. 1. 0. 0. 3. 0.]
 [0. 0. 0. 1. 0. 0. 0.]
 [0. 0. 0. 0. 7. 0. 0.]
 [1. 0. 0. 0. 0. 0. 0.]
 [0. 0. 0. 0. 0. 0. 0.]
 [0. 0. 0. 0. 0. 0. 0.]
 [0. 0. 0. 0. 0. 0. 0.]]
7
[[0. 0. 0. 0. 0. 0. 3.]
 [0. 1. 0. 1. 0. 7. 0.]
 [0. 0. 0. 0. 0. 0. 0.]
 [1. 0. 0. 0. 0. 0. 0.]
 [0. 0. 0. 0. 0. 0. 0.]
 [0. 0. 0. 0. 0. 0. 0.]
 [0. 0. 0. 0. 0. 0. 0.]]
[[0 6 0]
 [6 4 1]
 [6 4 1]
 [1 3 0]
 [1 3 0]
 [1 3 0]
 [1 3 0]
 [6 4 1]
 [6 4 1]
 [1 3 0]
 [6 4 1]
 [6 4 1]
 [1 1 0]
 [6 4 1]
 [1 3 0]
 [3 0 0]
 [0 6 0]
 [1 3 0]
 [1 3 0]
 [0 6 0]]
[[0 6 0]
 [6 4 1]
 [6 4 1]
 [1 3 0]
 [1 3 0]
 [1 3 0]
 [1 3 0]
 [6 4 1]
 [6 4 1]
 [1 3 0]
 [6 4 1]
 [6 4 1]
 [1 1 0]
 [6 4 1]
 [1 3 0]
 [3 0 0]
 [0 6 0]
 [1 3 0]
 [1 3 0]
 [0 6 0]]
[[0. 0. 0. 0. 0. 0. 3.]
 [0. 1. 0. 1. 0. 7. 0.]
 [0. 0. 0. 0. 0. 0. 0.]
 [1. 0. 0. 0. 0. 0. 0.]
 [0. 0. 0. 0. 0. 0. 0.]
 [0. 0. 0. 0. 0. 0. 0.]
 [0. 0. 0. 0. 0. 0. 0.]]
7
[[0. 1. 0. 0. 0. 0. 0.]
 [1. 0. 1. 0. 0. 3. 0.]
 [0. 0. 0. 0. 0. 7. 0.]
 [0. 0. 0. 0. 0. 0. 0.]
 [0. 0. 0. 0. 0. 0. 0.]
 [0. 0. 0. 0. 0. 0. 0.]
 [0. 0. 0. 0. 0. 0. 0.]]
[[2 5 0]
 [6 4 1]
 [6 4 1]
 [1 2 0]
 [1 2 0]
 [1 2 0]
 [1 2 0]
 [6 4 1]
 [6 4 1]
 [1 2 0]
 [6 4 1]
 [6 4 1]
 [0 1 0]
 [6 4 1]
 [1 2 0]
 [1 0 0]
 [2 5 0]
 [1 2 0]
 [1 2 0]
 [2 5 0]]
[[2 5 0]
 [6 4 1]
 [6 4 1]
 [1 2 0]
 [1 2 0]
 [1 2 0]
 [1 2 0]
 [6 4 1]
 [6 4 1]
 [1 2 0]
 [6 4 1]
 [6 4 1]
 [0 1 0]
 [6 4 1]
 [1 2 0]
 [1 0 0]
 [2 5 0]
 [1 2 0]
 [1 2 0]
 [2 5 0]]
[[0. 1. 0. 0. 0. 0. 0.]
 [1. 0. 1. 0. 0. 3. 0.]
 [0. 0. 0. 0. 0. 7. 0.]
 [0. 0. 0. 0. 0. 0. 0.]
 [0. 0. 0. 0. 0. 0. 0.]
 [0. 0. 0. 0. 0. 0. 0.]
 [0. 0. 0. 0. 0. 0. 0.]]
7
[[0. 1. 1. 0. 3. 0. 0.]
 [1. 0. 0. 0. 0. 0. 0.]
 [0. 0. 0. 0. 0. 7. 0.]
 [0. 0. 0. 0. 0. 0. 0.]
 [0. 0. 0. 0. 0. 0. 0.]
 [0. 0. 0. 0. 0. 0. 0.]
 [0. 0. 0. 0. 0. 0. 0.]]
[[2 5 0]
 [6 4 1]
 [6 4 1]
 [0 2 0]
 [0 2 0]
 [0 2 0]
 [0 2 0]
 [6 4 1]
 [6 4 1]
 [0 2 0]
 [6 4 1]
 [6 4 1]
 [0 1 0]
 [6 4 1]
 [0 2 0]
 [1 0 0]
 [2 5 0]
 [0 2 0]
 [0 2 0]
 [2 5 0]]
[[2 5 0]
 [6 4 1]
 [6 4 1]
 [0 2 0]
 [0 2 0]
 [0 2 0]
 [0 2 0]
 [6 4 1]
 [6 4 1]
 [0 2 0]
 [6 4 1]
 [6 4 1]
 [0 1 0]
 [6 4 1]
 [0 2 0]
 [1 0 0]
 [2 5 0]
 [0 2 0]
 [0 2 0]
 [2 5 0]]
[[0. 1. 1. 0. 3. 0. 0.]
 [1. 0. 0. 0. 0. 0. 0.]
 [0. 0. 0. 0. 0. 7. 0.]
 [0. 0. 0. 0. 0. 0. 0.]
 [0. 0. 0. 0. 0. 0. 0.]
 [0. 0. 0. 0. 0. 0. 0.]
 [0. 0. 0. 0. 0. 0. 0.]]
7
[[1. 0. 1. 0. 3. 0. 0.]
 [1. 0. 0. 0. 0. 0. 0.]
 [0. 0. 0. 0. 0. 0. 0.]
 [0. 0. 0. 0. 0. 7. 0.]
 [0. 0. 0. 0. 0. 0. 0.]
 [0. 0. 0. 0. 0. 0. 0.]
 [0. 0. 0. 0. 0. 0. 0.]]
[[3 5 0]
 [6 4 1]
 [6 4 1]
 [0 2 0]
 [0 2 0]
 [0 2 0]
 [0 2 0]
 [6 4 1]
 [6 4 1]
 [0 2 0]
 [6 4 1]
 [6 4 1]
 [0 0 0]
 [6 4 1]
 [0 2 0]
 [0 0 0]
 [3 5 0]
 [0 2 0]
 [0 2 0]
 [3 5 0]]
[[3 5 0]
 [6 4 1]
 [6 4 1]
 [0 2 0]
 [0 2 0]
 [0 2 0]
 [0 2 0]
 [6 4 1]
 [6 4 1]
 [0 2 0]
 [6 4 1]
 [6 4 1]
 [0 0 0]
 [6 4 1]
 [0 2 0]
 [0 0 0]
 [3 5 0]
 [0 2 0]
 [0 2 0]
 [3 5 0]]
[[1. 0. 1. 0. 3. 0. 0.]
 [1. 0. 0. 0. 0. 0. 0.]
 [0. 0. 0. 0. 0. 0. 0.]
 [0. 0. 0. 0. 0. 7. 0.]
 [0. 0. 0. 0. 0. 0. 0.]
 [0. 0. 0. 0. 0. 0. 0.]
 [0. 0. 0. 0. 0. 0. 0.]]
7
[[1. 0. 0. 3. 0. 0. 0.]
 [0. 0. 0. 1. 0. 7. 0.]
 [1. 0. 0. 0. 0. 0. 0.]
 [0. 0. 0. 0. 0. 0. 0.]
 [0. 0. 0. 0. 0. 0. 0.]
 [0. 0. 0. 0. 0. 0. 0.]
 [0. 0. 0. 0. 0. 0. 0.]]
[[1 5 0]
 [6 4 1]
 [6 4 1]
 [1 3 0]
 [1 3 0]
 [1 3 0]
 [1 3 0]
 [6 4 1]
 [6 4 1]
 [1 3 0]
 [6 4 1]
 [6 4 1]
 [0 0 0]
 [6 4 1]
 [1 3 0]
 [0 0 0]
 [1 5 0]
 [1 3 0]
 [1 3 0]
 [1 5 0]]
[[1 5 0]
 [6 4 1]
 [6 4 1]
 [1 3 0]
 [1 3 0]
 [1 3 0]
 [1 3 0]
 [6 4 1]
 [6 4 1]
 [1 3 0]
 [6 4 1]
 [6 4 1]
 [0 0 0]
 [6 4 1]
 [1 3 0]
 [0 0 0]
 [1 5 0]
 [1 3 0]
 [1 3 0]
 [1 5 0]]
[[1. 0. 0. 3. 0. 0. 0.]
 [0. 0. 0. 1. 0. 7. 0.]
 [1. 0. 0. 0. 0. 0. 0.]
 [0. 0. 0. 0. 0. 0. 0.]
 [0. 0. 0. 0. 0. 0. 0.]
 [0. 0. 0. 0. 0. 0. 0.]
 [0. 0. 0. 0. 0. 0. 0.]]
7
[[2. 0. 0. 3. 0. 0. 0.]
 [0. 0. 1. 0. 0. 0. 0.]
 [0. 0. 0. 0. 7. 0. 0.]
 [0. 0. 0. 0. 0. 0. 0.]
 [0. 0. 0. 0. 0. 0. 0.]
 [0. 0. 0. 0. 0. 0. 0.]
 [0. 0. 0. 0. 0. 0. 0.]]
[[2 4 0]
 [6 4 1]
 [6 4 1]
 [1 2 0]
 [1 2 0]
 [1 2 0]
 [1 2 0]
 [6 4 1]
 [6 4 1]
 [1 2 0]
 [6 4 1]
 [6 4 1]
 [0 0 0]
 [6 4 1]
 [1 2 0]
 [0 0 0]
 [2 4 0]
 [1 2 0]
 [1 2 0]
 [2 4 0]]
[[2 4 0]
 [6 4 1]
 [6 4 1]
 [1 2 0]
 [1 2 0]
 [1 2 0]
 [1 2 0]
 [6 4 1]
 [6 4 1]
 [1 2 0]
 [6 4 1]
 [6 4 1]
 [0 0 0]
 [6 4 1]
 [1 2 0]
 [0 0 0]
 [2 4 0]
 [1 2 0]
 [1 2 0]
 [2 4 0]]
[[2. 0. 0. 3. 0. 0. 0.]
 [0. 0. 1. 0. 0. 0. 0.]
 [0. 0. 0. 0. 7. 0. 0.]
 [0. 0. 0. 0. 0. 0. 0.]
 [0. 0. 0. 0. 0. 0. 0.]
 [0. 0. 0. 0. 0. 0. 0.]
 [0. 0. 0. 0. 0. 0. 0.]]
7
[[2. 0. 0. 0. 3. 0. 0.]
 [0. 1. 0. 0. 0. 7. 0.]
 [0. 0. 0. 0. 0. 0. 0.]
 [0. 0. 0. 0. 0. 0. 0.]
 [0. 0. 0. 0. 0. 0. 0.]
 [0. 0. 0. 0. 0. 0. 0.]
 [0. 0. 0. 0. 0. 0. 0.]]
[[1 5 0]
 [6 4 1]
 [6 4 1]
 [1 1 0]
 [1 1 0]
 [1 1 0]
 [1 1 0]
 [6 4 1]
 [6 4 1]
 [1 1 0]
 [6 4 1]
 [6 4 1]
 [0 0 0]
 [6 4 1]
 [1 1 0]
 [0 0 0]
 [1 5 0]
 [1 1 0]
 [1 1 0]
 [1 5 0]]
[[1 5 0]
 [6 4 1]
 [6 4 1]
 [1 1 0]
 [1 1 0]
 [1 1 0]
 [1 1 0]
 [6 4 1]
 [6 4 1]
 [1 1 0]
 [6 4 1]
 [6 4 1]
 [0 0 0]
 [6 4 1]
 [1 1 0]
 [0 0 0]
 [1 5 0]
 [1 1 0]
 [1 1 0]
 [1 5 0]]
[[2. 0. 0. 0. 3. 0. 0.]
 [0. 1. 0. 0. 0. 7. 0.]
 [0. 0. 0. 0. 0. 0. 0.]
 [0. 0. 0. 0. 0. 0. 0.]
 [0. 0. 0. 0. 0. 0. 0.]
 [0. 0. 0. 0. 0. 0. 0.]
 [0. 0. 0. 0. 0. 0. 0.]]
7
[[3. 0. 0. 3. 0. 0. 7.]
 [0. 0. 0. 0. 0. 0. 0.]
 [0. 0. 0. 0. 0. 0. 0.]
 [0. 0. 0. 0. 0. 0. 0.]
 [0. 0. 0. 0. 0. 0. 0.]
 [0. 0. 0. 0. 0. 0. 0.]
 [0. 0. 0. 0. 0. 0. 0.]]
[[0 6 0]
 [6 4 1]
 [6 4 1]
 [0 0 0]
 [0 0 0]
 [0 0 0]
 [0 0 0]
 [6 4 1]
 [6 4 1]
 [0 0 0]
 [6 4 1]
 [6 4 1]
 [0 0 0]
 [6 4 1]
 [0 0 0]
 [0 0 0]
 [0 6 0]
 [0 0 0]
 [0 0 0]
 [0 6 0]]
[[0 6 0]
 [6 4 1]
 [6 4 1]
 [0 0 0]
 [0 0 0]
 [0 0 0]
 [0 0 0]
 [6 4 1]
 [6 4 1]
 [0 0 0]
 [6 4 1]
 [6 4 1]
 [0 0 0]
 [6 4 1]
 [0 0 0]
 [0 0 0]
 [0 6 0]
 [0 0 0]
 [0 0 0]
 [0 6 0]]
[[3. 0. 0. 3. 0. 0. 7.]
 [0. 0. 0. 0. 0. 0. 0.]
 [0. 0. 0. 0. 0. 0. 0.]
 [0. 0. 0. 0. 0. 0. 0.]
 [0. 0. 0. 0. 0. 0. 0.]
 [0. 0. 0. 0. 0. 0. 0.]
 [0. 0. 0. 0. 0. 0. 0.]]
7
[[3. 3. 0. 0. 0. 0. 7.]
 [0. 0. 0. 0. 0. 0. 0.]
 [0. 0. 0. 0. 0. 0. 0.]
 [0. 0. 0. 0. 0. 0. 0.]
 [0. 0. 0. 0. 0. 0. 0.]
 [0. 0. 0. 0. 0. 0. 0.]
 [0. 0. 0. 0. 0. 0. 0.]]
[[0 6 0]
 [6 4 1]
 [6 4 1]
 [0 0 0]
 [0 0 0]
 [0 0 0]
 [0 0 0]
 [6 4 1]
 [6 4 1]
 [0 0 0]
 [6 4 1]
 [6 4 1]
 [0 0 0]
 [6 4 1]
 [0 0 0]
 [0 0 0]
 [0 6 0]
 [0 0 0]
 [0 0 0]
 [0 6 0]]
[[0 6 0]
 [6 4 1]
 [6 4 1]
 [0 0 0]
 [0 0 0]
 [0 0 0]
 [0 0 0]
 [6 4 1]
 [6 4 1]
 [0 0 0]
 [6 4 1]
 [6 4 1]
 [0 0 0]
 [6 4 1]
 [0 0 0]
 [0 0 0]
 [0 6 0]
 [0 0 0]
 [0 0 0]
 [0 6 0]]
[[3. 3. 0. 0. 0. 0. 7.]
 [0. 0. 0. 0. 0. 0. 0.]
 [0. 0. 0. 0. 0. 0. 0.]
 [0. 0. 0. 0. 0. 0. 0.]
 [0. 0. 0. 0. 0. 0. 0.]
 [0. 0. 0. 0. 0. 0. 0.]
 [0. 0. 0. 0. 0. 0. 0.]]
7
[[3. 0. 0. 0. 0. 0. 7.]
 [0. 3. 0. 0. 0. 0. 0.]
 [0. 0. 0. 0. 0. 0. 0.]
 [0. 0. 0. 0. 0. 0. 0.]
 [0. 0. 0. 0. 0. 0. 0.]
 [0. 0. 0. 0. 0. 0. 0.]
 [0. 0. 0. 0. 0. 0. 0.]]
[[0 6 0]
 [6 4 1]
 [6 4 1]
 [0 0 0]
 [0 0 0]
 [0 0 0]
 [0 0 0]
 [6 4 1]
 [6 4 1]
 [0 0 0]
 [6 4 1]
 [6 4 1]
 [0 0 0]
 [6 4 1]
 [0 0 0]
 [0 0 0]
 [0 6 0]
 [0 0 0]
 [0 0 0]
 [0 6 0]]
[[0 6 0]
 [6 4 1]
 [6 4 1]
 [0 0 0]
 [0 0 0]
 [0 0 0]
 [0 0 0]
 [6 4 1]
 [6 4 1]
 [0 0 0]
 [6 4 1]
 [6 4 1]
 [0 0 0]
 [6 4 1]
 [0 0 0]
 [0 0 0]
 [0 6 0]
 [0 0 0]
 [0 0 0]
 [0 6 0]]
[[3. 0. 0. 0. 0. 0. 7.]
 [0. 3. 0. 0. 0. 0. 0.]
 [0. 0. 0. 0. 0. 0. 0.]
 [0. 0. 0. 0. 0. 0. 0.]
 [0. 0. 0. 0. 0. 0. 0.]
 [0. 0. 0. 0. 0. 0. 0.]
 [0. 0. 0. 0. 0. 0. 0.]]
7
[[3. 3. 0. 0. 0. 0. 7.]
 [0. 0. 0. 0. 0. 0. 0.]
 [0. 0. 0. 0. 0. 0. 0.]
 [0. 0. 0. 0. 0. 0. 0.]
 [0. 0. 0. 0. 0. 0. 0.]
 [0. 0. 0. 0. 0. 0. 0.]
 [0. 0. 0. 0. 0. 0. 0.]]
[[0 6 0]
 [6 4 1]
 [6 4 1]
 [0 0 0]
 [0 0 0]
 [0 0 0]
 [0 0 0]
 [6 4 1]
 [6 4 1]
 [0 0 0]
 [6 4 1]
 [6 4 1]
 [0 0 0]
 [6 4 1]
 [0 0 0]
 [0 0 0]
 [0 6 0]
 [0 0 0]
 [0 0 0]
 [0 6 0]]
[[0 6 0]
 [6 4 1]
 [6 4 1]
 [0 0 0]
 [0 0 0]
 [0 0 0]
 [0 0 0]
 [6 4 1]
 [6 4 1]
 [0 0 0]
 [6 4 1]
 [6 4 1]
 [0 0 0]
 [6 4 1]
 [0 0 0]
 [0 0 0]
 [0 6 0]
 [0 0 0]
 [0 0 0]
 [0 6 0]]
[[3. 3. 0. 0. 0. 0. 7.]
 [0. 0. 0. 0. 0. 0. 0.]
 [0. 0. 0. 0. 0. 0. 0.]
 [0. 0. 0. 0. 0. 0. 0.]
 [0. 0. 0. 0. 0. 0. 0.]
 [0. 0. 0. 0. 0. 0. 0.]
 [0. 0. 0. 0. 0. 0. 0.]]
7
[[0. 3. 0. 0. 0. 0. 7.]
 [0. 3. 0. 0. 0. 0. 0.]
 [0. 0. 0. 0. 0. 0. 0.]
 [0. 0. 0. 0. 0. 0. 0.]
 [0. 0. 0. 0. 0. 0. 0.]
 [0. 0. 0. 0. 0. 0. 0.]
 [0. 0. 0. 0. 0. 0. 0.]]
[[0 6 0]
 [6 4 1]
 [6 4 1]
 [1 1 0]
 [1 1 0]
 [1 1 0]
 [1 1 0]
 [6 4 1]
 [6 4 1]
 [1 1 0]
 [6 4 1]
 [6 4 1]
 [1 1 0]
 [6 4 1]
 [1 1 0]
 [1 1 0]
 [0 6 0]
 [1 1 0]
 [1 1 0]
 [0 6 0]]
[[0 6 0]
 [6 4 1]
 [6 4 1]
 [1 1 0]
 [1 1 0]
 [1 1 0]
 [1 1 0]
 [6 4 1]
 [6 4 1]
 [1 1 0]
 [6 4 1]
 [6 4 1]
 [1 1 0]
 [6 4 1]
 [1 1 0]
 [1 1 0]
 [0 6 0]
 [1 1 0]
 [1 1 0]
 [0 6 0]]
[[0. 3. 0. 0. 0. 0. 7.]
 [0. 3. 0. 0. 0. 0. 0.]
 [0. 0. 0. 0. 0. 0. 0.]
 [0. 0. 0. 0. 0. 0. 0.]
 [0. 0. 0. 0. 0. 0. 0.]
 [0. 0. 0. 0. 0. 0. 0.]
 [0. 0. 0. 0. 0. 0. 0.]]
7
[[0. 6. 0. 0. 0. 0. 7.]
 [0. 0. 0. 0. 0. 0. 0.]
 [0. 0. 0. 0. 0. 0. 0.]
 [0. 0. 0. 0. 0. 0. 0.]
 [0. 0. 0. 0. 0. 0. 0.]
 [0. 0. 0. 0. 0. 0. 0.]
 [0. 0. 0. 0. 0. 0. 0.]]
[[0 6 0]
 [6 4 1]
 [6 4 1]
 [0 1 0]
 [0 1 0]
 [0 1 0]
 [0 1 0]
 [6 4 1]
 [6 4 1]
 [0 1 0]
 [6 4 1]
 [6 4 1]
 [0 1 0]
 [6 4 1]
 [0 1 0]
 [0 1 0]
 [0 6 0]
 [0 1 0]
 [0 1 0]
 [0 6 0]]
[[0 6 0]
 [6 4 1]
 [6 4 1]
 [0 1 0]
 [0 1 0]
 [0 1 0]
 [0 1 0]
 [6 4 1]
 [6 4 1]
 [0 1 0]
 [6 4 1]
 [6 4 1]
 [0 1 0]
 [6 4 1]
 [0 1 0]
 [0 1 0]
 [0 6 0]
 [0 1 0]
 [0 1 0]
 [0 6 0]]
[[0. 6. 0. 0. 0. 0. 7.]
 [0. 0. 0. 0. 0. 0. 0.]
 [0. 0. 0. 0. 0. 0. 0.]
 [0. 0. 0. 0. 0. 0. 0.]
 [0. 0. 0. 0. 0. 0. 0.]
 [0. 0. 0. 0. 0. 0. 0.]
 [0. 0. 0. 0. 0. 0. 0.]]
7
[[0. 0. 6. 0. 0. 0. 0.]
 [0. 0. 0. 0. 0. 0. 0.]
 [0. 0. 0. 0. 0. 0. 0.]
 [0. 0. 0. 0. 0. 0. 0.]
 [0. 0. 0. 0. 0. 0. 0.]
 [0. 0. 0. 0. 0. 0. 0.]
 [0. 0. 0. 0. 0. 0. 0.]]
[[1 6 0]
 [6 4 1]
 [6 4 1]
 [0 2 0]
 [0 2 0]
 [0 2 0]
 [0 2 0]
 [6 4 1]
 [6 4 1]
 [0 2 0]
 [6 4 1]
 [6 4 1]
 [0 2 0]
 [6 4 1]
 [0 2 0]
 [0 2 0]
 [1 6 0]
 [0 2 0]
 [0 2 0]
 [1 6 0]]
[[1 6 0]
 [6 4 1]
 [6 4 1]
 [0 2 0]
 [0 2 0]
 [0 2 0]
 [0 2 0]
 [6 4 1]
 [6 4 1]
 [0 2 0]
 [6 4 1]
 [6 4 1]
 [0 2 0]
 [6 4 1]
 [0 2 0]
 [0 2 0]
 [1 6 0]
 [0 2 0]
 [0 2 0]
 [1 6 0]]
[[0. 0. 6. 0. 0. 0. 0.]
 [0. 0. 0. 0. 0. 0. 0.]
 [0. 0. 0. 0. 0. 0. 0.]
 [0. 0. 0. 0. 0. 0. 0.]
 [0. 0. 0. 0. 0. 0. 0.]
 [0. 0. 0. 0. 0. 0. 0.]
 [0. 0. 0. 0. 0. 0. 0.]]
7
[[0. 6. 0. 0. 0. 0. 0.]
 [0. 0. 0. 0. 0. 0. 0.]
 [0. 0. 0. 0. 0. 0. 0.]
 [0. 0. 0. 0. 0. 0. 0.]
 [0. 0. 0. 0. 0. 0. 0.]
 [0. 0. 0. 0. 0. 0. 0.]
 [0. 0. 0. 0. 0. 0. 0.]]
[[1 6 0]
 [6 4 1]
 [6 4 1]
 [0 1 0]
 [0 1 0]
 [0 1 0]
 [0 1 0]
 [6 4 1]
 [6 4 1]
 [0 1 0]
 [6 4 1]
 [6 4 1]
 [0 1 0]
 [6 4 1]
 [0 1 0]
 [0 1 0]
 [1 6 0]
 [0 1 0]
 [0 1 0]
 [1 6 0]]
[[1 6 0]
 [6 4 1]
 [6 4 1]
 [0 1 0]
 [0 1 0]
 [0 1 0]
 [0 1 0]
 [6 4 1]
 [6 4 1]
 [0 1 0]
 [6 4 1]
 [6 4 1]
 [0 1 0]
 [6 4 1]
 [0 1 0]
 [0 1 0]
 [1 6 0]
 [0 1 0]
 [0 1 0]
 [1 6 0]]
[[0. 6. 0. 0. 0. 0. 0.]
 [0. 0. 0. 0. 0. 0. 0.]
 [0. 0. 0. 0. 0. 0. 0.]
 [0. 0. 0. 0. 0. 0. 0.]
 [0. 0. 0. 0. 0. 0. 0.]
 [0. 0. 0. 0. 0. 0. 0.]
 [0. 0. 0. 0. 0. 0. 0.]]
7
[[0. 6. 0. 0. 0. 0. 0.]
 [0. 0. 0. 0. 0. 0. 0.]
 [0. 0. 0. 0. 0. 0. 0.]
 [0. 0. 0. 0. 0. 0. 0.]
 [0. 0. 0. 0. 0. 0. 0.]
 [0. 0. 0. 0. 0. 0. 0.]
 [0. 0. 0. 0. 0. 0. 0.]]
[[1 6 0]
 [6 4 1]
 [6 4 1]
 [0 1 0]
 [0 1 0]
 [0 1 0]
 [0 1 0]
 [6 4 1]
 [6 4 1]
 [0 1 0]
 [6 4 1]
 [6 4 1]
 [0 1 0]
 [6 4 1]
 [0 1 0]
 [0 1 0]
 [1 6 0]
 [0 1 0]
 [0 1 0]
 [1 6 0]]
[[1 6 0]
 [6 4 1]
 [6 4 1]
 [0 1 0]
 [0 1 0]
 [0 1 0]
 [0 1 0]
 [6 4 1]
 [6 4 1]
 [0 1 0]
 [6 4 1]
 [6 4 1]
 [0 1 0]
 [6 4 1]
 [0 1 0]
 [0 1 0]
 [1 6 0]
 [0 1 0]
 [0 1 0]
 [1 6 0]]
[[0. 6. 0. 0. 0. 0. 0.]
 [0. 0. 0. 0. 0. 0. 0.]
 [0. 0. 0. 0. 0. 0. 0.]
 [0. 0. 0. 0. 0. 0. 0.]
 [0. 0. 0. 0. 0. 0. 0.]
 [0. 0. 0. 0. 0. 0. 0.]
 [0. 0. 0. 0. 0. 0. 0.]]
7
[[0. 0. 6. 0. 0. 0. 0.]
 [0. 0. 0. 0. 0. 0. 0.]
 [0. 0. 0. 0. 0. 0. 0.]
 [0. 0. 0. 0. 0. 0. 0.]
 [0. 0. 0. 0. 0. 0. 0.]
 [0. 0. 0. 0. 0. 0. 0.]
 [0. 0. 0. 0. 0. 0. 0.]]
[[1 6 0]
 [6 4 1]
 [6 4 1]
 [0 2 0]
 [0 2 0]
 [0 2 0]
 [0 2 0]
 [6 4 1]
 [6 4 1]
 [0 2 0]
 [6 4 1]
 [6 4 1]
 [0 2 0]
 [6 4 1]
 [0 2 0]
 [0 2 0]
 [1 6 0]
 [0 2 0]
 [0 2 0]
 [1 6 0]]
[[1 6 0]
 [6 4 1]
 [6 4 1]
 [0 2 0]
 [0 2 0]
 [0 2 0]
 [0 2 0]
 [6 4 1]
 [6 4 1]
 [0 2 0]
 [6 4 1]
 [6 4 1]
 [0 2 0]
 [6 4 1]
 [0 2 0]
 [0 2 0]
 [1 6 0]
 [0 2 0]
 [0 2 0]
 [1 6 0]]
[[0. 0. 6. 0. 0. 0. 0.]
 [0. 0. 0. 0. 0. 0. 0.]
 [0. 0. 0. 0. 0. 0. 0.]
 [0. 0. 0. 0. 0. 0. 0.]
 [0. 0. 0. 0. 0. 0. 0.]
 [0. 0. 0. 0. 0. 0. 0.]
 [0. 0. 0. 0. 0. 0. 0.]]
7
[[0. 0. 0. 0. 6. 0. 0.]
 [0. 0. 0. 0. 0. 0. 0.]
 [0. 0. 0. 0. 0. 0. 0.]
 [0. 0. 0. 0. 0. 0. 0.]
 [0. 0. 0. 0. 0. 0. 0.]
 [0. 0. 0. 0. 0. 0. 0.]
 [0. 0. 0. 0. 0. 0. 0.]]
[[1 6 0]
 [6 4 1]
 [6 4 1]
 [0 4 0]
 [0 4 0]
 [0 4 0]
 [0 4 0]
 [6 4 1]
 [6 4 1]
 [0 4 0]
 [6 4 1]
 [6 4 1]
 [0 4 0]
 [6 4 1]
 [0 4 0]
 [0 4 0]
 [1 6 0]
 [0 4 0]
 [0 4 0]
 [1 6 0]]
[[1 6 0]
 [6 4 1]
 [6 4 1]
 [0 4 0]
 [0 4 0]
 [0 4 0]
 [0 4 0]
 [6 4 1]
 [6 4 1]
 [0 4 0]
 [6 4 1]
 [6 4 1]
 [0 4 0]
 [6 4 1]
 [0 4 0]
 [0 4 0]
 [1 6 0]
 [0 4 0]
 [0 4 0]
 [1 6 0]]
[[0. 0. 0. 0. 6. 0. 0.]
 [0. 0. 0. 0. 0. 0. 0.]
 [0. 0. 0. 0. 0. 0. 0.]
 [0. 0. 0. 0. 0. 0. 0.]
 [0. 0. 0. 0. 0. 0. 0.]
 [0. 0. 0. 0. 0. 0. 0.]
 [0. 0. 0. 0. 0. 0. 0.]]
7
[[0. 0. 0. 0. 0. 0. 0.]
 [0. 0. 0. 6. 0. 0. 0.]
 [0. 0. 0. 0. 0. 0. 0.]
 [0. 0. 0. 0. 0. 0. 0.]
 [0. 0. 0. 0. 0. 0. 0.]
 [0. 0. 0. 0. 0. 0. 0.]
 [0. 0. 0. 0. 0. 0. 0.]]
[[1 6 0]
 [6 4 1]
 [6 4 1]
 [1 3 0]
 [1 3 0]
 [1 3 0]
 [1 3 0]
 [6 4 1]
 [6 4 1]
 [1 3 0]
 [6 4 1]
 [6 4 1]
 [1 3 0]
 [6 4 1]
 [1 3 0]
 [1 3 0]
 [1 6 0]
 [1 3 0]
 [1 3 0]
 [1 6 0]]
[[1 6 0]
 [6 4 1]
 [6 4 1]
 [1 3 0]
 [1 3 0]
 [1 3 0]
 [1 3 0]
 [6 4 1]
 [6 4 1]
 [1 3 0]
 [6 4 1]
 [6 4 1]
 [1 3 0]
 [6 4 1]
 [1 3 0]
 [1 3 0]
 [1 6 0]
 [1 3 0]
 [1 3 0]
 [1 6 0]]
[[0. 0. 0. 0. 0. 0. 0.]
 [0. 0. 0. 6. 0. 0. 0.]
 [0. 0. 0. 0. 0. 0. 0.]
 [0. 0. 0. 0. 0. 0. 0.]
 [0. 0. 0. 0. 0. 0. 0.]
 [0. 0. 0. 0. 0. 0. 0.]
 [0. 0. 0. 0. 0. 0. 0.]]
7
[[0. 0. 0. 0. 0. 0. 0.]
 [0. 0. 0. 0. 0. 6. 0.]
 [0. 0. 0. 0. 0. 0. 0.]
 [0. 0. 0. 0. 0. 0. 0.]
 [0. 0. 0. 0. 0. 0. 0.]
 [0. 0. 0. 0. 0. 0. 0.]
 [0. 0. 0. 0. 0. 0. 0.]]
[[1 6 0]
 [6 4 1]
 [6 4 1]
 [1 5 0]
 [1 5 0]
 [1 5 0]
 [1 5 0]
 [6 4 1]
 [6 4 1]
 [1 5 0]
 [6 4 1]
 [6 4 1]
 [1 5 0]
 [6 4 1]
 [1 5 0]
 [1 5 0]
 [1 6 0]
 [1 5 0]
 [1 5 0]
 [1 6 0]]
[[1 6 0]
 [6 4 1]
 [6 4 1]
 [1 5 0]
 [1 5 0]
 [1 5 0]
 [1 5 0]
 [6 4 1]
 [6 4 1]
 [1 5 0]
 [6 4 1]
 [6 4 1]
 [1 5 0]
 [6 4 1]
 [1 5 0]
 [1 5 0]
 [1 6 0]
 [1 5 0]
 [1 5 0]
 [1 6 0]]
[[0. 0. 0. 0. 0. 0. 0.]
 [0. 0. 0. 0. 0. 6. 0.]
 [0. 0. 0. 0. 0. 0. 0.]
 [0. 0. 0. 0. 0. 0. 0.]
 [0. 0. 0. 0. 0. 0. 0.]
 [0. 0. 0. 0. 0. 0. 0.]
 [0. 0. 0. 0. 0. 0. 0.]]
7
[[0. 0. 0. 0. 6. 0. 0.]
 [0. 0. 0. 0. 0. 0. 0.]
 [0. 0. 0. 0. 0. 0. 0.]
 [0. 0. 0. 0. 0. 0. 0.]
 [0. 0. 0. 0. 0. 0. 0.]
 [0. 0. 0. 0. 0. 0. 0.]
 [0. 0. 0. 0. 0. 0. 0.]]
[[1 6 0]
 [6 4 1]
 [6 4 1]
 [0 4 0]
 [0 4 0]
 [0 4 0]
 [0 4 0]
 [6 4 1]
 [6 4 1]
 [0 4 0]
 [6 4 1]
 [6 4 1]
 [0 4 0]
 [6 4 1]
 [0 4 0]
 [0 4 0]
 [1 6 0]
 [0 4 0]
 [0 4 0]
 [1 6 0]]
[[1 6 0]
 [6 4 1]
 [6 4 1]
 [0 4 0]
 [0 4 0]
 [0 4 0]
 [0 4 0]
 [6 4 1]
 [6 4 1]
 [0 4 0]
 [6 4 1]
 [6 4 1]
 [0 4 0]
 [6 4 1]
 [0 4 0]
 [0 4 0]
 [1 6 0]
 [0 4 0]
 [0 4 0]
 [1 6 0]]
[[0. 0. 0. 0. 6. 0. 0.]
 [0. 0. 0. 0. 0. 0. 0.]
 [0. 0. 0. 0. 0. 0. 0.]
 [0. 0. 0. 0. 0. 0. 0.]
 [0. 0. 0. 0. 0. 0. 0.]
 [0. 0. 0. 0. 0. 0. 0.]
 [0. 0. 0. 0. 0. 0. 0.]]
7
[[0. 0. 6. 0. 0. 0. 0.]
 [0. 0. 0. 0. 0. 0. 0.]
 [0. 0. 0. 0. 0. 0. 0.]
 [0. 0. 0. 0. 0. 0. 0.]
 [0. 0. 0. 0. 0. 0. 0.]
 [0. 0. 0. 0. 0. 0. 0.]
 [0. 0. 0. 0. 0. 0. 0.]]
[[1 6 0]
 [6 4 1]
 [6 4 1]
 [0 2 0]
 [0 2 0]
 [0 2 0]
 [0 2 0]
 [6 4 1]
 [6 4 1]
 [0 2 0]
 [6 4 1]
 [6 4 1]
 [0 2 0]
 [6 4 1]
 [0 2 0]
 [0 2 0]
 [1 6 0]
 [0 2 0]
 [0 2 0]
 [1 6 0]]
[[1 6 0]
 [6 4 1]
 [6 4 1]
 [0 2 0]
 [0 2 0]
 [0 2 0]
 [0 2 0]
 [6 4 1]
 [6 4 1]
 [0 2 0]
 [6 4 1]
 [6 4 1]
 [0 2 0]
 [6 4 1]
 [0 2 0]
 [0 2 0]
 [1 6 0]
 [0 2 0]
 [0 2 0]
 [1 6 0]]
[[0. 0. 6. 0. 0. 0. 0.]
 [0. 0. 0. 0. 0. 0. 0.]
 [0. 0. 0. 0. 0. 0. 0.]
 [0. 0. 0. 0. 0. 0. 0.]
 [0. 0. 0. 0. 0. 0. 0.]
 [0. 0. 0. 0. 0. 0. 0.]
 [0. 0. 0. 0. 0. 0. 0.]]
7
[[0. 0. 0. 0. 0. 0. 0.]
 [0. 0. 0. 6. 0. 0. 0.]
 [0. 0. 0. 0. 0. 0. 0.]
 [0. 0. 0. 0. 0. 0. 0.]
 [0. 0. 0. 0. 0. 0. 0.]
 [0. 0. 0. 0. 0. 0. 0.]
 [0. 0. 0. 0. 0. 0. 0.]]
[[1 6 0]
 [6 4 1]
 [6 4 1]
 [1 3 0]
 [1 3 0]
 [1 3 0]
 [1 3 0]
 [6 4 1]
 [6 4 1]
 [1 3 0]
 [6 4 1]
 [6 4 1]
 [1 3 0]
 [6 4 1]
 [1 3 0]
 [1 3 0]
 [1 6 0]
 [1 3 0]
 [1 3 0]
 [1 6 0]]
[[1 6 0]
 [6 4 1]
 [6 4 1]
 [1 3 0]
 [1 3 0]
 [1 3 0]
 [1 3 0]
 [6 4 1]
 [6 4 1]
 [1 3 0]
 [6 4 1]
 [6 4 1]
 [1 3 0]
 [6 4 1]
 [1 3 0]
 [1 3 0]
 [1 6 0]
 [1 3 0]
 [1 3 0]
 [1 6 0]]
[[0. 0. 0. 0. 0. 0. 0.]
 [0. 0. 0. 6. 0. 0. 0.]
 [0. 0. 0. 0. 0. 0. 0.]
 [0. 0. 0. 0. 0. 0. 0.]
 [0. 0. 0. 0. 0. 0. 0.]
 [0. 0. 0. 0. 0. 0. 0.]
 [0. 0. 0. 0. 0. 0. 0.]]
7
[[0. 0. 0. 0. 0. 0. 0.]
 [0. 6. 0. 0. 0. 0. 0.]
 [0. 0. 0. 0. 0. 0. 0.]
 [0. 0. 0. 0. 0. 0. 0.]
 [0. 0. 0. 0. 0. 0. 0.]
 [0. 0. 0. 0. 0. 0. 0.]
 [0. 0. 0. 0. 0. 0. 0.]]
[[1 6 0]
 [6 4 1]
 [6 4 1]
 [1 1 0]
 [1 1 0]
 [1 1 0]
 [1 1 0]
 [6 4 1]
 [6 4 1]
 [1 1 0]
 [6 4 1]
 [6 4 1]
 [1 1 0]
 [6 4 1]
 [1 1 0]
 [1 1 0]
 [1 6 0]
 [1 1 0]
 [1 1 0]
 [1 6 0]]
[[1 6 0]
 [6 4 1]
 [6 4 1]
 [1 1 0]
 [1 1 0]
 [1 1 0]
 [1 1 0]
 [6 4 1]
 [6 4 1]
 [1 1 0]
 [6 4 1]
 [6 4 1]
 [1 1 0]
 [6 4 1]
 [1 1 0]
 [1 1 0]
 [1 6 0]
 [1 1 0]
 [1 1 0]
 [1 6 0]]
[[0. 0. 0. 0. 0. 0. 0.]
 [0. 6. 0. 0. 0. 0. 0.]
 [0. 0. 0. 0. 0. 0. 0.]
 [0. 0. 0. 0. 0. 0. 0.]
 [0. 0. 0. 0. 0. 0. 0.]
 [0. 0. 0. 0. 0. 0. 0.]
 [0. 0. 0. 0. 0. 0. 0.]]
7
[[6. 0. 0. 0. 0. 0. 0.]
 [0. 0. 0. 0. 0. 0. 0.]
 [0. 0. 0. 0. 0. 0. 0.]
 [0. 0. 0. 0. 0. 0. 0.]
 [0. 0. 0. 0. 0. 0. 0.]
 [0. 0. 0. 0. 0. 0. 0.]
 [0. 0. 0. 0. 0. 0. 0.]]
[[1 6 0]
 [6 4 1]
 [6 4 1]
 [0 0 0]
 [0 0 0]
 [0 0 0]
 [0 0 0]
 [6 4 1]
 [6 4 1]
 [0 0 0]
 [6 4 1]
 [6 4 1]
 [0 0 0]
 [6 4 1]
 [0 0 0]
 [0 0 0]
 [1 6 0]
 [0 0 0]
 [0 0 0]
 [1 6 0]]
[[1 6 0]
 [6 4 1]
 [6 4 1]
 [0 0 0]
 [0 0 0]
 [0 0 0]
 [0 0 0]
 [6 4 1]
 [6 4 1]
 [0 0 0]
 [6 4 1]
 [6 4 1]
 [0 0 0]
 [6 4 1]
 [0 0 0]
 [0 0 0]
 [1 6 0]
 [0 0 0]
 [0 0 0]
 [1 6 0]]
[[6. 0. 0. 0. 0. 0. 0.]
 [0. 0. 0. 0. 0. 0. 0.]
 [0. 0. 0. 0. 0. 0. 0.]
 [0. 0. 0. 0. 0. 0. 0.]
 [0. 0. 0. 0. 0. 0. 0.]
 [0. 0. 0. 0. 0. 0. 0.]
 [0. 0. 0. 0. 0. 0. 0.]]
7
[[6. 0. 0. 0. 0. 0. 0.]
 [0. 0. 0. 0. 0. 0. 0.]
 [0. 0. 0. 0. 0. 0. 0.]
 [0. 0. 0. 0. 0. 0. 0.]
 [0. 0. 0. 0. 0. 0. 0.]
 [0. 0. 0. 0. 0. 0. 0.]
 [0. 0. 0. 0. 0. 0. 0.]]
[[1 6 0]
 [6 4 1]
 [6 4 1]
 [0 0 0]
 [0 0 0]
 [0 0 0]
 [0 0 0]
 [6 4 1]
 [6 4 1]
 [0 0 0]
 [6 4 1]
 [6 4 1]
 [0 0 0]
 [6 4 1]
 [0 0 0]
 [0 0 0]
 [1 6 0]
 [0 0 0]
 [0 0 0]
 [1 6 0]]
[[1 6 0]
 [6 4 1]
 [6 4 1]
 [0 0 0]
 [0 0 0]
 [0 0 0]
 [0 0 0]
 [6 4 1]
 [6 4 1]
 [0 0 0]
 [6 4 1]
 [6 4 1]
 [0 0 0]
 [6 4 1]
 [0 0 0]
 [0 0 0]
 [1 6 0]
 [0 0 0]
 [0 0 0]
 [1 6 0]]
[[6. 0. 0. 0. 0. 0. 0.]
 [0. 0. 0. 0. 0. 0. 0.]
 [0. 0. 0. 0. 0. 0. 0.]
 [0. 0. 0. 0. 0. 0. 0.]
 [0. 0. 0. 0. 0. 0. 0.]
 [0. 0. 0. 0. 0. 0. 0.]
 [0. 0. 0. 0. 0. 0. 0.]]
7
[[6. 0. 0. 0. 0. 0. 0.]
 [0. 0. 0. 0. 0. 0. 0.]
 [0. 0. 0. 0. 0. 0. 0.]
 [0. 0. 0. 0. 0. 0. 0.]
 [0. 0. 0. 0. 0. 0. 0.]
 [0. 0. 0. 0. 0. 0. 0.]
 [0. 0. 0. 0. 0. 0. 0.]]
[[1 6 0]
 [6 4 1]
 [6 4 1]
 [0 0 0]
 [0 0 0]
 [0 0 0]
 [0 0 0]
 [6 4 1]
 [6 4 1]
 [0 0 0]
 [6 4 1]
 [6 4 1]
 [0 0 0]
 [6 4 1]
 [0 0 0]
 [0 0 0]
 [1 6 0]
 [0 0 0]
 [0 0 0]
 [1 6 0]]
[[1 6 0]
 [6 4 1]
 [6 4 1]
 [0 0 0]
 [0 0 0]
 [0 0 0]
 [0 0 0]
 [6 4 1]
 [6 4 1]
 [0 0 0]
 [6 4 1]
 [6 4 1]
 [0 0 0]
 [6 4 1]
 [0 0 0]
 [0 0 0]
 [1 6 0]
 [0 0 0]
 [0 0 0]
 [1 6 0]]
[[6. 0. 0. 0. 0. 0. 0.]
 [0. 0. 0. 0. 0. 0. 0.]
 [0. 0. 0. 0. 0. 0. 0.]
 [0. 0. 0. 0. 0. 0. 0.]
 [0. 0. 0. 0. 0. 0. 0.]
 [0. 0. 0. 0. 0. 0. 0.]
 [0. 0. 0. 0. 0. 0. 0.]]
7
[[6. 0. 0. 0. 0. 0. 0.]
 [0. 0. 0. 0. 0. 0. 0.]
 [0. 0. 0. 0. 0. 0. 0.]
 [0. 0. 0. 0. 0. 0. 0.]
 [0. 0. 0. 0. 0. 0. 0.]
 [0. 0. 0. 0. 0. 0. 0.]
 [0. 0. 0. 0. 0. 0. 0.]]
[[1 6 0]
 [6 4 1]
 [6 4 1]
 [0 0 0]
 [0 0 0]
 [0 0 0]
 [0 0 0]
 [6 4 1]
 [6 4 1]
 [0 0 0]
 [6 4 1]
 [6 4 1]
 [0 0 0]
 [6 4 1]
 [0 0 0]
 [0 0 0]
 [1 6 0]
 [0 0 0]
 [0 0 0]
 [1 6 0]]
[[1 6 0]
 [6 4 1]
 [6 4 1]
 [0 0 0]
 [0 0 0]
 [0 0 0]
 [0 0 0]
 [6 4 1]
 [6 4 1]
 [0 0 0]
 [6 4 1]
 [6 4 1]
 [0 0 0]
 [6 4 1]
 [0 0 0]
 [0 0 0]
 [1 6 0]
 [0 0 0]
 [0 0 0]
 [1 6 0]]
[[6. 0. 0. 0. 0. 0. 0.]
 [0. 0. 0. 0. 0. 0. 0.]
 [0. 0. 0. 0. 0. 0. 0.]
 [0. 0. 0. 0. 0. 0. 0.]
 [0. 0. 0. 0. 0. 0. 0.]
 [0. 0. 0. 0. 0. 0. 0.]
 [0. 0. 0. 0. 0. 0. 0.]]
7
[[6. 0. 0. 0. 0. 0. 0.]
 [0. 0. 0. 0. 0. 0. 0.]
 [0. 0. 0. 0. 0. 0. 0.]
 [0. 0. 0. 0. 0. 0. 0.]
 [0. 0. 0. 0. 0. 0. 0.]
 [0. 0. 0. 0. 0. 0. 0.]
 [0. 0. 0. 0. 0. 0. 0.]]
[[1 6 0]
 [6 4 1]
 [6 4 1]
 [0 0 0]
 [0 0 0]
 [0 0 0]
 [0 0 0]
 [6 4 1]
 [6 4 1]
 [0 0 0]
 [6 4 1]
 [6 4 1]
 [0 0 0]
 [6 4 1]
 [0 0 0]
 [0 0 0]
 [1 6 0]
 [0 0 0]
 [0 0 0]
 [1 6 0]]
[[1 6 0]
 [6 4 1]
 [6 4 1]
 [0 0 0]
 [0 0 0]
 [0 0 0]
 [0 0 0]
 [6 4 1]
 [6 4 1]
 [0 0 0]
 [6 4 1]
 [6 4 1]
 [0 0 0]
 [6 4 1]
 [0 0 0]
 [0 0 0]
 [1 6 0]
 [0 0 0]
 [0 0 0]
 [1 6 0]]
[[6. 0. 0. 0. 0. 0. 0.]
 [0. 0. 0. 0. 0. 0. 0.]
 [0. 0. 0. 0. 0. 0. 0.]
 [0. 0. 0. 0. 0. 0. 0.]
 [0. 0. 0. 0. 0. 0. 0.]
 [0. 0. 0. 0. 0. 0. 0.]
 [0. 0. 0. 0. 0. 0. 0.]]
7
[[0. 0. 0. 0. 0. 0. 0.]
 [6. 0. 0. 0. 0. 0. 0.]
 [0. 0. 0. 0. 0. 0. 0.]
 [0. 0. 0. 0. 0. 0. 0.]
 [0. 0. 0. 0. 0. 0. 0.]
 [0. 0. 0. 0. 0. 0. 0.]
 [0. 0. 0. 0. 0. 0. 0.]]
[[1 6 0]
 [6 4 1]
 [6 4 1]
 [1 0 0]
 [1 0 0]
 [1 0 0]
 [1 0 0]
 [6 4 1]
 [6 4 1]
 [1 0 0]
 [6 4 1]
 [6 4 1]
 [1 0 0]
 [6 4 1]
 [1 0 0]
 [1 0 0]
 [1 6 0]
 [1 0 0]
 [1 0 0]
 [1 6 0]]
[[1 6 0]
 [6 4 1]
 [6 4 1]
 [1 0 0]
 [1 0 0]
 [1 0 0]
 [1 0 0]
 [6 4 1]
 [6 4 1]
 [1 0 0]
 [6 4 1]
 [6 4 1]
 [1 0 0]
 [6 4 1]
 [1 0 0]
 [1 0 0]
 [1 6 0]
 [1 0 0]
 [1 0 0]
 [1 6 0]]
[[0. 0. 0. 0. 0. 0. 0.]
 [6. 0. 0. 0. 0. 0. 0.]
 [0. 0. 0. 0. 0. 0. 0.]
 [0. 0. 0. 0. 0. 0. 0.]
 [0. 0. 0. 0. 0. 0. 0.]
 [0. 0. 0. 0. 0. 0. 0.]
 [0. 0. 0. 0. 0. 0. 0.]]
7
[[0. 0. 0. 0. 0. 0. 0.]
 [0. 0. 0. 0. 0. 0. 0.]
 [0. 6. 0. 0. 0. 0. 0.]
 [0. 0. 0. 0. 0. 0. 0.]
 [0. 0. 0. 0. 0. 0. 0.]
 [0. 0. 0. 0. 0. 0. 0.]
 [0. 0. 0. 0. 0. 0. 0.]]
[[1 6 0]
 [6 4 1]
 [6 4 1]
 [2 1 0]
 [2 1 0]
 [2 1 0]
 [2 1 0]
 [6 4 1]
 [6 4 1]
 [2 1 0]
 [6 4 1]
 [6 4 1]
 [2 1 0]
 [6 4 1]
 [2 1 0]
 [2 1 0]
 [1 6 0]
 [2 1 0]
 [2 1 0]
 [1 6 0]]
[[1 6 0]
 [6 4 1]
 [6 4 1]
 [2 1 0]
 [2 1 0]
 [2 1 0]
 [2 1 0]
 [6 4 1]
 [6 4 1]
 [2 1 0]
 [6 4 1]
 [6 4 1]
 [2 1 0]
 [6 4 1]
 [2 1 0]
 [2 1 0]
 [1 6 0]
 [2 1 0]
 [2 1 0]
 [1 6 0]]
[[0. 0. 0. 0. 0. 0. 0.]
 [0. 0. 0. 0. 0. 0. 0.]
 [0. 6. 0. 0. 0. 0. 0.]
 [0. 0. 0. 0. 0. 0. 0.]
 [0. 0. 0. 0. 0. 0. 0.]
 [0. 0. 0. 0. 0. 0. 0.]
 [0. 0. 0. 0. 0. 0. 0.]]
7
[[0. 0. 0. 0. 0. 0. 0.]
 [0. 0. 0. 0. 0. 0. 0.]
 [6. 0. 0. 0. 0. 0. 0.]
 [0. 0. 0. 0. 0. 0. 0.]
 [0. 0. 0. 0. 0. 0. 0.]
 [0. 0. 0. 0. 0. 0. 0.]
 [0. 0. 0. 0. 0. 0. 0.]]
[[1 6 0]
 [6 4 1]
 [6 4 1]
 [2 0 0]
 [2 0 0]
 [2 0 0]
 [2 0 0]
 [6 4 1]
 [6 4 1]
 [2 0 0]
 [6 4 1]
 [6 4 1]
 [2 0 0]
 [6 4 1]
 [2 0 0]
 [2 0 0]
 [1 6 0]
 [2 0 0]
 [2 0 0]
 [1 6 0]]
[[1 6 0]
 [6 4 1]
 [6 4 1]
 [2 0 0]
 [2 0 0]
 [2 0 0]
 [2 0 0]
 [6 4 1]
 [6 4 1]
 [2 0 0]
 [6 4 1]
 [6 4 1]
 [2 0 0]
 [6 4 1]
 [2 0 0]
 [2 0 0]
 [1 6 0]
 [2 0 0]
 [2 0 0]
 [1 6 0]]
[[0. 0. 0. 0. 0. 0. 0.]
 [0. 0. 0. 0. 0. 0. 0.]
 [6. 0. 0. 0. 0. 0. 0.]
 [0. 0. 0. 0. 0. 0. 0.]
 [0. 0. 0. 0. 0. 0. 0.]
 [0. 0. 0. 0. 0. 0. 0.]
 [0. 0. 0. 0. 0. 0. 0.]]
7
[[0. 0. 0. 0. 0. 0. 0.]
 [6. 0. 0. 0. 0. 0. 0.]
 [0. 0. 0. 0. 0. 0. 0.]
 [0. 0. 0. 0. 0. 0. 0.]
 [0. 0. 0. 0. 0. 0. 0.]
 [0. 0. 0. 0. 0. 0. 0.]
 [0. 0. 0. 0. 0. 0. 0.]]
[[1 6 0]
 [6 4 1]
 [6 4 1]
 [1 0 0]
 [1 0 0]
 [1 0 0]
 [1 0 0]
 [6 4 1]
 [6 4 1]
 [1 0 0]
 [6 4 1]
 [6 4 1]
 [1 0 0]
 [6 4 1]
 [1 0 0]
 [1 0 0]
 [1 6 0]
 [1 0 0]
 [1 0 0]
 [1 6 0]]
[[1 6 0]
 [6 4 1]
 [6 4 1]
 [1 0 0]
 [1 0 0]
 [1 0 0]
 [1 0 0]
 [6 4 1]
 [6 4 1]
 [1 0 0]
 [6 4 1]
 [6 4 1]
 [1 0 0]
 [6 4 1]
 [1 0 0]
 [1 0 0]
 [1 6 0]
 [1 0 0]
 [1 0 0]
 [1 6 0]]
[[0. 0. 0. 0. 0. 0. 0.]
 [6. 0. 0. 0. 0. 0. 0.]
 [0. 0. 0. 0. 0. 0. 0.]
 [0. 0. 0. 0. 0. 0. 0.]
 [0. 0. 0. 0. 0. 0. 0.]
 [0. 0. 0. 0. 0. 0. 0.]
 [0. 0. 0. 0. 0. 0. 0.]]
7
[[0. 0. 0. 0. 0. 0. 0.]
 [6. 0. 0. 0. 0. 0. 0.]
 [0. 0. 0. 0. 0. 0. 0.]
 [0. 0. 0. 0. 0. 0. 0.]
 [0. 0. 0. 0. 0. 0. 0.]
 [0. 0. 0. 0. 0. 0. 0.]
 [0. 0. 0. 0. 0. 0. 0.]]
[[1 6 0]
 [6 4 1]
 [6 4 1]
 [1 0 0]
 [1 0 0]
 [1 0 0]
 [1 0 0]
 [6 4 1]
 [6 4 1]
 [1 0 0]
 [6 4 1]
 [6 4 1]
 [1 0 0]
 [6 4 1]
 [1 0 0]
 [1 0 0]
 [1 6 0]
 [1 0 0]
 [1 0 0]
 [1 6 0]]
[[1 6 0]
 [6 4 1]
 [6 4 1]
 [1 0 0]
 [1 0 0]
 [1 0 0]
 [1 0 0]
 [6 4 1]
 [6 4 1]
 [1 0 0]
 [6 4 1]
 [6 4 1]
 [1 0 0]
 [6 4 1]
 [1 0 0]
 [1 0 0]
 [1 6 0]
 [1 0 0]
 [1 0 0]
 [1 6 0]]
[[0. 0. 0. 0. 0. 0. 0.]
 [6. 0. 0. 0. 0. 0. 0.]
 [0. 0. 0. 0. 0. 0. 0.]
 [0. 0. 0. 0. 0. 0. 0.]
 [0. 0. 0. 0. 0. 0. 0.]
 [0. 0. 0. 0. 0. 0. 0.]
 [0. 0. 0. 0. 0. 0. 0.]]
7
[[0. 0. 0. 0. 0. 0. 0.]
 [6. 0. 0. 0. 0. 0. 0.]
 [0. 0. 0. 0. 0. 0. 0.]
 [0. 0. 0. 0. 0. 0. 0.]
 [0. 0. 0. 0. 0. 0. 0.]
 [0. 0. 0. 0. 0. 0. 0.]
 [0. 0. 0. 0. 0. 0. 0.]]
[[1 6 0]
 [6 4 1]
 [6 4 1]
 [1 0 0]
 [1 0 0]
 [1 0 0]
 [1 0 0]
 [6 4 1]
 [6 4 1]
 [1 0 0]
 [6 4 1]
 [6 4 1]
 [1 0 0]
 [6 4 1]
 [1 0 0]
 [1 0 0]
 [1 6 0]
 [1 0 0]
 [1 0 0]
 [1 6 0]]
[[1 6 0]
 [6 4 1]
 [6 4 1]
 [1 0 0]
 [1 0 0]
 [1 0 0]
 [1 0 0]
 [6 4 1]
 [6 4 1]
 [1 0 0]
 [6 4 1]
 [6 4 1]
 [1 0 0]
 [6 4 1]
 [1 0 0]
 [1 0 0]
 [1 6 0]
 [1 0 0]
 [1 0 0]
 [1 6 0]]
[[0. 0. 0. 0. 0. 0. 0.]
 [6. 0. 0. 0. 0. 0. 0.]
 [0. 0. 0. 0. 0. 0. 0.]
 [0. 0. 0. 0. 0. 0. 0.]
 [0. 0. 0. 0. 0. 0. 0.]
 [0. 0. 0. 0. 0. 0. 0.]
 [0. 0. 0. 0. 0. 0. 0.]]
7
[[0. 0. 0. 0. 0. 0. 0.]
 [0. 0. 0. 0. 0. 0. 0.]
 [6. 0. 0. 0. 0. 0. 0.]
 [0. 0. 0. 0. 0. 0. 0.]
 [0. 0. 0. 0. 0. 0. 0.]
 [0. 0. 0. 0. 0. 0. 0.]
 [0. 0. 0. 0. 0. 0. 0.]]
[[1 6 0]
 [6 4 1]
 [6 4 1]
 [2 0 0]
 [2 0 0]
 [2 0 0]
 [2 0 0]
 [6 4 1]
 [6 4 1]
 [2 0 0]
 [6 4 1]
 [6 4 1]
 [2 0 0]
 [6 4 1]
 [2 0 0]
 [2 0 0]
 [1 6 0]
 [2 0 0]
 [2 0 0]
 [1 6 0]]
[[1 6 0]
 [6 4 1]
 [6 4 1]
 [2 0 0]
 [2 0 0]
 [2 0 0]
 [2 0 0]
 [6 4 1]
 [6 4 1]
 [2 0 0]
 [6 4 1]
 [6 4 1]
 [2 0 0]
 [6 4 1]
 [2 0 0]
 [2 0 0]
 [1 6 0]
 [2 0 0]
 [2 0 0]
 [1 6 0]]
[[0. 0. 0. 0. 0. 0. 0.]
 [0. 0. 0. 0. 0. 0. 0.]
 [6. 0. 0. 0. 0. 0. 0.]
 [0. 0. 0. 0. 0. 0. 0.]
 [0. 0. 0. 0. 0. 0. 0.]
 [0. 0. 0. 0. 0. 0. 0.]
 [0. 0. 0. 0. 0. 0. 0.]]
7
[[0. 0. 0. 0. 0. 0. 0.]
 [0. 0. 0. 0. 0. 0. 0.]
 [6. 0. 0. 0. 0. 0. 0.]
 [0. 0. 0. 0. 0. 0. 0.]
 [0. 0. 0. 0. 0. 0. 0.]
 [0. 0. 0. 0. 0. 0. 0.]
 [0. 0. 0. 0. 0. 0. 0.]]
[[1 6 0]
 [6 4 1]
 [6 4 1]
 [2 0 0]
 [2 0 0]
 [2 0 0]
 [2 0 0]
 [6 4 1]
 [6 4 1]
 [2 0 0]
 [6 4 1]
 [6 4 1]
 [2 0 0]
 [6 4 1]
 [2 0 0]
 [2 0 0]
 [1 6 0]
 [2 0 0]
 [2 0 0]
 [1 6 0]]
[[1 6 0]
 [6 4 1]
 [6 4 1]
 [2 0 0]
 [2 0 0]
 [2 0 0]
 [2 0 0]
 [6 4 1]
 [6 4 1]
 [2 0 0]
 [6 4 1]
 [6 4 1]
 [2 0 0]
 [6 4 1]
 [2 0 0]
 [2 0 0]
 [1 6 0]
 [2 0 0]
 [2 0 0]
 [1 6 0]]
[[0. 0. 0. 0. 0. 0. 0.]
 [0. 0. 0. 0. 0. 0. 0.]
 [6. 0. 0. 0. 0. 0. 0.]
 [0. 0. 0. 0. 0. 0. 0.]
 [0. 0. 0. 0. 0. 0. 0.]
 [0. 0. 0. 0. 0. 0. 0.]
 [0. 0. 0. 0. 0. 0. 0.]]
7
[[0. 0. 0. 0. 0. 0. 0.]
 [0. 6. 0. 0. 0. 0. 0.]
 [0. 0. 0. 0. 0. 0. 0.]
 [0. 0. 0. 0. 0. 0. 0.]
 [0. 0. 0. 0. 0. 0. 0.]
 [0. 0. 0. 0. 0. 0. 0.]
 [0. 0. 0. 0. 0. 0. 0.]]
[[1 6 0]
 [6 4 1]
 [6 4 1]
 [1 1 0]
 [1 1 0]
 [1 1 0]
 [1 1 0]
 [6 4 1]
 [6 4 1]
 [1 1 0]
 [6 4 1]
 [6 4 1]
 [1 1 0]
 [6 4 1]
 [1 1 0]
 [1 1 0]
 [1 6 0]
 [1 1 0]
 [1 1 0]
 [1 6 0]]
[[1 6 0]
 [6 4 1]
 [6 4 1]
 [1 1 0]
 [1 1 0]
 [1 1 0]
 [1 1 0]
 [6 4 1]
 [6 4 1]
 [1 1 0]
 [6 4 1]
 [6 4 1]
 [1 1 0]
 [6 4 1]
 [1 1 0]
 [1 1 0]
 [1 6 0]
 [1 1 0]
 [1 1 0]
 [1 6 0]]
[[0. 0. 0. 0. 0. 0. 0.]
 [0. 6. 0. 0. 0. 0. 0.]
 [0. 0. 0. 0. 0. 0. 0.]
 [0. 0. 0. 0. 0. 0. 0.]
 [0. 0. 0. 0. 0. 0. 0.]
 [0. 0. 0. 0. 0. 0. 0.]
 [0. 0. 0. 0. 0. 0. 0.]]
7
[[0. 6. 0. 0. 0. 0. 0.]
 [0. 0. 0. 0. 0. 0. 0.]
 [0. 0. 0. 0. 0. 0. 0.]
 [0. 0. 0. 0. 0. 0. 0.]
 [0. 0. 0. 0. 0. 0. 0.]
 [0. 0. 0. 0. 0. 0. 0.]
 [0. 0. 0. 0. 0. 0. 0.]]
[[1 6 0]
 [6 4 1]
 [6 4 1]
 [0 1 0]
 [0 1 0]
 [0 1 0]
 [0 1 0]
 [6 4 1]
 [6 4 1]
 [0 1 0]
 [6 4 1]
 [6 4 1]
 [0 1 0]
 [6 4 1]
 [0 1 0]
 [0 1 0]
 [1 6 0]
 [0 1 0]
 [0 1 0]
 [1 6 0]]
[[1 6 0]
 [6 4 1]
 [6 4 1]
 [0 1 0]
 [0 1 0]
 [0 1 0]
 [0 1 0]
 [6 4 1]
 [6 4 1]
 [0 1 0]
 [6 4 1]
 [6 4 1]
 [0 1 0]
 [6 4 1]
 [0 1 0]
 [0 1 0]
 [1 6 0]
 [0 1 0]
 [0 1 0]
 [1 6 0]]
[[0. 6. 0. 0. 0. 0. 0.]
 [0. 0. 0. 0. 0. 0. 0.]
 [0. 0. 0. 0. 0. 0. 0.]
 [0. 0. 0. 0. 0. 0. 0.]
 [0. 0. 0. 0. 0. 0. 0.]
 [0. 0. 0. 0. 0. 0. 0.]
 [0. 0. 0. 0. 0. 0. 0.]]
7
[[0. 6. 0. 0. 0. 0. 0.]
 [0. 0. 0. 0. 0. 0. 0.]
 [0. 0. 0. 0. 0. 0. 0.]
 [0. 0. 0. 0. 0. 0. 0.]
 [0. 0. 0. 0. 0. 0. 0.]
 [0. 0. 0. 0. 0. 0. 0.]
 [0. 0. 0. 0. 0. 0. 0.]]
[[1 6 0]
 [6 4 1]
 [6 4 1]
 [0 1 0]
 [0 1 0]
 [0 1 0]
 [0 1 0]
 [6 4 1]
 [6 4 1]
 [0 1 0]
 [6 4 1]
 [6 4 1]
 [0 1 0]
 [6 4 1]
 [0 1 0]
 [0 1 0]
 [1 6 0]
 [0 1 0]
 [0 1 0]
 [1 6 0]]
[[1 6 0]
 [6 4 1]
 [6 4 1]
 [0 1 0]
 [0 1 0]
 [0 1 0]
 [0 1 0]
 [6 4 1]
 [6 4 1]
 [0 1 0]
 [6 4 1]
 [6 4 1]
 [0 1 0]
 [6 4 1]
 [0 1 0]
 [0 1 0]
 [1 6 0]
 [0 1 0]
 [0 1 0]
 [1 6 0]]
[[0. 6. 0. 0. 0. 0. 0.]
 [0. 0. 0. 0. 0. 0. 0.]
 [0. 0. 0. 0. 0. 0. 0.]
 [0. 0. 0. 0. 0. 0. 0.]
 [0. 0. 0. 0. 0. 0. 0.]
 [0. 0. 0. 0. 0. 0. 0.]
 [0. 0. 0. 0. 0. 0. 0.]]
7
[[0. 6. 0. 0. 0. 0. 0.]
 [0. 0. 0. 0. 0. 0. 0.]
 [0. 0. 0. 0. 0. 0. 0.]
 [0. 0. 0. 0. 0. 0. 0.]
 [0. 0. 0. 0. 0. 0. 0.]
 [0. 0. 0. 0. 0. 0. 0.]
 [0. 0. 0. 0. 0. 0. 0.]]
[[1 6 0]
 [6 4 1]
 [6 4 1]
 [0 1 0]
 [0 1 0]
 [0 1 0]
 [0 1 0]
 [6 4 1]
 [6 4 1]
 [0 1 0]
 [6 4 1]
 [6 4 1]
 [0 1 0]
 [6 4 1]
 [0 1 0]
 [0 1 0]
 [1 6 0]
 [0 1 0]
 [0 1 0]
 [1 6 0]]
[[1 6 0]
 [6 4 1]
 [6 4 1]
 [0 1 0]
 [0 1 0]
 [0 1 0]
 [0 1 0]
 [6 4 1]
 [6 4 1]
 [0 1 0]
 [6 4 1]
 [6 4 1]
 [0 1 0]
 [6 4 1]
 [0 1 0]
 [0 1 0]
 [1 6 0]
 [0 1 0]
 [0 1 0]
 [1 6 0]]
[[0. 6. 0. 0. 0. 0. 0.]
 [0. 0. 0. 0. 0. 0. 0.]
 [0. 0. 0. 0. 0. 0. 0.]
 [0. 0. 0. 0. 0. 0. 0.]
 [0. 0. 0. 0. 0. 0. 0.]
 [0. 0. 0. 0. 0. 0. 0.]
 [0. 0. 0. 0. 0. 0. 0.]]
7
[[0. 6. 0. 0. 0. 0. 0.]
 [0. 0. 0. 0. 0. 0. 0.]
 [0. 0. 0. 0. 0. 0. 0.]
 [0. 0. 0. 0. 0. 0. 0.]
 [0. 0. 0. 0. 0. 0. 0.]
 [0. 0. 0. 0. 0. 0. 0.]
 [0. 0. 0. 0. 0. 0. 0.]]
[[1 6 0]
 [6 4 1]
 [6 4 1]
 [0 1 0]
 [0 1 0]
 [0 1 0]
 [0 1 0]
 [6 4 1]
 [6 4 1]
 [0 1 0]
 [6 4 1]
 [6 4 1]
 [0 1 0]
 [6 4 1]
 [0 1 0]
 [0 1 0]
 [1 6 0]
 [0 1 0]
 [0 1 0]
 [1 6 0]]
[[1 6 0]
 [6 4 1]
 [6 4 1]
 [0 1 0]
 [0 1 0]
 [0 1 0]
 [0 1 0]
 [6 4 1]
 [6 4 1]
 [0 1 0]
 [6 4 1]
 [6 4 1]
 [0 1 0]
 [6 4 1]
 [0 1 0]
 [0 1 0]
 [1 6 0]
 [0 1 0]
 [0 1 0]
 [1 6 0]]
[[0. 6. 0. 0. 0. 0. 0.]
 [0. 0. 0. 0. 0. 0. 0.]
 [0. 0. 0. 0. 0. 0. 0.]
 [0. 0. 0. 0. 0. 0. 0.]
 [0. 0. 0. 0. 0. 0. 0.]
 [0. 0. 0. 0. 0. 0. 0.]
 [0. 0. 0. 0. 0. 0. 0.]]
7
[[0. 6. 0. 0. 0. 0. 0.]
 [0. 0. 0. 0. 0. 0. 0.]
 [0. 0. 0. 0. 0. 0. 0.]
 [0. 0. 0. 0. 0. 0. 0.]
 [0. 0. 0. 0. 0. 0. 0.]
 [0. 0. 0. 0. 0. 0. 0.]
 [0. 0. 0. 0. 0. 0. 0.]]
[[1 6 0]
 [6 4 1]
 [6 4 1]
 [0 1 0]
 [0 1 0]
 [0 1 0]
 [0 1 0]
 [6 4 1]
 [6 4 1]
 [0 1 0]
 [6 4 1]
 [6 4 1]
 [0 1 0]
 [6 4 1]
 [0 1 0]
 [0 1 0]
 [1 6 0]
 [0 1 0]
 [0 1 0]
 [1 6 0]]
episode: 0 | avg score: -80.0 | learning_steps: 0
[[3 1 0]
 [3 5 0]
 [4 1 0]
 [3 1 0]
 [5 3 0]
 [3 6 0]
 [0 0 0]
 [2 1 0]
 [3 1 0]
 [0 0 0]
 [5 4 0]
 [1 2 0]
 [3 5 0]
 [2 4 0]
 [1 1 0]
 [6 2 0]
 [0 1 0]
 [2 5 0]
 [6 1 0]
 [6 3 0]]
[[2 1 0 0 0 0 0]
 [0 1 1 0 0 0 0]
 [0 1 0 0 1 1 0]
 [0 3 0 0 0 2 1]
 [0 1 0 0 0 0 0]
 [0 0 0 1 1 0 0]
 [0 1 1 1 0 0 0]]
7
[[1. 0. 0. 0. 1. 0. 0.]
 [0. 0. 0. 0. 0. 0. 0.]
 [1. 0. 4. 0. 2. 0. 1.]
 [0. 0. 1. 0. 0. 0. 0.]
 [1. 0. 0. 1. 0. 0. 1.]
 [0. 1. 0. 0. 0. 0. 0.]
 [0. 1. 1. 1. 0. 0. 0.]]
[[2 2 0]
 [2 4 0]
 [3 2 0]
 [2 2 0]
 [4 3 0]
 [2 6 0]
 [1 0 0]
 [4 0 0]
 [2 2 0]
 [1 0 0]
 [5 1 0]
 [2 2 0]
 [2 4 0]
 [4 6 0]
 [2 0 0]
 [5 1 0]
 [0 0 0]
 [0 4 0]
 [6 1 0]
 [6 3 0]]
[[2 2 0]
 [2 4 0]
 [3 2 0]
 [2 2 0]
 [4 3 0]
 [2 6 0]
 [1 0 0]
 [4 0 0]
 [2 2 0]
 [1 0 0]
 [5 1 0]
 [2 2 0]
 [2 4 0]
 [4 6 0]
 [2 0 0]
 [5 1 0]
 [0 0 0]
 [0 4 0]
 [6 1 0]
 [6 3 0]]
[[1. 0. 0. 0. 1. 0. 0.]
 [0. 0. 0. 0. 0. 0. 0.]
 [1. 0. 4. 0. 2. 0. 1.]
 [0. 0. 1. 0. 0. 0. 0.]
 [1. 0. 0. 1. 0. 0. 1.]
 [0. 1. 0. 0. 0. 0. 0.]
 [0. 1. 1. 1. 0. 0. 0.]]
7
[[1. 0. 0. 2. 1. 0. 1.]
 [0. 0. 0. 0. 0. 0. 0.]
 [0. 0. 0. 0. 0. 0. 0.]
 [1. 0. 0. 4. 0. 0. 0.]
 [0. 2. 0. 0. 0. 0. 0.]
 [0. 1. 0. 2. 0. 0. 0.]
 [0. 2. 0. 0. 0. 0. 0.]]
[[3 3 0]
 [0 3 0]
 [5 3 0]
 [3 3 0]
 [4 1 0]
 [0 6 0]
 [1 0 0]
 [4 1 0]
 [3 3 0]
 [1 0 0]
 [5 1 0]
 [3 3 0]
 [0 3 0]
 [3 6 0]
 [3 0 0]
 [5 1 0]
 [0 0 0]
 [0 4 0]
 [6 1 0]
 [6 1 0]]
[[3 3 0]
 [0 3 0]
 [5 3 0]
 [3 3 0]
 [4 1 0]
 [0 6 0]
 [1 0 0]
 [4 1 0]
 [3 3 0]
 [1 0 0]
 [5 1 0]
 [3 3 0]
 [0 3 0]
 [3 6 0]
 [3 0 0]
 [5 1 0]
 [0 0 0]
 [0 4 0]
 [6 1 0]
 [6 1 0]]
[[1. 0. 0. 2. 1. 0. 1.]
 [0. 0. 0. 0. 0. 0. 0.]
 [0. 0. 0. 0. 0. 0. 0.]
 [1. 0. 0. 4. 0. 0. 0.]
 [0. 2. 0. 0. 0. 0. 0.]
 [0. 1. 0. 2. 0. 0. 0.]
 [0. 2. 0. 0. 0. 0. 0.]]
7
[[0. 0. 0. 0. 1. 2. 0.]
 [0. 0. 0. 0. 0. 1. 0.]
 [0. 0. 0. 0. 0. 0. 0.]
 [0. 0. 4. 0. 0. 0. 0.]
 [0. 1. 2. 0. 0. 0. 0.]
 [2. 0. 3. 0. 0. 0. 0.]
 [0. 0. 0. 0. 0. 0. 0.]]
[[3 2 0]
 [0 5 0]
 [5 2 0]
 [3 2 0]
 [4 2 0]
 [1 5 0]
 [1 0 0]
 [4 2 0]
 [3 2 0]
 [1 0 0]
 [5 2 0]
 [3 2 0]
 [0 5 0]
 [3 6 0]
 [4 2 0]
 [5 2 0]
 [1 0 0]
 [0 4 0]
 [5 0 0]
 [5 0 0]]
[[3 2 0]
 [0 5 0]
 [5 2 0]
 [3 2 0]
 [4 2 0]
 [1 5 0]
 [1 0 0]
 [4 2 0]
 [3 2 0]
 [1 0 0]
 [5 2 0]
 [3 2 0]
 [0 5 0]
 [3 6 0]
 [4 2 0]
 [5 2 0]
 [1 0 0]
 [0 4 0]
 [5 0 0]
 [5 0 0]]
[[0. 0. 0. 0. 1. 2. 0.]
 [0. 0. 0. 0. 0. 1. 0.]
 [0. 0. 0. 0. 0. 0. 0.]
 [0. 0. 4. 0. 0. 0. 0.]
 [0. 1. 2. 0. 0. 0. 0.]
 [2. 0. 3. 0. 0. 0. 0.]
 [0. 0. 0. 0. 0. 0. 0.]]
7
[[0. 0. 0. 0. 0. 2. 1.]
 [0. 0. 0. 0. 1. 0. 0.]
 [4. 0. 0. 0. 0. 0. 0.]
 [0. 0. 0. 0. 0. 0. 0.]
 [3. 0. 0. 0. 0. 0. 0.]
 [0. 0. 0. 0. 0. 0. 0.]
 [3. 2. 0. 0. 0. 0. 0.]]
[[2 0 0]
 [0 5 0]
 [6 0 0]
 [2 0 0]
 [4 0 0]
 [1 4 0]
 [1 0 0]
 [4 0 0]
 [2 0 0]
 [1 0 0]
 [6 0 0]
 [2 0 0]
 [0 5 0]
 [3 6 0]
 [4 0 0]
 [6 0 0]
 [1 0 0]
 [0 6 0]
 [6 1 0]
 [6 1 0]]
[[2 0 0]
 [0 5 0]
 [6 0 0]
 [2 0 0]
 [4 0 0]
 [1 4 0]
 [1 0 0]
 [4 0 0]
 [2 0 0]
 [1 0 0]
 [6 0 0]
 [2 0 0]
 [0 5 0]
 [3 6 0]
 [4 0 0]
 [6 0 0]
 [1 0 0]
 [0 6 0]
 [6 1 0]
 [6 1 0]]
[[0. 0. 0. 0. 0. 2. 1.]
 [0. 0. 0. 0. 1. 0. 0.]
 [4. 0. 0. 0. 0. 0. 0.]
 [0. 0. 0. 0. 0. 0. 0.]
 [3. 0. 0. 0. 0. 0. 0.]
 [0. 0. 0. 0. 0. 0. 0.]
 [3. 2. 0. 0. 0. 0. 0.]]
7
[[0. 0. 0. 0. 0. 0. 0.]
 [0. 0. 0. 0. 0. 0. 1.]
 [4. 0. 0. 0. 0. 1. 0.]
 [0. 0. 0. 0. 0. 0. 0.]
 [0. 0. 0. 0. 0. 0. 0.]
 [0. 3. 0. 0. 0. 0. 0.]
 [3. 2. 0. 0. 0. 0. 0.]]
[[2 0 0]
 [1 5 0]
 [6 0 0]
 [2 0 0]
 [5 1 0]
 [2 5 0]
 [1 0 0]
 [5 1 0]
 [2 0 0]
 [1 0 0]
 [6 0 0]
 [2 0 0]
 [1 5 0]
 [3 6 0]
 [5 1 0]
 [6 0 0]
 [1 0 0]
 [1 6 0]
 [6 1 0]
 [6 1 0]]
[[2 0 0]
 [1 5 0]
 [6 0 0]
 [2 0 0]
 [5 1 0]
 [2 5 0]
 [1 0 0]
 [5 1 0]
 [2 0 0]
 [1 0 0]
 [6 0 0]
 [2 0 0]
 [1 5 0]
 [3 6 0]
 [5 1 0]
 [6 0 0]
 [1 0 0]
 [1 6 0]
 [6 1 0]
 [6 1 0]]
[[0. 0. 0. 0. 0. 0. 0.]
 [0. 0. 0. 0. 0. 0. 1.]
 [4. 0. 0. 0. 0. 1. 0.]
 [0. 0. 0. 0. 0. 0. 0.]
 [0. 0. 0. 0. 0. 0. 0.]
 [0. 3. 0. 0. 0. 0. 0.]
 [3. 2. 0. 0. 0. 0. 0.]]
7
[[4. 0. 0. 0. 0. 0. 0.]
 [0. 0. 0. 0. 0. 1. 0.]
 [0. 0. 0. 0. 0. 0. 0.]
 [0. 0. 0. 0. 0. 1. 0.]
 [0. 0. 0. 0. 0. 0. 0.]
 [0. 0. 0. 0. 0. 0. 0.]
 [8. 0. 0. 0. 0. 0. 0.]]
[[0 0 0]
 [1 5 0]
 [6 0 0]
 [0 0 0]
 [6 0 0]
 [3 5 0]
 [1 0 0]
 [6 0 0]
 [0 0 0]
 [1 0 0]
 [6 0 0]
 [0 0 0]
 [1 5 0]
 [3 6 0]
 [6 0 0]
 [6 0 0]
 [1 0 0]
 [1 5 0]
 [6 0 0]
 [6 0 0]]
[[0 0 0]
 [1 5 0]
 [6 0 0]
 [0 0 0]
 [6 0 0]
 [3 5 0]
 [1 0 0]
 [6 0 0]
 [0 0 0]
 [1 0 0]
 [6 0 0]
 [0 0 0]
 [1 5 0]
 [3 6 0]
 [6 0 0]
 [6 0 0]
 [1 0 0]
 [1 5 0]
 [6 0 0]
 [6 0 0]]
[[4. 0. 0. 0. 0. 0. 0.]
 [0. 0. 0. 0. 0. 1. 0.]
 [0. 0. 0. 0. 0. 0. 0.]
 [0. 0. 0. 0. 0. 1. 0.]
 [0. 0. 0. 0. 0. 0. 0.]
 [0. 0. 0. 0. 0. 0. 0.]
 [8. 0. 0. 0. 0. 0. 0.]]
7
[[4. 0. 0. 0. 0. 0. 0.]
 [0. 0. 0. 0. 0. 0. 0.]
 [0. 0. 0. 0. 0. 0. 0.]
 [0. 0. 0. 0. 0. 0. 0.]
 [0. 0. 0. 0. 0. 0. 0.]
 [8. 0. 0. 0. 0. 1. 0.]
 [0. 0. 0. 0. 0. 0. 0.]]
[[0 0 0]
 [0 5 0]
 [5 0 0]
 [0 0 0]
 [5 0 0]
 [5 5 0]
 [1 0 0]
 [5 0 0]
 [0 0 0]
 [1 0 0]
 [5 0 0]
 [0 0 0]
 [0 5 0]
 [3 6 0]
 [5 0 0]
 [5 0 0]
 [1 0 0]
 [0 5 0]
 [5 0 0]
 [5 0 0]]
[[0 0 0]
 [0 5 0]
 [5 0 0]
 [0 0 0]
 [5 0 0]
 [5 5 0]
 [1 0 0]
 [5 0 0]
 [0 0 0]
 [1 0 0]
 [5 0 0]
 [0 0 0]
 [0 5 0]
 [3 6 0]
 [5 0 0]
 [5 0 0]
 [1 0 0]
 [0 5 0]
 [5 0 0]
 [5 0 0]]
[[4. 0. 0. 0. 0. 0. 0.]
 [0. 0. 0. 0. 0. 0. 0.]
 [0. 0. 0. 0. 0. 0. 0.]
 [0. 0. 0. 0. 0. 0. 0.]
 [0. 0. 0. 0. 0. 0. 0.]
 [8. 0. 0. 0. 0. 1. 0.]
 [0. 0. 0. 0. 0. 0. 0.]]
7
[[4. 0. 0. 0. 0. 0. 0.]
 [0. 0. 0. 0. 0. 0. 0.]
 [0. 0. 0. 0. 0. 0. 0.]
 [0. 0. 0. 0. 0. 0. 0.]
 [8. 0. 0. 0. 0. 0. 0.]
 [0. 0. 0. 0. 0. 0. 1.]
 [0. 0. 0. 0. 0. 0. 0.]]
[[0 0 0]
 [0 5 0]
 [4 0 0]
 [0 0 0]
 [4 0 0]
 [5 6 0]
 [1 0 0]
 [4 0 0]
 [0 0 0]
 [1 0 0]
 [4 0 0]
 [0 0 0]
 [0 5 0]
 [3 6 0]
 [4 0 0]
 [4 0 0]
 [1 0 0]
 [0 5 0]
 [4 0 0]
 [4 0 0]]
[[0 0 0]
 [0 5 0]
 [4 0 0]
 [0 0 0]
 [4 0 0]
 [5 6 0]
 [1 0 0]
 [4 0 0]
 [0 0 0]
 [1 0 0]
 [4 0 0]
 [0 0 0]
 [0 5 0]
 [3 6 0]
 [4 0 0]
 [4 0 0]
 [1 0 0]
 [0 5 0]
 [4 0 0]
 [4 0 0]]
[[4. 0. 0. 0. 0. 0. 0.]
 [0. 0. 0. 0. 0. 0. 0.]
 [0. 0. 0. 0. 0. 0. 0.]
 [0. 0. 0. 0. 0. 0. 0.]
 [8. 0. 0. 0. 0. 0. 0.]
 [0. 0. 0. 0. 0. 0. 1.]
 [0. 0. 0. 0. 0. 0. 0.]]
7
[[4. 0. 0. 0. 0. 0. 0.]
 [0. 0. 0. 0. 0. 0. 0.]
 [0. 0. 0. 0. 0. 0. 0.]
 [8. 0. 0. 0. 0. 0. 0.]
 [0. 0. 0. 0. 0. 0. 0.]
 [0. 0. 0. 0. 0. 0. 0.]
 [0. 0. 0. 0. 0. 0. 1.]]
[[0 0 0]
 [0 5 0]
 [3 0 0]
 [0 0 0]
 [3 0 0]
 [6 6 0]
 [1 0 0]
 [3 0 0]
 [0 0 0]
 [1 0 0]
 [3 0 0]
 [0 0 0]
 [0 5 0]
 [3 6 0]
 [3 0 0]
 [3 0 0]
 [1 0 0]
 [0 5 0]
 [3 0 0]
 [3 0 0]]
[[0 0 0]
 [0 5 0]
 [3 0 0]
 [0 0 0]
 [3 0 0]
 [6 6 0]
 [1 0 0]
 [3 0 0]
 [0 0 0]
 [1 0 0]
 [3 0 0]
 [0 0 0]
 [0 5 0]
 [3 6 0]
 [3 0 0]
 [3 0 0]
 [1 0 0]
 [0 5 0]
 [3 0 0]
 [3 0 0]]
[[4. 0. 0. 0. 0. 0. 0.]
 [0. 0. 0. 0. 0. 0. 0.]
 [0. 0. 0. 0. 0. 0. 0.]
 [8. 0. 0. 0. 0. 0. 0.]
 [0. 0. 0. 0. 0. 0. 0.]
 [0. 0. 0. 0. 0. 0. 0.]
 [0. 0. 0. 0. 0. 0. 1.]]
7
[[0. 4. 0. 0. 0. 0. 0.]
 [0. 0. 0. 0. 0. 0. 0.]
 [0. 0. 0. 0. 0. 0. 0.]
 [0. 0. 0. 0. 0. 0. 0.]
 [0. 8. 0. 0. 0. 0. 0.]
 [0. 0. 0. 0. 0. 0. 0.]
 [0. 0. 0. 0. 0. 0. 1.]]
[[0 1 0]
 [0 5 0]
 [4 1 0]
 [0 1 0]
 [4 1 0]
 [6 6 0]
 [1 0 0]
 [4 1 0]
 [0 1 0]
 [1 0 0]
 [4 1 0]
 [0 1 0]
 [0 5 0]
 [3 6 0]
 [4 1 0]
 [4 1 0]
 [1 0 0]
 [0 5 0]
 [4 1 0]
 [4 1 0]]
[[0 1 0]
 [0 5 0]
 [4 1 0]
 [0 1 0]
 [4 1 0]
 [6 6 0]
 [1 0 0]
 [4 1 0]
 [0 1 0]
 [1 0 0]
 [4 1 0]
 [0 1 0]
 [0 5 0]
 [3 6 0]
 [4 1 0]
 [4 1 0]
 [1 0 0]
 [0 5 0]
 [4 1 0]
 [4 1 0]]
[[0. 4. 0. 0. 0. 0. 0.]
 [0. 0. 0. 0. 0. 0. 0.]
 [0. 0. 0. 0. 0. 0. 0.]
 [0. 0. 0. 0. 0. 0. 0.]
 [0. 8. 0. 0. 0. 0. 0.]
 [0. 0. 0. 0. 0. 0. 0.]
 [0. 0. 0. 0. 0. 0. 1.]]
7
[[0. 0. 4. 0. 0. 0. 0.]
 [0. 0. 0. 0. 0. 0. 0.]
 [0. 0. 0. 0. 0. 0. 0.]
 [0. 0. 0. 0. 0. 0. 0.]
 [0. 0. 8. 0. 0. 0. 0.]
 [0. 0. 0. 0. 0. 0. 0.]
 [0. 0. 0. 0. 0. 0. 1.]]
[[0 2 0]
 [0 5 0]
 [4 2 0]
 [0 2 0]
 [4 2 0]
 [6 6 0]
 [1 0 0]
 [4 2 0]
 [0 2 0]
 [1 0 0]
 [4 2 0]
 [0 2 0]
 [0 5 0]
 [3 6 0]
 [4 2 0]
 [4 2 0]
 [1 0 0]
 [0 5 0]
 [4 2 0]
 [4 2 0]]
[[0 2 0]
 [0 5 0]
 [4 2 0]
 [0 2 0]
 [4 2 0]
 [6 6 0]
 [1 0 0]
 [4 2 0]
 [0 2 0]
 [1 0 0]
 [4 2 0]
 [0 2 0]
 [0 5 0]
 [3 6 0]
 [4 2 0]
 [4 2 0]
 [1 0 0]
 [0 5 0]
 [4 2 0]
 [4 2 0]]
[[0. 0. 4. 0. 0. 0. 0.]
 [0. 0. 0. 0. 0. 0. 0.]
 [0. 0. 0. 0. 0. 0. 0.]
 [0. 0. 0. 0. 0. 0. 0.]
 [0. 0. 8. 0. 0. 0. 0.]
 [0. 0. 0. 0. 0. 0. 0.]
 [0. 0. 0. 0. 0. 0. 1.]]
7
[[0. 4. 0. 0. 0. 0. 0.]
 [0. 0. 0. 0. 0. 0. 0.]
 [0. 0. 0. 0. 0. 0. 0.]
 [0. 0. 0. 0. 0. 0. 0.]
 [0. 0. 0. 8. 0. 0. 0.]
 [0. 0. 0. 0. 0. 0. 0.]
 [0. 0. 0. 0. 0. 1. 0.]]
[[0 1 0]
 [0 5 0]
 [4 3 0]
 [0 1 0]
 [4 3 0]
 [6 5 0]
 [1 0 0]
 [4 3 0]
 [0 1 0]
 [1 0 0]
 [4 3 0]
 [0 1 0]
 [0 5 0]
 [3 6 0]
 [4 3 0]
 [4 3 0]
 [1 0 0]
 [0 5 0]
 [4 3 0]
 [4 3 0]]
[[0 1 0]
 [0 5 0]
 [4 3 0]
 [0 1 0]
 [4 3 0]
 [6 5 0]
 [1 0 0]
 [4 3 0]
 [0 1 0]
 [1 0 0]
 [4 3 0]
 [0 1 0]
 [0 5 0]
 [3 6 0]
 [4 3 0]
 [4 3 0]
 [1 0 0]
 [0 5 0]
 [4 3 0]
 [4 3 0]]
[[0. 4. 0. 0. 0. 0. 0.]
 [0. 0. 0. 0. 0. 0. 0.]
 [0. 0. 0. 0. 0. 0. 0.]
 [0. 0. 0. 0. 0. 0. 0.]
 [0. 0. 0. 8. 0. 0. 0.]
 [0. 0. 0. 0. 0. 0. 0.]
 [0. 0. 0. 0. 0. 1. 0.]]
7
[[4. 0. 0. 0. 0. 0. 0.]
 [0. 0. 0. 0. 0. 0. 0.]
 [0. 0. 0. 0. 0. 0. 0.]
 [0. 0. 0. 0. 0. 0. 0.]
 [0. 8. 0. 0. 0. 0. 0.]
 [0. 0. 0. 0. 0. 0. 0.]
 [0. 0. 0. 0. 1. 0. 0.]]
[[0 0 0]
 [0 5 0]
 [4 1 0]
 [0 0 0]
 [4 1 0]
 [6 4 0]
 [1 0 0]
 [4 1 0]
 [0 0 0]
 [1 0 0]
 [4 1 0]
 [0 0 0]
 [0 5 0]
 [3 6 0]
 [4 1 0]
 [4 1 0]
 [1 0 0]
 [0 5 0]
 [4 1 0]
 [4 1 0]]
[[0 0 0]
 [0 5 0]
 [4 1 0]
 [0 0 0]
 [4 1 0]
 [6 4 0]
 [1 0 0]
 [4 1 0]
 [0 0 0]
 [1 0 0]
 [4 1 0]
 [0 0 0]
 [0 5 0]
 [3 6 0]
 [4 1 0]
 [4 1 0]
 [1 0 0]
 [0 5 0]
 [4 1 0]
 [4 1 0]]
[[4. 0. 0. 0. 0. 0. 0.]
 [0. 0. 0. 0. 0. 0. 0.]
 [0. 0. 0. 0. 0. 0. 0.]
 [0. 0. 0. 0. 0. 0. 0.]
 [0. 8. 0. 0. 0. 0. 0.]
 [0. 0. 0. 0. 0. 0. 0.]
 [0. 0. 0. 0. 1. 0. 0.]]
7
[[4. 0. 0. 0. 0. 0. 0.]
 [0. 0. 0. 0. 0. 0. 0.]
 [0. 0. 0. 0. 0. 0. 0.]
 [0. 0. 0. 0. 0. 0. 0.]
 [8. 0. 0. 0. 0. 0. 0.]
 [0. 0. 0. 0. 0. 0. 0.]
 [0. 0. 0. 1. 0. 0. 0.]]
[[0 0 0]
 [0 5 0]
 [4 0 0]
 [0 0 0]
 [4 0 0]
 [6 3 0]
 [1 0 0]
 [4 0 0]
 [0 0 0]
 [1 0 0]
 [4 0 0]
 [0 0 0]
 [0 5 0]
 [3 6 0]
 [4 0 0]
 [4 0 0]
 [1 0 0]
 [0 5 0]
 [4 0 0]
 [4 0 0]]
[[0 0 0]
 [0 5 0]
 [4 0 0]
 [0 0 0]
 [4 0 0]
 [6 3 0]
 [1 0 0]
 [4 0 0]
 [0 0 0]
 [1 0 0]
 [4 0 0]
 [0 0 0]
 [0 5 0]
 [3 6 0]
 [4 0 0]
 [4 0 0]
 [1 0 0]
 [0 5 0]
 [4 0 0]
 [4 0 0]]
[[4. 0. 0. 0. 0. 0. 0.]
 [0. 0. 0. 0. 0. 0. 0.]
 [0. 0. 0. 0. 0. 0. 0.]
 [0. 0. 0. 0. 0. 0. 0.]
 [8. 0. 0. 0. 0. 0. 0.]
 [0. 0. 0. 0. 0. 0. 0.]
 [0. 0. 0. 1. 0. 0. 0.]]
7
[[0. 4. 0. 0. 0. 0. 0.]
 [0. 0. 0. 0. 0. 0. 0.]
 [0. 0. 0. 0. 0. 0. 0.]
 [0. 0. 0. 0. 0. 0. 0.]
 [0. 0. 0. 0. 0. 0. 0.]
 [0. 0. 0. 0. 0. 0. 0.]
 [8. 0. 1. 0. 0. 0. 0.]]
[[0 1 0]
 [0 5 0]
 [6 0 0]
 [0 1 0]
 [6 0 0]
 [6 2 0]
 [1 0 0]
 [6 0 0]
 [0 1 0]
 [1 0 0]
 [6 0 0]
 [0 1 0]
 [0 5 0]
 [3 6 0]
 [6 0 0]
 [6 0 0]
 [1 0 0]
 [0 5 0]
 [6 0 0]
 [6 0 0]]
[[0 1 0]
 [0 5 0]
 [6 0 0]
 [0 1 0]
 [6 0 0]
 [6 2 0]
 [1 0 0]
 [6 0 0]
 [0 1 0]
 [1 0 0]
 [6 0 0]
 [0 1 0]
 [0 5 0]
 [3 6 0]
 [6 0 0]
 [6 0 0]
 [1 0 0]
 [0 5 0]
 [6 0 0]
 [6 0 0]]
[[0. 4. 0. 0. 0. 0. 0.]
 [0. 0. 0. 0. 0. 0. 0.]
 [0. 0. 0. 0. 0. 0. 0.]
 [0. 0. 0. 0. 0. 0. 0.]
 [0. 0. 0. 0. 0. 0. 0.]
 [0. 0. 0. 0. 0. 0. 0.]
 [8. 0. 1. 0. 0. 0. 0.]]
7
[[0. 0. 4. 0. 0. 0. 0.]
 [0. 0. 0. 0. 0. 0. 0.]
 [0. 0. 0. 0. 0. 0. 0.]
 [0. 0. 0. 0. 0. 0. 0.]
 [0. 0. 0. 0. 0. 0. 0.]
 [0. 8. 1. 0. 0. 0. 0.]
 [0. 0. 0. 0. 0. 0. 0.]]
[[0 2 0]
 [0 5 0]
 [5 1 0]
 [0 2 0]
 [5 1 0]
 [5 2 0]
 [1 0 0]
 [5 1 0]
 [0 2 0]
 [1 0 0]
 [5 1 0]
 [0 2 0]
 [0 5 0]
 [3 6 0]
 [5 1 0]
 [5 1 0]
 [1 0 0]
 [0 5 0]
 [5 1 0]
 [5 1 0]]
[[0 2 0]
 [0 5 0]
 [5 1 0]
 [0 2 0]
 [5 1 0]
 [5 2 0]
 [1 0 0]
 [5 1 0]
 [0 2 0]
 [1 0 0]
 [5 1 0]
 [0 2 0]
 [0 5 0]
 [3 6 0]
 [5 1 0]
 [5 1 0]
 [1 0 0]
 [0 5 0]
 [5 1 0]
 [5 1 0]]
[[0. 0. 4. 0. 0. 0. 0.]
 [0. 0. 0. 0. 0. 0. 0.]
 [0. 0. 0. 0. 0. 0. 0.]
 [0. 0. 0. 0. 0. 0. 0.]
 [0. 0. 0. 0. 0. 0. 0.]
 [0. 8. 1. 0. 0. 0. 0.]
 [0. 0. 0. 0. 0. 0. 0.]]
7
[[0. 0. 0. 0. 4. 0. 0.]
 [0. 0. 0. 0. 0. 0. 0.]
 [0. 0. 0. 0. 0. 0. 0.]
 [0. 0. 0. 0. 0. 0. 0.]
 [0. 0. 0. 0. 0. 0. 0.]
 [0. 0. 0. 0. 0. 0. 0.]
 [0. 8. 1. 0. 0. 0. 0.]]
[[0 4 0]
 [0 5 0]
 [6 1 0]
 [0 4 0]
 [6 1 0]
 [6 2 0]
 [1 0 0]
 [6 1 0]
 [0 4 0]
 [1 0 0]
 [6 1 0]
 [0 4 0]
 [0 5 0]
 [3 6 0]
 [6 1 0]
 [6 1 0]
 [1 0 0]
 [0 5 0]
 [6 1 0]
 [6 1 0]]
[[0 4 0]
 [0 5 0]
 [6 1 0]
 [0 4 0]
 [6 1 0]
 [6 2 0]
 [1 0 0]
 [6 1 0]
 [0 4 0]
 [1 0 0]
 [6 1 0]
 [0 4 0]
 [0 5 0]
 [3 6 0]
 [6 1 0]
 [6 1 0]
 [1 0 0]
 [0 5 0]
 [6 1 0]
 [6 1 0]]
[[0. 0. 0. 0. 4. 0. 0.]
 [0. 0. 0. 0. 0. 0. 0.]
 [0. 0. 0. 0. 0. 0. 0.]
 [0. 0. 0. 0. 0. 0. 0.]
 [0. 0. 0. 0. 0. 0. 0.]
 [0. 0. 0. 0. 0. 0. 0.]
 [0. 8. 1. 0. 0. 0. 0.]]
7
[[0. 0. 0. 0. 0. 0. 0.]
 [0. 0. 0. 0. 0. 4. 0.]
 [0. 0. 0. 0. 0. 0. 0.]
 [0. 0. 0. 0. 0. 0. 0.]
 [0. 0. 0. 0. 0. 0. 0.]
 [0. 0. 9. 0. 0. 0. 0.]
 [0. 0. 0. 0. 0. 0. 0.]]
[[1 5 0]
 [0 5 0]
 [5 2 0]
 [1 5 0]
 [5 2 0]
 [5 2 0]
 [1 0 0]
 [5 2 0]
 [1 5 0]
 [1 0 0]
 [5 2 0]
 [1 5 0]
 [0 5 0]
 [3 6 0]
 [5 2 0]
 [5 2 0]
 [1 0 0]
 [0 5 0]
 [5 2 0]
 [5 2 0]]
[[1 5 0]
 [0 5 0]
 [5 2 0]
 [1 5 0]
 [5 2 0]
 [5 2 0]
 [1 0 0]
 [5 2 0]
 [1 5 0]
 [1 0 0]
 [5 2 0]
 [1 5 0]
 [0 5 0]
 [3 6 0]
 [5 2 0]
 [5 2 0]
 [1 0 0]
 [0 5 0]
 [5 2 0]
 [5 2 0]]
[[0. 0. 0. 0. 0. 0. 0.]
 [0. 0. 0. 0. 0. 4. 0.]
 [0. 0. 0. 0. 0. 0. 0.]
 [0. 0. 0. 0. 0. 0. 0.]
 [0. 0. 0. 0. 0. 0. 0.]
 [0. 0. 9. 0. 0. 0. 0.]
 [0. 0. 0. 0. 0. 0. 0.]]
7
[[0. 0. 0. 0. 4. 0. 0.]
 [0. 0. 0. 0. 0. 0. 0.]
 [0. 0. 0. 0. 0. 0. 0.]
 [0. 0. 0. 0. 0. 0. 0.]
 [0. 0. 0. 0. 0. 0. 0.]
 [0. 0. 0. 0. 0. 0. 0.]
 [0. 0. 9. 0. 0. 0. 0.]]
[[0 4 0]
 [0 5 0]
 [6 2 0]
 [0 4 0]
 [6 2 0]
 [6 2 0]
 [1 0 0]
 [6 2 0]
 [0 4 0]
 [1 0 0]
 [6 2 0]
 [0 4 0]
 [0 5 0]
 [3 6 0]
 [6 2 0]
 [6 2 0]
 [1 0 0]
 [0 5 0]
 [6 2 0]
 [6 2 0]]
[[0 4 0]
 [0 5 0]
 [6 2 0]
 [0 4 0]
 [6 2 0]
 [6 2 0]
 [1 0 0]
 [6 2 0]
 [0 4 0]
 [1 0 0]
 [6 2 0]
 [0 4 0]
 [0 5 0]
 [3 6 0]
 [6 2 0]
 [6 2 0]
 [1 0 0]
 [0 5 0]
 [6 2 0]
 [6 2 0]]
[[0. 0. 0. 0. 4. 0. 0.]
 [0. 0. 0. 0. 0. 0. 0.]
 [0. 0. 0. 0. 0. 0. 0.]
 [0. 0. 0. 0. 0. 0. 0.]
 [0. 0. 0. 0. 0. 0. 0.]
 [0. 0. 0. 0. 0. 0. 0.]
 [0. 0. 9. 0. 0. 0. 0.]]
7
[[0. 0. 0. 4. 0. 0. 0.]
 [0. 0. 0. 0. 0. 0. 0.]
 [0. 0. 0. 0. 0. 0. 0.]
 [0. 0. 0. 0. 0. 0. 0.]
 [0. 0. 0. 0. 0. 0. 0.]
 [0. 0. 0. 0. 0. 0. 0.]
 [0. 0. 9. 0. 0. 0. 0.]]
[[0 3 0]
 [0 5 0]
 [6 2 0]
 [0 3 0]
 [6 2 0]
 [6 2 0]
 [1 0 0]
 [6 2 0]
 [0 3 0]
 [1 0 0]
 [6 2 0]
 [0 3 0]
 [0 5 0]
 [3 6 0]
 [6 2 0]
 [6 2 0]
 [1 0 0]
 [0 5 0]
 [6 2 0]
 [6 2 0]]
[[0 3 0]
 [0 5 0]
 [6 2 0]
 [0 3 0]
 [6 2 0]
 [6 2 0]
 [1 0 0]
 [6 2 0]
 [0 3 0]
 [1 0 0]
 [6 2 0]
 [0 3 0]
 [0 5 0]
 [3 6 0]
 [6 2 0]
 [6 2 0]
 [1 0 0]
 [0 5 0]
 [6 2 0]
 [6 2 0]]
[[0. 0. 0. 4. 0. 0. 0.]
 [0. 0. 0. 0. 0. 0. 0.]
 [0. 0. 0. 0. 0. 0. 0.]
 [0. 0. 0. 0. 0. 0. 0.]
 [0. 0. 0. 0. 0. 0. 0.]
 [0. 0. 0. 0. 0. 0. 0.]
 [0. 0. 9. 0. 0. 0. 0.]]
7
[[0. 0. 0. 4. 0. 0. 0.]
 [0. 0. 0. 0. 0. 0. 0.]
 [0. 0. 0. 0. 0. 0. 0.]
 [0. 0. 0. 0. 0. 0. 0.]
 [0. 0. 0. 0. 0. 0. 0.]
 [0. 0. 0. 0. 0. 0. 0.]
 [0. 0. 0. 9. 0. 0. 0.]]
[[0 3 0]
 [0 5 0]
 [6 3 0]
 [0 3 0]
 [6 3 0]
 [6 3 0]
 [1 0 0]
 [6 3 0]
 [0 3 0]
 [1 0 0]
 [6 3 0]
 [0 3 0]
 [0 5 0]
 [3 6 0]
 [6 3 0]
 [6 3 0]
 [1 0 0]
 [0 5 0]
 [6 3 0]
 [6 3 0]]
[[0 3 0]
 [0 5 0]
 [6 3 0]
 [0 3 0]
 [6 3 0]
 [6 3 0]
 [1 0 0]
 [6 3 0]
 [0 3 0]
 [1 0 0]
 [6 3 0]
 [0 3 0]
 [0 5 0]
 [3 6 0]
 [6 3 0]
 [6 3 0]
 [1 0 0]
 [0 5 0]
 [6 3 0]
 [6 3 0]]
[[0. 0. 0. 4. 0. 0. 0.]
 [0. 0. 0. 0. 0. 0. 0.]
 [0. 0. 0. 0. 0. 0. 0.]
 [0. 0. 0. 0. 0. 0. 0.]
 [0. 0. 0. 0. 0. 0. 0.]
 [0. 0. 0. 0. 0. 0. 0.]
 [0. 0. 0. 9. 0. 0. 0.]]
7
[[0. 0. 4. 0. 0. 0. 0.]
 [0. 0. 0. 0. 0. 0. 0.]
 [0. 0. 0. 0. 0. 0. 0.]
 [0. 0. 0. 0. 0. 0. 0.]
 [0. 0. 0. 0. 0. 0. 0.]
 [0. 0. 0. 0. 9. 0. 0.]
 [0. 0. 0. 0. 0. 0. 0.]]
[[0 2 0]
 [0 5 0]
 [5 4 0]
 [0 2 0]
 [5 4 0]
 [5 4 0]
 [1 0 0]
 [5 4 0]
 [0 2 0]
 [1 0 0]
 [5 4 0]
 [0 2 0]
 [0 5 0]
 [3 6 0]
 [5 4 0]
 [5 4 0]
 [1 0 0]
 [0 5 0]
 [5 4 0]
 [5 4 0]]
[[0 2 0]
 [0 5 0]
 [5 4 0]
 [0 2 0]
 [5 4 0]
 [5 4 0]
 [1 0 0]
 [5 4 0]
 [0 2 0]
 [1 0 0]
 [5 4 0]
 [0 2 0]
 [0 5 0]
 [3 6 0]
 [5 4 0]
 [5 4 0]
 [1 0 0]
 [0 5 0]
 [5 4 0]
 [5 4 0]]
[[0. 0. 4. 0. 0. 0. 0.]
 [0. 0. 0. 0. 0. 0. 0.]
 [0. 0. 0. 0. 0. 0. 0.]
 [0. 0. 0. 0. 0. 0. 0.]
 [0. 0. 0. 0. 0. 0. 0.]
 [0. 0. 0. 0. 9. 0. 0.]
 [0. 0. 0. 0. 0. 0. 0.]]
7
[[0. 0. 0. 4. 0. 0. 0.]
 [0. 0. 0. 0. 0. 0. 0.]
 [0. 0. 0. 0. 0. 0. 0.]
 [0. 0. 0. 0. 0. 0. 0.]
 [0. 0. 0. 0. 0. 0. 0.]
 [0. 0. 0. 9. 0. 0. 0.]
 [0. 0. 0. 0. 0. 0. 0.]]
[[0 3 0]
 [0 5 0]
 [5 3 0]
 [0 3 0]
 [5 3 0]
 [5 3 0]
 [1 0 0]
 [5 3 0]
 [0 3 0]
 [1 0 0]
 [5 3 0]
 [0 3 0]
 [0 5 0]
 [3 6 0]
 [5 3 0]
 [5 3 0]
 [1 0 0]
 [0 5 0]
 [5 3 0]
 [5 3 0]]
[[0 3 0]
 [0 5 0]
 [5 3 0]
 [0 3 0]
 [5 3 0]
 [5 3 0]
 [1 0 0]
 [5 3 0]
 [0 3 0]
 [1 0 0]
 [5 3 0]
 [0 3 0]
 [0 5 0]
 [3 6 0]
 [5 3 0]
 [5 3 0]
 [1 0 0]
 [0 5 0]
 [5 3 0]
 [5 3 0]]
[[0. 0. 0. 4. 0. 0. 0.]
 [0. 0. 0. 0. 0. 0. 0.]
 [0. 0. 0. 0. 0. 0. 0.]
 [0. 0. 0. 0. 0. 0. 0.]
 [0. 0. 0. 0. 0. 0. 0.]
 [0. 0. 0. 9. 0. 0. 0.]
 [0. 0. 0. 0. 0. 0. 0.]]
7
[[0. 0. 4. 0. 0. 0. 0.]
 [0. 0. 0. 0. 0. 0. 0.]
 [0. 0. 0. 0. 0. 0. 0.]
 [0. 0. 0. 0. 0. 0. 0.]
 [0. 0. 0. 0. 0. 0. 0.]
 [0. 0. 9. 0. 0. 0. 0.]
 [0. 0. 0. 0. 0. 0. 0.]]
[[0 2 0]
 [0 5 0]
 [5 2 0]
 [0 2 0]
 [5 2 0]
 [5 2 0]
 [1 0 0]
 [5 2 0]
 [0 2 0]
 [1 0 0]
 [5 2 0]
 [0 2 0]
 [0 5 0]
 [3 6 0]
 [5 2 0]
 [5 2 0]
 [1 0 0]
 [0 5 0]
 [5 2 0]
 [5 2 0]]
[[0 2 0]
 [0 5 0]
 [5 2 0]
 [0 2 0]
 [5 2 0]
 [5 2 0]
 [1 0 0]
 [5 2 0]
 [0 2 0]
 [1 0 0]
 [5 2 0]
 [0 2 0]
 [0 5 0]
 [3 6 0]
 [5 2 0]
 [5 2 0]
 [1 0 0]
 [0 5 0]
 [5 2 0]
 [5 2 0]]
[[0. 0. 4. 0. 0. 0. 0.]
 [0. 0. 0. 0. 0. 0. 0.]
 [0. 0. 0. 0. 0. 0. 0.]
 [0. 0. 0. 0. 0. 0. 0.]
 [0. 0. 0. 0. 0. 0. 0.]
 [0. 0. 9. 0. 0. 0. 0.]
 [0. 0. 0. 0. 0. 0. 0.]]
7
[[0. 0. 0. 0. 0. 0. 0.]
 [0. 0. 4. 0. 0. 0. 0.]
 [0. 0. 0. 0. 0. 0. 0.]
 [0. 0. 0. 0. 0. 0. 0.]
 [0. 0. 0. 0. 0. 0. 0.]
 [0. 0. 0. 9. 0. 0. 0.]
 [0. 0. 0. 0. 0. 0. 0.]]
[[1 2 0]
 [0 5 0]
 [5 3 0]
 [1 2 0]
 [5 3 0]
 [5 3 0]
 [1 0 0]
 [5 3 0]
 [1 2 0]
 [1 0 0]
 [5 3 0]
 [1 2 0]
 [0 5 0]
 [3 6 0]
 [5 3 0]
 [5 3 0]
 [1 0 0]
 [0 5 0]
 [5 3 0]
 [5 3 0]]
[[1 2 0]
 [0 5 0]
 [5 3 0]
 [1 2 0]
 [5 3 0]
 [5 3 0]
 [1 0 0]
 [5 3 0]
 [1 2 0]
 [1 0 0]
 [5 3 0]
 [1 2 0]
 [0 5 0]
 [3 6 0]
 [5 3 0]
 [5 3 0]
 [1 0 0]
 [0 5 0]
 [5 3 0]
 [5 3 0]]
[[0. 0. 0. 0. 0. 0. 0.]
 [0. 0. 4. 0. 0. 0. 0.]
 [0. 0. 0. 0. 0. 0. 0.]
 [0. 0. 0. 0. 0. 0. 0.]
 [0. 0. 0. 0. 0. 0. 0.]
 [0. 0. 0. 9. 0. 0. 0.]
 [0. 0. 0. 0. 0. 0. 0.]]
7
[[0. 0. 0. 0. 0. 0. 0.]
 [0. 0. 0. 0. 4. 0. 0.]
 [0. 0. 0. 0. 0. 0. 0.]
 [0. 0. 0. 0. 0. 0. 0.]
 [0. 0. 0. 0. 0. 0. 0.]
 [0. 0. 0. 0. 0. 0. 0.]
 [0. 0. 0. 9. 0. 0. 0.]]
[[1 4 0]
 [0 5 0]
 [6 3 0]
 [1 4 0]
 [6 3 0]
 [6 3 0]
 [1 0 0]
 [6 3 0]
 [1 4 0]
 [1 0 0]
 [6 3 0]
 [1 4 0]
 [0 5 0]
 [3 6 0]
 [6 3 0]
 [6 3 0]
 [1 0 0]
 [0 5 0]
 [6 3 0]
 [6 3 0]]
[[1 4 0]
 [0 5 0]
 [6 3 0]
 [1 4 0]
 [6 3 0]
 [6 3 0]
 [1 0 0]
 [6 3 0]
 [1 4 0]
 [1 0 0]
 [6 3 0]
 [1 4 0]
 [0 5 0]
 [3 6 0]
 [6 3 0]
 [6 3 0]
 [1 0 0]
 [0 5 0]
 [6 3 0]
 [6 3 0]]
[[0. 0. 0. 0. 0. 0. 0.]
 [0. 0. 0. 0. 4. 0. 0.]
 [0. 0. 0. 0. 0. 0. 0.]
 [0. 0. 0. 0. 0. 0. 0.]
 [0. 0. 0. 0. 0. 0. 0.]
 [0. 0. 0. 0. 0. 0. 0.]
 [0. 0. 0. 9. 0. 0. 0.]]
7
[[0. 0. 0. 0. 0. 0. 0.]
 [0. 0. 0. 0. 0. 0. 0.]
 [0. 0. 0. 4. 0. 0. 0.]
 [0. 0. 0. 0. 0. 0. 0.]
 [0. 0. 0. 0. 0. 0. 0.]
 [0. 0. 0. 0. 0. 0. 0.]
 [0. 0. 0. 0. 9. 0. 0.]]
[[2 3 0]
 [0 5 0]
 [6 4 0]
 [2 3 0]
 [6 4 0]
 [6 4 0]
 [1 0 0]
 [6 4 0]
 [2 3 0]
 [1 0 0]
 [6 4 0]
 [2 3 0]
 [0 5 0]
 [3 6 0]
 [6 4 0]
 [6 4 0]
 [1 0 0]
 [0 5 0]
 [6 4 0]
 [6 4 0]]
[[2 3 0]
 [0 5 0]
 [6 4 0]
 [2 3 0]
 [6 4 0]
 [6 4 0]
 [1 0 0]
 [6 4 0]
 [2 3 0]
 [1 0 0]
 [6 4 0]
 [2 3 0]
 [0 5 0]
 [3 6 0]
 [6 4 0]
 [6 4 0]
 [1 0 0]
 [0 5 0]
 [6 4 0]
 [6 4 0]]
[[0. 0. 0. 0. 0. 0. 0.]
 [0. 0. 0. 0. 0. 0. 0.]
 [0. 0. 0. 4. 0. 0. 0.]
 [0. 0. 0. 0. 0. 0. 0.]
 [0. 0. 0. 0. 0. 0. 0.]
 [0. 0. 0. 0. 0. 0. 0.]
 [0. 0. 0. 0. 9. 0. 0.]]
7
[[0. 0. 0. 0. 0. 0. 0.]
 [0. 0. 0. 0. 0. 0. 0.]
 [0. 0. 0. 0. 0. 0. 0.]
 [0. 0. 4. 0. 0. 0. 0.]
 [0. 0. 0. 0. 0. 0. 0.]
 [0. 0. 0. 0. 0. 0. 0.]
 [0. 0. 0. 0. 0. 9. 0.]]
[[3 2 0]
 [0 5 0]
 [6 5 0]
 [3 2 0]
 [6 5 0]
 [6 5 0]
 [1 0 0]
 [6 5 0]
 [3 2 0]
 [1 0 0]
 [6 5 0]
 [3 2 0]
 [0 5 0]
 [3 6 0]
 [6 5 0]
 [6 5 0]
 [1 0 0]
 [0 5 0]
 [6 5 0]
 [6 5 0]]
[[3 2 0]
 [0 5 0]
 [6 5 0]
 [3 2 0]
 [6 5 0]
 [6 5 0]
 [1 0 0]
 [6 5 0]
 [3 2 0]
 [1 0 0]
 [6 5 0]
 [3 2 0]
 [0 5 0]
 [3 6 0]
 [6 5 0]
 [6 5 0]
 [1 0 0]
 [0 5 0]
 [6 5 0]
 [6 5 0]]
[[0. 0. 0. 0. 0. 0. 0.]
 [0. 0. 0. 0. 0. 0. 0.]
 [0. 0. 0. 0. 0. 0. 0.]
 [0. 0. 4. 0. 0. 0. 0.]
 [0. 0. 0. 0. 0. 0. 0.]
 [0. 0. 0. 0. 0. 0. 0.]
 [0. 0. 0. 0. 0. 9. 0.]]
7
[[0. 0. 0. 0. 0. 0. 0.]
 [0. 0. 0. 0. 0. 0. 0.]
 [0. 0. 0. 0. 0. 0. 0.]
 [0. 0. 0. 0. 0. 0. 0.]
 [0. 0. 0. 4. 0. 0. 0.]
 [0. 0. 0. 0. 0. 0. 0.]
 [0. 0. 0. 0. 9. 0. 0.]]
[[4 3 0]
 [0 5 0]
 [6 4 0]
 [4 3 0]
 [6 4 0]
 [6 4 0]
 [1 0 0]
 [6 4 0]
 [4 3 0]
 [1 0 0]
 [6 4 0]
 [4 3 0]
 [0 5 0]
 [3 6 0]
 [6 4 0]
 [6 4 0]
 [1 0 0]
 [0 5 0]
 [6 4 0]
 [6 4 0]]
[[4 3 0]
 [0 5 0]
 [6 4 0]
 [4 3 0]
 [6 4 0]
 [6 4 0]
 [1 0 0]
 [6 4 0]
 [4 3 0]
 [1 0 0]
 [6 4 0]
 [4 3 0]
 [0 5 0]
 [3 6 0]
 [6 4 0]
 [6 4 0]
 [1 0 0]
 [0 5 0]
 [6 4 0]
 [6 4 0]]
[[0. 0. 0. 0. 0. 0. 0.]
 [0. 0. 0. 0. 0. 0. 0.]
 [0. 0. 0. 0. 0. 0. 0.]
 [0. 0. 0. 0. 0. 0. 0.]
 [0. 0. 0. 4. 0. 0. 0.]
 [0. 0. 0. 0. 0. 0. 0.]
 [0. 0. 0. 0. 9. 0. 0.]]
7
[[0. 0. 0. 0. 0. 0. 0.]
 [0. 0. 0. 0. 0. 0. 0.]
 [0. 0. 0. 0. 0. 0. 0.]
 [0. 0. 0. 0. 0. 0. 0.]
 [0. 0. 0. 0. 0. 0. 0.]
 [0. 0. 0. 0. 0. 9. 0.]
 [0. 0. 0. 0. 0. 4. 0.]]
[[6 5 0]
 [0 5 0]
 [5 5 0]
 [6 5 0]
 [5 5 0]
 [5 5 0]
 [1 0 0]
 [5 5 0]
 [6 5 0]
 [1 0 0]
 [5 5 0]
 [6 5 0]
 [0 5 0]
 [3 6 0]
 [5 5 0]
 [5 5 0]
 [1 0 0]
 [0 5 0]
 [5 5 0]
 [5 5 0]]
[[6 5 0]
 [0 5 0]
 [5 5 0]
 [6 5 0]
 [5 5 0]
 [5 5 0]
 [1 0 0]
 [5 5 0]
 [6 5 0]
 [1 0 0]
 [5 5 0]
 [6 5 0]
 [0 5 0]
 [3 6 0]
 [5 5 0]
 [5 5 0]
 [1 0 0]
 [0 5 0]
 [5 5 0]
 [5 5 0]]
[[0. 0. 0. 0. 0. 0. 0.]
 [0. 0. 0. 0. 0. 0. 0.]
 [0. 0. 0. 0. 0. 0. 0.]
 [0. 0. 0. 0. 0. 0. 0.]
 [0. 0. 0. 0. 0. 0. 0.]
 [0. 0. 0. 0. 0. 9. 0.]
 [0. 0. 0. 0. 0. 4. 0.]]
7
[[ 0.  0.  0.  0.  0.  0.  0.]
 [ 0.  0.  0.  0.  0.  0.  0.]
 [ 0.  0.  0.  0.  0.  0.  0.]
 [ 0.  0.  0.  0.  0.  0.  0.]
 [ 0.  0.  0.  0.  0.  0.  0.]
 [ 0.  0.  0.  0.  0.  0.  0.]
 [ 0.  0.  0.  0.  0.  0. 13.]]
[[6 6 0]
 [0 5 0]
 [6 6 0]
 [6 6 0]
 [6 6 0]
 [6 6 0]
 [1 0 0]
 [6 6 0]
 [6 6 0]
 [1 0 0]
 [6 6 0]
 [6 6 0]
 [0 5 0]
 [3 6 0]
 [6 6 0]
 [6 6 0]
 [1 0 0]
 [0 5 0]
 [6 6 0]
 [6 6 0]]
[[6 6 0]
 [0 5 0]
 [6 6 0]
 [6 6 0]
 [6 6 0]
 [6 6 0]
 [1 0 0]
 [6 6 0]
 [6 6 0]
 [1 0 0]
 [6 6 0]
 [6 6 0]
 [0 5 0]
 [3 6 0]
 [6 6 0]
 [6 6 0]
 [1 0 0]
 [0 5 0]
 [6 6 0]
 [6 6 0]]
[[ 0.  0.  0.  0.  0.  0.  0.]
 [ 0.  0.  0.  0.  0.  0.  0.]
 [ 0.  0.  0.  0.  0.  0.  0.]
 [ 0.  0.  0.  0.  0.  0.  0.]
 [ 0.  0.  0.  0.  0.  0.  0.]
 [ 0.  0.  0.  0.  0.  0.  0.]
 [ 0.  0.  0.  0.  0.  0. 13.]]
7
[[ 0.  0.  0.  0.  0.  0.  0.]
 [ 0.  0.  0.  0.  0.  0.  0.]
 [ 0.  0.  0.  0.  0.  0.  0.]
 [ 0.  0.  0.  0.  0.  0.  0.]
 [ 0.  0.  0.  0.  0.  0.  0.]
 [ 0.  0.  0.  0.  0.  0.  0.]
 [ 0.  0.  0.  0.  0.  0. 13.]]
[[6 6 0]
 [0 5 0]
 [6 6 0]
 [6 6 0]
 [6 6 0]
 [6 6 0]
 [1 0 0]
 [6 6 0]
 [6 6 0]
 [1 0 0]
 [6 6 0]
 [6 6 0]
 [0 5 0]
 [3 6 0]
 [6 6 0]
 [6 6 0]
 [1 0 0]
 [0 5 0]
 [6 6 0]
 [6 6 0]]
[[6 6 0]
 [0 5 0]
 [6 6 0]
 [6 6 0]
 [6 6 0]
 [6 6 0]
 [1 0 0]
 [6 6 0]
 [6 6 0]
 [1 0 0]
 [6 6 0]
 [6 6 0]
 [0 5 0]
 [3 6 0]
 [6 6 0]
 [6 6 0]
 [1 0 0]
 [0 5 0]
 [6 6 0]
 [6 6 0]]
[[ 0.  0.  0.  0.  0.  0.  0.]
 [ 0.  0.  0.  0.  0.  0.  0.]
 [ 0.  0.  0.  0.  0.  0.  0.]
 [ 0.  0.  0.  0.  0.  0.  0.]
 [ 0.  0.  0.  0.  0.  0.  0.]
 [ 0.  0.  0.  0.  0.  0.  0.]
 [ 0.  0.  0.  0.  0.  0. 13.]]
7
[[ 0.  0.  0.  0.  0.  0.  0.]
 [ 0.  0.  0.  0.  0.  0.  0.]
 [ 0.  0.  0.  0.  0.  0.  0.]
 [ 0.  0.  0.  0.  0.  0.  0.]
 [ 0.  0.  0.  0.  0.  0.  0.]
 [ 0.  0.  0.  0.  0.  0.  0.]
 [ 0.  0.  0.  0.  0.  0. 13.]]
[[6 6 0]
 [0 5 0]
 [6 6 0]
 [6 6 0]
 [6 6 0]
 [6 6 0]
 [1 0 0]
 [6 6 0]
 [6 6 0]
 [1 0 0]
 [6 6 0]
 [6 6 0]
 [0 5 0]
 [3 6 0]
 [6 6 0]
 [6 6 0]
 [1 0 0]
 [0 5 0]
 [6 6 0]
 [6 6 0]]
[[6 6 0]
 [0 5 0]
 [6 6 0]
 [6 6 0]
 [6 6 0]
 [6 6 0]
 [1 0 0]
 [6 6 0]
 [6 6 0]
 [1 0 0]
 [6 6 0]
 [6 6 0]
 [0 5 0]
 [3 6 0]
 [6 6 0]
 [6 6 0]
 [1 0 0]
 [0 5 0]
 [6 6 0]
 [6 6 0]]
[[ 0.  0.  0.  0.  0.  0.  0.]
 [ 0.  0.  0.  0.  0.  0.  0.]
 [ 0.  0.  0.  0.  0.  0.  0.]
 [ 0.  0.  0.  0.  0.  0.  0.]
 [ 0.  0.  0.  0.  0.  0.  0.]
 [ 0.  0.  0.  0.  0.  0.  0.]
 [ 0.  0.  0.  0.  0.  0. 13.]]
7
[[ 0.  0.  0.  0.  0.  0.  0.]
 [ 0.  0.  0.  0.  0.  0.  0.]
 [ 0.  0.  0.  0.  0.  0.  0.]
 [ 0.  0.  0.  0.  0.  0.  0.]
 [ 0.  0.  0.  0.  0.  0.  0.]
 [ 0.  0.  0.  0.  0.  0.  0.]
 [ 0.  0.  0.  0.  0.  0. 13.]]
[[6 6 0]
 [0 5 0]
 [6 6 0]
 [6 6 0]
 [6 6 0]
 [6 6 0]
 [1 0 0]
 [6 6 0]
 [6 6 0]
 [1 0 0]
 [6 6 0]
 [6 6 0]
 [0 5 0]
 [3 6 0]
 [6 6 0]
 [6 6 0]
 [1 0 0]
 [0 5 0]
 [6 6 0]
 [6 6 0]]
[[6 6 0]
 [0 5 0]
 [6 6 0]
 [6 6 0]
 [6 6 0]
 [6 6 0]
 [1 0 0]
 [6 6 0]
 [6 6 0]
 [1 0 0]
 [6 6 0]
 [6 6 0]
 [0 5 0]
 [3 6 0]
 [6 6 0]
 [6 6 0]
 [1 0 0]
 [0 5 0]
 [6 6 0]
 [6 6 0]]
[[ 0.  0.  0.  0.  0.  0.  0.]
 [ 0.  0.  0.  0.  0.  0.  0.]
 [ 0.  0.  0.  0.  0.  0.  0.]
 [ 0.  0.  0.  0.  0.  0.  0.]
 [ 0.  0.  0.  0.  0.  0.  0.]
 [ 0.  0.  0.  0.  0.  0.  0.]
 [ 0.  0.  0.  0.  0.  0. 13.]]
7
[[ 0.  0.  0.  0.  0.  0.  0.]
 [ 0.  0.  0.  0.  0.  0.  0.]
 [ 0.  0.  0.  0.  0.  0.  0.]
 [ 0.  0.  0.  0.  0.  0.  0.]
 [ 0.  0.  0.  0.  0.  0.  0.]
 [ 0.  0.  0.  0.  0.  0.  0.]
 [ 0.  0.  0.  0.  0.  0. 13.]]
[[6 6 0]
 [0 5 0]
 [6 6 0]
 [6 6 0]
 [6 6 0]
 [6 6 0]
 [1 0 0]
 [6 6 0]
 [6 6 0]
 [1 0 0]
 [6 6 0]
 [6 6 0]
 [0 5 0]
 [3 6 0]
 [6 6 0]
 [6 6 0]
 [1 0 0]
 [0 5 0]
 [6 6 0]
 [6 6 0]]
[[6 6 0]
 [0 5 0]
 [6 6 0]
 [6 6 0]
 [6 6 0]
 [6 6 0]
 [1 0 0]
 [6 6 0]
 [6 6 0]
 [1 0 0]
 [6 6 0]
 [6 6 0]
 [0 5 0]
 [3 6 0]
 [6 6 0]
 [6 6 0]
 [1 0 0]
 [0 5 0]
 [6 6 0]
 [6 6 0]]
[[ 0.  0.  0.  0.  0.  0.  0.]
 [ 0.  0.  0.  0.  0.  0.  0.]
 [ 0.  0.  0.  0.  0.  0.  0.]
 [ 0.  0.  0.  0.  0.  0.  0.]
 [ 0.  0.  0.  0.  0.  0.  0.]
 [ 0.  0.  0.  0.  0.  0.  0.]
 [ 0.  0.  0.  0.  0.  0. 13.]]
7
[[ 0.  0.  0.  0.  0.  0.  0.]
 [ 0.  0.  0.  0.  0.  0.  0.]
 [ 0.  0.  0.  0.  0.  0.  0.]
 [ 0.  0.  0.  0.  0.  0.  0.]
 [ 0.  0.  0.  0.  0.  0.  0.]
 [ 0.  0.  0.  0.  0.  0.  0.]
 [ 0.  0.  0.  0.  0.  0. 13.]]
[[6 6 0]
 [0 5 0]
 [6 6 0]
 [6 6 0]
 [6 6 0]
 [6 6 0]
 [1 0 0]
 [6 6 0]
 [6 6 0]
 [1 0 0]
 [6 6 0]
 [6 6 0]
 [0 5 0]
 [3 6 0]
 [6 6 0]
 [6 6 0]
 [1 0 0]
 [0 5 0]
 [6 6 0]
 [6 6 0]]
[[6 6 0]
 [0 5 0]
 [6 6 0]
 [6 6 0]
 [6 6 0]
 [6 6 0]
 [1 0 0]
 [6 6 0]
 [6 6 0]
 [1 0 0]
 [6 6 0]
 [6 6 0]
 [0 5 0]
 [3 6 0]
 [6 6 0]
 [6 6 0]
 [1 0 0]
 [0 5 0]
 [6 6 0]
 [6 6 0]]
[[ 0.  0.  0.  0.  0.  0.  0.]
 [ 0.  0.  0.  0.  0.  0.  0.]
 [ 0.  0.  0.  0.  0.  0.  0.]
 [ 0.  0.  0.  0.  0.  0.  0.]
 [ 0.  0.  0.  0.  0.  0.  0.]
 [ 0.  0.  0.  0.  0.  0.  0.]
 [ 0.  0.  0.  0.  0.  0. 13.]]
7
[[ 0.  0.  0.  0.  0.  0.  0.]
 [ 0.  0.  0.  0.  0.  0.  0.]
 [ 0.  0.  0.  0.  0.  0.  0.]
 [ 0.  0.  0.  0.  0.  0.  0.]
 [ 0.  0.  0.  0.  0.  0.  0.]
 [ 0.  0.  0.  0.  0.  0. 13.]
 [ 0.  0.  0.  0.  0.  0.  0.]]
[[5 6 0]
 [0 5 0]
 [5 6 0]
 [5 6 0]
 [5 6 0]
 [5 6 0]
 [1 0 0]
 [5 6 0]
 [5 6 0]
 [1 0 0]
 [5 6 0]
 [5 6 0]
 [0 5 0]
 [3 6 0]
 [5 6 0]
 [5 6 0]
 [1 0 0]
 [0 5 0]
 [5 6 0]
 [5 6 0]]
[[5 6 0]
 [0 5 0]
 [5 6 0]
 [5 6 0]
 [5 6 0]
 [5 6 0]
 [1 0 0]
 [5 6 0]
 [5 6 0]
 [1 0 0]
 [5 6 0]
 [5 6 0]
 [0 5 0]
 [3 6 0]
 [5 6 0]
 [5 6 0]
 [1 0 0]
 [0 5 0]
 [5 6 0]
 [5 6 0]]
[[ 0.  0.  0.  0.  0.  0.  0.]
 [ 0.  0.  0.  0.  0.  0.  0.]
 [ 0.  0.  0.  0.  0.  0.  0.]
 [ 0.  0.  0.  0.  0.  0.  0.]
 [ 0.  0.  0.  0.  0.  0.  0.]
 [ 0.  0.  0.  0.  0.  0. 13.]
 [ 0.  0.  0.  0.  0.  0.  0.]]
7
[[ 0.  0.  0.  0.  0.  0.  0.]
 [ 0.  0.  0.  0.  0.  0.  0.]
 [ 0.  0.  0.  0.  0.  0.  0.]
 [ 0.  0.  0.  0.  0.  0.  0.]
 [ 0.  0.  0.  0.  0.  0.  0.]
 [ 0.  0.  0.  0.  0.  0.  0.]
 [ 0.  0.  0.  0.  0. 13.  0.]]
[[6 5 0]
 [0 5 0]
 [6 5 0]
 [6 5 0]
 [6 5 0]
 [6 5 0]
 [1 0 0]
 [6 5 0]
 [6 5 0]
 [1 0 0]
 [6 5 0]
 [6 5 0]
 [0 5 0]
 [3 6 0]
 [6 5 0]
 [6 5 0]
 [1 0 0]
 [0 5 0]
 [6 5 0]
 [6 5 0]]
[[6 5 0]
 [0 5 0]
 [6 5 0]
 [6 5 0]
 [6 5 0]
 [6 5 0]
 [1 0 0]
 [6 5 0]
 [6 5 0]
 [1 0 0]
 [6 5 0]
 [6 5 0]
 [0 5 0]
 [3 6 0]
 [6 5 0]
 [6 5 0]
 [1 0 0]
 [0 5 0]
 [6 5 0]
 [6 5 0]]
[[ 0.  0.  0.  0.  0.  0.  0.]
 [ 0.  0.  0.  0.  0.  0.  0.]
 [ 0.  0.  0.  0.  0.  0.  0.]
 [ 0.  0.  0.  0.  0.  0.  0.]
 [ 0.  0.  0.  0.  0.  0.  0.]
 [ 0.  0.  0.  0.  0.  0.  0.]
 [ 0.  0.  0.  0.  0. 13.  0.]]
7
[[ 0.  0.  0.  0.  0.  0.  0.]
 [ 0.  0.  0.  0.  0.  0.  0.]
 [ 0.  0.  0.  0.  0.  0.  0.]
 [ 0.  0.  0.  0.  0.  0.  0.]
 [ 0.  0.  0.  0.  0.  0.  0.]
 [ 0.  0.  0.  0.  0.  0.  0.]
 [ 0.  0.  0.  0.  0. 13.  0.]]
[[6 5 0]
 [0 5 0]
 [6 5 0]
 [6 5 0]
 [6 5 0]
 [6 5 0]
 [1 0 0]
 [6 5 0]
 [6 5 0]
 [1 0 0]
 [6 5 0]
 [6 5 0]
 [0 5 0]
 [3 6 0]
 [6 5 0]
 [6 5 0]
 [1 0 0]
 [0 5 0]
 [6 5 0]
 [6 5 0]]
[[6 5 0]
 [0 5 0]
 [6 5 0]
 [6 5 0]
 [6 5 0]
 [6 5 0]
 [1 0 0]
 [6 5 0]
 [6 5 0]
 [1 0 0]
 [6 5 0]
 [6 5 0]
 [0 5 0]
 [3 6 0]
 [6 5 0]
 [6 5 0]
 [1 0 0]
 [0 5 0]
 [6 5 0]
 [6 5 0]]
[[ 0.  0.  0.  0.  0.  0.  0.]
 [ 0.  0.  0.  0.  0.  0.  0.]
 [ 0.  0.  0.  0.  0.  0.  0.]
 [ 0.  0.  0.  0.  0.  0.  0.]
 [ 0.  0.  0.  0.  0.  0.  0.]
 [ 0.  0.  0.  0.  0.  0.  0.]
 [ 0.  0.  0.  0.  0. 13.  0.]]
7
[[ 0.  0.  0.  0.  0.  0.  0.]
 [ 0.  0.  0.  0.  0.  0.  0.]
 [ 0.  0.  0.  0.  0.  0.  0.]
 [ 0.  0.  0.  0.  0.  0.  0.]
 [ 0.  0.  0.  0.  0.  0.  0.]
 [ 0.  0.  0.  0.  0. 13.  0.]
 [ 0.  0.  0.  0.  0.  0.  0.]]
[[5 5 0]
 [0 5 0]
 [5 5 0]
 [5 5 0]
 [5 5 0]
 [5 5 0]
 [1 0 0]
 [5 5 0]
 [5 5 0]
 [1 0 0]
 [5 5 0]
 [5 5 0]
 [0 5 0]
 [3 6 0]
 [5 5 0]
 [5 5 0]
 [1 0 0]
 [0 5 0]
 [5 5 0]
 [5 5 0]]
[[5 5 0]
 [0 5 0]
 [5 5 0]
 [5 5 0]
 [5 5 0]
 [5 5 0]
 [1 0 0]
 [5 5 0]
 [5 5 0]
 [1 0 0]
 [5 5 0]
 [5 5 0]
 [0 5 0]
 [3 6 0]
 [5 5 0]
 [5 5 0]
 [1 0 0]
 [0 5 0]
 [5 5 0]
 [5 5 0]]
[[ 0.  0.  0.  0.  0.  0.  0.]
 [ 0.  0.  0.  0.  0.  0.  0.]
 [ 0.  0.  0.  0.  0.  0.  0.]
 [ 0.  0.  0.  0.  0.  0.  0.]
 [ 0.  0.  0.  0.  0.  0.  0.]
 [ 0.  0.  0.  0.  0. 13.  0.]
 [ 0.  0.  0.  0.  0.  0.  0.]]
7
[[ 0.  0.  0.  0.  0.  0.  0.]
 [ 0.  0.  0.  0.  0.  0.  0.]
 [ 0.  0.  0.  0.  0.  0.  0.]
 [ 0.  0.  0.  0.  0.  0.  0.]
 [ 0.  0.  0.  0.  0. 13.  0.]
 [ 0.  0.  0.  0.  0.  0.  0.]
 [ 0.  0.  0.  0.  0.  0.  0.]]
[[4 5 0]
 [0 5 0]
 [4 5 0]
 [4 5 0]
 [4 5 0]
 [4 5 0]
 [1 0 0]
 [4 5 0]
 [4 5 0]
 [1 0 0]
 [4 5 0]
 [4 5 0]
 [0 5 0]
 [3 6 0]
 [4 5 0]
 [4 5 0]
 [1 0 0]
 [0 5 0]
 [4 5 0]
 [4 5 0]]
[[4 5 0]
 [0 5 0]
 [4 5 0]
 [4 5 0]
 [4 5 0]
 [4 5 0]
 [1 0 0]
 [4 5 0]
 [4 5 0]
 [1 0 0]
 [4 5 0]
 [4 5 0]
 [0 5 0]
 [3 6 0]
 [4 5 0]
 [4 5 0]
 [1 0 0]
 [0 5 0]
 [4 5 0]
 [4 5 0]]
[[ 0.  0.  0.  0.  0.  0.  0.]
 [ 0.  0.  0.  0.  0.  0.  0.]
 [ 0.  0.  0.  0.  0.  0.  0.]
 [ 0.  0.  0.  0.  0.  0.  0.]
 [ 0.  0.  0.  0.  0. 13.  0.]
 [ 0.  0.  0.  0.  0.  0.  0.]
 [ 0.  0.  0.  0.  0.  0.  0.]]
7
[[ 0.  0.  0.  0.  0.  0.  0.]
 [ 0.  0.  0.  0.  0.  0.  0.]
 [ 0.  0.  0.  0.  0.  0.  0.]
 [ 0.  0.  0.  0.  0.  0.  0.]
 [ 0.  0.  0.  0. 13.  0.  0.]
 [ 0.  0.  0.  0.  0.  0.  0.]
 [ 0.  0.  0.  0.  0.  0.  0.]]
[[4 4 0]
 [0 5 0]
 [4 4 0]
 [4 4 0]
 [4 4 0]
 [4 4 0]
 [1 0 0]
 [4 4 0]
 [4 4 0]
 [1 0 0]
 [4 4 0]
 [4 4 0]
 [0 5 0]
 [3 6 0]
 [4 4 0]
 [4 4 0]
 [1 0 0]
 [0 5 0]
 [4 4 0]
 [4 4 0]]
[[4 4 0]
 [0 5 0]
 [4 4 0]
 [4 4 0]
 [4 4 0]
 [4 4 0]
 [1 0 0]
 [4 4 0]
 [4 4 0]
 [1 0 0]
 [4 4 0]
 [4 4 0]
 [0 5 0]
 [3 6 0]
 [4 4 0]
 [4 4 0]
 [1 0 0]
 [0 5 0]
 [4 4 0]
 [4 4 0]]
[[ 0.  0.  0.  0.  0.  0.  0.]
 [ 0.  0.  0.  0.  0.  0.  0.]
 [ 0.  0.  0.  0.  0.  0.  0.]
 [ 0.  0.  0.  0.  0.  0.  0.]
 [ 0.  0.  0.  0. 13.  0.  0.]
 [ 0.  0.  0.  0.  0.  0.  0.]
 [ 0.  0.  0.  0.  0.  0.  0.]]
7
[[ 0.  0.  0.  0.  0.  0.  0.]
 [ 0.  0.  0.  0.  0.  0.  0.]
 [ 0.  0.  0.  0.  0.  0.  0.]
 [ 0.  0.  0. 13.  0.  0.  0.]
 [ 0.  0.  0.  0.  0.  0.  0.]
 [ 0.  0.  0.  0.  0.  0.  0.]
 [ 0.  0.  0.  0.  0.  0.  0.]]
[[3 3 0]
 [0 5 0]
 [3 3 0]
 [3 3 0]
 [3 3 0]
 [3 3 0]
 [1 0 0]
 [3 3 0]
 [3 3 0]
 [1 0 0]
 [3 3 0]
 [3 3 0]
 [0 5 0]
 [3 6 0]
 [3 3 0]
 [3 3 0]
 [1 0 0]
 [0 5 0]
 [3 3 0]
 [3 3 0]]
[[3 3 0]
 [0 5 0]
 [3 3 0]
 [3 3 0]
 [3 3 0]
 [3 3 0]
 [1 0 0]
 [3 3 0]
 [3 3 0]
 [1 0 0]
 [3 3 0]
 [3 3 0]
 [0 5 0]
 [3 6 0]
 [3 3 0]
 [3 3 0]
 [1 0 0]
 [0 5 0]
 [3 3 0]
 [3 3 0]]
[[ 0.  0.  0.  0.  0.  0.  0.]
 [ 0.  0.  0.  0.  0.  0.  0.]
 [ 0.  0.  0.  0.  0.  0.  0.]
 [ 0.  0.  0. 13.  0.  0.  0.]
 [ 0.  0.  0.  0.  0.  0.  0.]
 [ 0.  0.  0.  0.  0.  0.  0.]
 [ 0.  0.  0.  0.  0.  0.  0.]]
7
[[ 0.  0.  0.  0.  0.  0.  0.]
 [ 0.  0.  0.  0.  0.  0.  0.]
 [ 0.  0.  0.  0.  0.  0.  0.]
 [ 0.  0.  0.  0.  0.  0.  0.]
 [ 0.  0.  0.  0. 13.  0.  0.]
 [ 0.  0.  0.  0.  0.  0.  0.]
 [ 0.  0.  0.  0.  0.  0.  0.]]
[[4 4 0]
 [0 5 0]
 [4 4 0]
 [4 4 0]
 [4 4 0]
 [4 4 0]
 [1 0 0]
 [4 4 0]
 [4 4 0]
 [1 0 0]
 [4 4 0]
 [4 4 0]
 [0 5 0]
 [3 6 0]
 [4 4 0]
 [4 4 0]
 [1 0 0]
 [0 5 0]
 [4 4 0]
 [4 4 0]]
[[4 4 0]
 [0 5 0]
 [4 4 0]
 [4 4 0]
 [4 4 0]
 [4 4 0]
 [1 0 0]
 [4 4 0]
 [4 4 0]
 [1 0 0]
 [4 4 0]
 [4 4 0]
 [0 5 0]
 [3 6 0]
 [4 4 0]
 [4 4 0]
 [1 0 0]
 [0 5 0]
 [4 4 0]
 [4 4 0]]
[[ 0.  0.  0.  0.  0.  0.  0.]
 [ 0.  0.  0.  0.  0.  0.  0.]
 [ 0.  0.  0.  0.  0.  0.  0.]
 [ 0.  0.  0.  0.  0.  0.  0.]
 [ 0.  0.  0.  0. 13.  0.  0.]
 [ 0.  0.  0.  0.  0.  0.  0.]
 [ 0.  0.  0.  0.  0.  0.  0.]]
7
[[ 0.  0.  0.  0.  0.  0.  0.]
 [ 0.  0.  0.  0.  0.  0.  0.]
 [ 0.  0.  0.  0.  0.  0.  0.]
 [ 0.  0.  0.  0.  0.  0.  0.]
 [ 0.  0.  0. 13.  0.  0.  0.]
 [ 0.  0.  0.  0.  0.  0.  0.]
 [ 0.  0.  0.  0.  0.  0.  0.]]
[[4 3 0]
 [0 5 0]
 [4 3 0]
 [4 3 0]
 [4 3 0]
 [4 3 0]
 [1 0 0]
 [4 3 0]
 [4 3 0]
 [1 0 0]
 [4 3 0]
 [4 3 0]
 [0 5 0]
 [3 6 0]
 [4 3 0]
 [4 3 0]
 [1 0 0]
 [0 5 0]
 [4 3 0]
 [4 3 0]]
[[4 3 0]
 [0 5 0]
 [4 3 0]
 [4 3 0]
 [4 3 0]
 [4 3 0]
 [1 0 0]
 [4 3 0]
 [4 3 0]
 [1 0 0]
 [4 3 0]
 [4 3 0]
 [0 5 0]
 [3 6 0]
 [4 3 0]
 [4 3 0]
 [1 0 0]
 [0 5 0]
 [4 3 0]
 [4 3 0]]
[[ 0.  0.  0.  0.  0.  0.  0.]
 [ 0.  0.  0.  0.  0.  0.  0.]
 [ 0.  0.  0.  0.  0.  0.  0.]
 [ 0.  0.  0.  0.  0.  0.  0.]
 [ 0.  0.  0. 13.  0.  0.  0.]
 [ 0.  0.  0.  0.  0.  0.  0.]
 [ 0.  0.  0.  0.  0.  0.  0.]]
7
[[ 0.  0.  0.  0.  0.  0.  0.]
 [ 0.  0.  0.  0.  0.  0.  0.]
 [ 0.  0.  0.  0.  0.  0.  0.]
 [ 0.  0.  0.  0.  0.  0.  0.]
 [ 0.  0.  0.  0.  0.  0.  0.]
 [ 0.  0.  0.  0. 13.  0.  0.]
 [ 0.  0.  0.  0.  0.  0.  0.]]
[[5 4 0]
 [0 5 0]
 [5 4 0]
 [5 4 0]
 [5 4 0]
 [5 4 0]
 [1 0 0]
 [5 4 0]
 [5 4 0]
 [1 0 0]
 [5 4 0]
 [5 4 0]
 [0 5 0]
 [3 6 0]
 [5 4 0]
 [5 4 0]
 [1 0 0]
 [0 5 0]
 [5 4 0]
 [5 4 0]]
[[5 4 0]
 [0 5 0]
 [5 4 0]
 [5 4 0]
 [5 4 0]
 [5 4 0]
 [1 0 0]
 [5 4 0]
 [5 4 0]
 [1 0 0]
 [5 4 0]
 [5 4 0]
 [0 5 0]
 [3 6 0]
 [5 4 0]
 [5 4 0]
 [1 0 0]
 [0 5 0]
 [5 4 0]
 [5 4 0]]
[[ 0.  0.  0.  0.  0.  0.  0.]
 [ 0.  0.  0.  0.  0.  0.  0.]
 [ 0.  0.  0.  0.  0.  0.  0.]
 [ 0.  0.  0.  0.  0.  0.  0.]
 [ 0.  0.  0.  0.  0.  0.  0.]
 [ 0.  0.  0.  0. 13.  0.  0.]
 [ 0.  0.  0.  0.  0.  0.  0.]]
7
[[ 0.  0.  0.  0.  0.  0.  0.]
 [ 0.  0.  0.  0.  0.  0.  0.]
 [ 0.  0.  0.  0.  0.  0.  0.]
 [ 0.  0.  0.  0.  0.  0.  0.]
 [ 0.  0.  0.  0.  0.  0.  0.]
 [ 0.  0.  0.  0.  0. 13.  0.]
 [ 0.  0.  0.  0.  0.  0.  0.]]
[[5 5 0]
 [0 5 0]
 [5 5 0]
 [5 5 0]
 [5 5 0]
 [5 5 0]
 [1 0 0]
 [5 5 0]
 [5 5 0]
 [1 0 0]
 [5 5 0]
 [5 5 0]
 [0 5 0]
 [3 6 0]
 [5 5 0]
 [5 5 0]
 [1 0 0]
 [0 5 0]
 [5 5 0]
 [5 5 0]]
[[5 5 0]
 [0 5 0]
 [5 5 0]
 [5 5 0]
 [5 5 0]
 [5 5 0]
 [1 0 0]
 [5 5 0]
 [5 5 0]
 [1 0 0]
 [5 5 0]
 [5 5 0]
 [0 5 0]
 [3 6 0]
 [5 5 0]
 [5 5 0]
 [1 0 0]
 [0 5 0]
 [5 5 0]
 [5 5 0]]
[[ 0.  0.  0.  0.  0.  0.  0.]
 [ 0.  0.  0.  0.  0.  0.  0.]
 [ 0.  0.  0.  0.  0.  0.  0.]
 [ 0.  0.  0.  0.  0.  0.  0.]
 [ 0.  0.  0.  0.  0.  0.  0.]
 [ 0.  0.  0.  0.  0. 13.  0.]
 [ 0.  0.  0.  0.  0.  0.  0.]]
7
[[ 0.  0.  0.  0.  0.  0.  0.]
 [ 0.  0.  0.  0.  0.  0.  0.]
 [ 0.  0.  0.  0.  0.  0.  0.]
 [ 0.  0.  0.  0.  0.  0.  0.]
 [ 0.  0.  0.  0.  0.  0.  0.]
 [ 0.  0.  0.  0.  0.  0.  0.]
 [ 0.  0.  0.  0. 13.  0.  0.]]
[[6 4 0]
 [0 5 0]
 [6 4 0]
 [6 4 0]
 [6 4 0]
 [6 4 0]
 [1 0 0]
 [6 4 0]
 [6 4 0]
 [1 0 0]
 [6 4 0]
 [6 4 0]
 [0 5 0]
 [3 6 0]
 [6 4 0]
 [6 4 0]
 [1 0 0]
 [0 5 0]
 [6 4 0]
 [6 4 0]]
[[6 4 0]
 [0 5 0]
 [6 4 0]
 [6 4 0]
 [6 4 0]
 [6 4 0]
 [1 0 0]
 [6 4 0]
 [6 4 0]
slurmstepd: error: *** JOB 23169 ON studgpu-node01 CANCELLED AT 2024-06-27T13:39:24 ***
