Running on host: studgpu-node01.inf.ethz.ch
In directory: /cluster/courses/3dv/data/team-25/decentralized_marl/catmouse_experiments
Starting on: Thu Jun 27 16:14:28 CEST 2024
SLURM_JOB_ID: 23191
using cuda
episode: 0 | avg score: 0.0 | learning_steps: 0
episode: 100 | avg score: -47.9 | learning_steps: 38
episode: 200 | avg score: -45.7 | learning_steps: 77
episode: 300 | avg score: -44.2 | learning_steps: 116
episode: 400 | avg score: -46.2 | learning_steps: 155
episode: 500 | avg score: -47.2 | learning_steps: 194
episode: 600 | avg score: -44.4 | learning_steps: 232
episode: 700 | avg score: -47.6 | learning_steps: 271
episode: 800 | avg score: -43.6 | learning_steps: 310
episode: 900 | avg score: -47.6 | learning_steps: 349
episode: 1000 | avg score: -41.8 | learning_steps: 388
episode: 1100 | avg score: -44.8 | learning_steps: 427
episode: 1200 | avg score: -48.4 | learning_steps: 466
episode: 1300 | avg score: -45.9 | learning_steps: 504
episode: 1400 | avg score: -47.2 | learning_steps: 543
episode: 1500 | avg score: -44.8 | learning_steps: 582
episode: 1600 | avg score: -45.7 | learning_steps: 621
episode: 1700 | avg score: -43.7 | learning_steps: 659
episode: 1800 | avg score: -48.8 | learning_steps: 698
episode: 1900 | avg score: -46.6 | learning_steps: 737
episode: 2000 | avg score: -46.7 | learning_steps: 776
episode: 2100 | avg score: -44.4 | learning_steps: 814
episode: 2200 | avg score: -42.1 | learning_steps: 853
episode: 2300 | avg score: -45.1 | learning_steps: 892
episode: 2400 | avg score: -44.2 | learning_steps: 931
episode: 2500 | avg score: -47.3 | learning_steps: 970
episode: 2600 | avg score: -47.1 | learning_steps: 1009
episode: 2700 | avg score: -45.1 | learning_steps: 1047
episode: 2800 | avg score: -44.7 | learning_steps: 1086
episode: 2900 | avg score: -44.0 | learning_steps: 1125
episode: 3000 | avg score: -46.8 | learning_steps: 1163
episode: 3100 | avg score: -43.7 | learning_steps: 1202
episode: 3200 | avg score: -45.4 | learning_steps: 1241
episode: 3300 | avg score: -46.0 | learning_steps: 1280
episode: 3400 | avg score: -47.1 | learning_steps: 1319
episode: 3500 | avg score: -46.1 | learning_steps: 1358
episode: 3600 | avg score: -41.5 | learning_steps: 1397
episode: 3700 | avg score: -44.0 | learning_steps: 1435
episode: 3800 | avg score: -44.7 | learning_steps: 1474
episode: 3900 | avg score: -40.4 | learning_steps: 1513
episode: 4000 | avg score: -45.8 | learning_steps: 1552
episode: 4100 | avg score: -47.0 | learning_steps: 1591
episode: 4200 | avg score: -44.7 | learning_steps: 1630
episode: 4300 | avg score: -46.4 | learning_steps: 1669
episode: 4400 | avg score: -46.9 | learning_steps: 1708
episode: 4500 | avg score: -45.7 | learning_steps: 1746
episode: 4600 | avg score: -43.3 | learning_steps: 1785
episode: 4700 | avg score: -44.4 | learning_steps: 1824
episode: 4800 | avg score: -46.7 | learning_steps: 1863
episode: 4900 | avg score: -44.8 | learning_steps: 1902
episode: 5000 | avg score: -44.9 | learning_steps: 1940
episode: 5100 | avg score: -45.6 | learning_steps: 1979
episode: 5200 | avg score: -43.2 | learning_steps: 2018
episode: 5300 | avg score: -41.6 | learning_steps: 2057
episode: 5400 | avg score: -45.8 | learning_steps: 2095
episode: 5500 | avg score: -44.1 | learning_steps: 2134
episode: 5600 | avg score: -46.8 | learning_steps: 2173
episode: 5700 | avg score: -44.9 | learning_steps: 2212
episode: 5800 | avg score: -45.9 | learning_steps: 2250
episode: 5900 | avg score: -48.0 | learning_steps: 2289
episode: 6000 | avg score: -46.0 | learning_steps: 2327
episode: 6100 | avg score: -46.7 | learning_steps: 2366
episode: 6200 | avg score: -45.1 | learning_steps: 2405
episode: 6300 | avg score: -47.3 | learning_steps: 2444
episode: 6400 | avg score: -44.9 | learning_steps: 2483
episode: 6500 | avg score: -42.6 | learning_steps: 2521
episode: 6600 | avg score: -47.8 | learning_steps: 2560
episode: 6700 | avg score: -44.1 | learning_steps: 2599
episode: 6800 | avg score: -47.3 | learning_steps: 2638
episode: 6900 | avg score: -44.2 | learning_steps: 2677
episode: 7000 | avg score: -45.3 | learning_steps: 2715
episode: 7100 | avg score: -41.1 | learning_steps: 2754
episode: 7200 | avg score: -44.4 | learning_steps: 2793
episode: 7300 | avg score: -46.4 | learning_steps: 2832
episode: 7400 | avg score: -46.9 | learning_steps: 2871
episode: 7500 | avg score: -43.5 | learning_steps: 2910
episode: 7600 | avg score: -44.9 | learning_steps: 2948
episode: 7700 | avg score: -44.8 | learning_steps: 2987
episode: 7800 | avg score: -43.9 | learning_steps: 3026
episode: 7900 | avg score: -44.7 | learning_steps: 3064
episode: 8000 | avg score: -45.9 | learning_steps: 3103
episode: 8100 | avg score: -44.5 | learning_steps: 3142
episode: 8200 | avg score: -44.8 | learning_steps: 3181
episode: 8300 | avg score: -48.2 | learning_steps: 3220
episode: 8400 | avg score: -41.2 | learning_steps: 3259
episode: 8500 | avg score: -48.7 | learning_steps: 3298
episode: 8600 | avg score: -48.2 | learning_steps: 3337
episode: 8700 | avg score: -44.4 | learning_steps: 3376
episode: 8800 | avg score: -46.4 | learning_steps: 3414
episode: 8900 | avg score: -45.4 | learning_steps: 3453
episode: 9000 | avg score: -46.0 | learning_steps: 3492
episode: 9100 | avg score: -45.0 | learning_steps: 3531
episode: 9200 | avg score: -46.2 | learning_steps: 3570
episode: 9300 | avg score: -47.5 | learning_steps: 3609
episode: 9400 | avg score: -45.7 | learning_steps: 3647
episode: 9500 | avg score: -46.3 | learning_steps: 3686
episode: 9600 | avg score: -46.6 | learning_steps: 3725
episode: 9700 | avg score: -45.9 | learning_steps: 3763
episode: 9800 | avg score: -47.9 | learning_steps: 3802
episode: 9900 | avg score: -46.8 | learning_steps: 3841
episode: 10000 | avg score: -44.9 | learning_steps: 3879
episode: 10100 | avg score: -48.5 | learning_steps: 3918
episode: 10200 | avg score: -47.9 | learning_steps: 3957
episode: 10300 | avg score: -46.2 | learning_steps: 3996
episode: 10400 | avg score: -46.4 | learning_steps: 4035
episode: 10500 | avg score: -46.8 | learning_steps: 4073
episode: 10600 | avg score: -43.6 | learning_steps: 4112
episode: 10700 | avg score: -44.9 | learning_steps: 4151
episode: 10800 | avg score: -45.4 | learning_steps: 4190
episode: 10900 | avg score: -47.2 | learning_steps: 4228
episode: 11000 | avg score: -45.2 | learning_steps: 4267
episode: 11100 | avg score: -46.4 | learning_steps: 4306
episode: 11200 | avg score: -43.5 | learning_steps: 4345
episode: 11300 | avg score: -43.4 | learning_steps: 4383
episode: 11400 | avg score: -47.4 | learning_steps: 4422
episode: 11500 | avg score: -44.2 | learning_steps: 4461
episode: 11600 | avg score: -42.8 | learning_steps: 4500
episode: 11700 | avg score: -49.1 | learning_steps: 4539
episode: 11800 | avg score: -44.3 | learning_steps: 4577
episode: 11900 | avg score: -44.2 | learning_steps: 4616
episode: 12000 | avg score: -45.6 | learning_steps: 4655
episode: 12100 | avg score: -42.6 | learning_steps: 4694
episode: 12200 | avg score: -45.8 | learning_steps: 4733
episode: 12300 | avg score: -46.6 | learning_steps: 4772
episode: 12400 | avg score: -43.6 | learning_steps: 4810
episode: 12500 | avg score: -43.1 | learning_steps: 4849
episode: 12600 | avg score: -45.5 | learning_steps: 4888
episode: 12700 | avg score: -44.2 | learning_steps: 4927
episode: 12800 | avg score: -43.3 | learning_steps: 4966
episode: 12900 | avg score: -47.6 | learning_steps: 5004
episode: 13000 | avg score: -46.9 | learning_steps: 5043
episode: 13100 | avg score: -45.5 | learning_steps: 5082
episode: 13200 | avg score: -45.8 | learning_steps: 5121
episode: 13300 | avg score: -46.0 | learning_steps: 5159
episode: 13400 | avg score: -47.0 | learning_steps: 5198
episode: 13500 | avg score: -47.2 | learning_steps: 5237
episode: 13600 | avg score: -41.2 | learning_steps: 5276
episode: 13700 | avg score: -46.8 | learning_steps: 5315
episode: 13800 | avg score: -48.1 | learning_steps: 5354
episode: 13900 | avg score: -45.6 | learning_steps: 5393
episode: 14000 | avg score: -43.1 | learning_steps: 5432
episode: 14100 | avg score: -44.1 | learning_steps: 5470
episode: 14200 | avg score: -47.6 | learning_steps: 5509
episode: 14300 | avg score: -44.0 | learning_steps: 5548
episode: 14400 | avg score: -43.5 | learning_steps: 5587
episode: 14500 | avg score: -42.4 | learning_steps: 5626
episode: 14600 | avg score: -44.0 | learning_steps: 5664
episode: 14700 | avg score: -45.1 | learning_steps: 5703
episode: 14800 | avg score: -43.9 | learning_steps: 5742
episode: 14900 | avg score: -46.8 | learning_steps: 5781
episode: 15000 | avg score: -46.5 | learning_steps: 5819
episode: 15100 | avg score: -43.6 | learning_steps: 5858
episode: 15200 | avg score: -46.0 | learning_steps: 5897
episode: 15300 | avg score: -44.0 | learning_steps: 5935
episode: 15400 | avg score: -44.7 | learning_steps: 5974
episode: 15500 | avg score: -45.3 | learning_steps: 6013
episode: 15600 | avg score: -43.9 | learning_steps: 6052
episode: 15700 | avg score: -48.2 | learning_steps: 6091
episode: 15800 | avg score: -43.9 | learning_steps: 6130
episode: 15900 | avg score: -44.2 | learning_steps: 6169
episode: 16000 | avg score: -48.6 | learning_steps: 6208
episode: 16100 | avg score: -45.5 | learning_steps: 6246
episode: 16200 | avg score: -47.4 | learning_steps: 6285
episode: 16300 | avg score: -42.5 | learning_steps: 6323
episode: 16400 | avg score: -45.1 | learning_steps: 6362
episode: 16500 | avg score: -45.0 | learning_steps: 6401
episode: 16600 | avg score: -45.9 | learning_steps: 6440
episode: 16700 | avg score: -42.8 | learning_steps: 6479
episode: 16800 | avg score: -47.3 | learning_steps: 6518
episode: 16900 | avg score: -45.1 | learning_steps: 6557
episode: 17000 | avg score: -44.0 | learning_steps: 6596
episode: 17100 | avg score: -46.1 | learning_steps: 6635
episode: 17200 | avg score: -44.4 | learning_steps: 6673
episode: 17300 | avg score: -45.4 | learning_steps: 6712
episode: 17400 | avg score: -47.0 | learning_steps: 6751
episode: 17500 | avg score: -45.2 | learning_steps: 6790
episode: 17600 | avg score: -47.2 | learning_steps: 6829
episode: 17700 | avg score: -46.3 | learning_steps: 6867
episode: 17800 | avg score: -44.4 | learning_steps: 6906
episode: 17900 | avg score: -46.9 | learning_steps: 6945
episode: 18000 | avg score: -41.9 | learning_steps: 6983
episode: 18100 | avg score: -44.6 | learning_steps: 7022
episode: 18200 | avg score: -43.9 | learning_steps: 7060
episode: 18300 | avg score: -46.5 | learning_steps: 7099
episode: 18400 | avg score: -46.2 | learning_steps: 7138
episode: 18500 | avg score: -45.7 | learning_steps: 7177
episode: 18600 | avg score: -44.9 | learning_steps: 7216
episode: 18700 | avg score: -47.0 | learning_steps: 7254
episode: 18800 | avg score: -46.4 | learning_steps: 7293
episode: 18900 | avg score: -39.7 | learning_steps: 7332
episode: 19000 | avg score: -43.2 | learning_steps: 7371
episode: 19100 | avg score: -47.2 | learning_steps: 7409
episode: 19200 | avg score: -46.2 | learning_steps: 7448
episode: 19300 | avg score: -42.0 | learning_steps: 7487
episode: 19400 | avg score: -44.7 | learning_steps: 7526
episode: 19500 | avg score: -45.2 | learning_steps: 7564
episode: 19600 | avg score: -42.2 | learning_steps: 7603
episode: 19700 | avg score: -44.7 | learning_steps: 7642
episode: 19800 | avg score: -43.6 | learning_steps: 7681
episode: 19900 | avg score: -43.7 | learning_steps: 7720
episode: 20000 | avg score: -46.7 | learning_steps: 7759
episode: 20100 | avg score: -44.4 | learning_steps: 7798
episode: 20200 | avg score: -45.7 | learning_steps: 7836
episode: 20300 | avg score: -45.0 | learning_steps: 7875
episode: 20400 | avg score: -45.3 | learning_steps: 7914
episode: 20500 | avg score: -45.6 | learning_steps: 7953
episode: 20600 | avg score: -46.8 | learning_steps: 7992
episode: 20700 | avg score: -45.4 | learning_steps: 8031
episode: 20800 | avg score: -44.5 | learning_steps: 8070
episode: 20900 | avg score: -46.2 | learning_steps: 8108
episode: 21000 | avg score: -45.6 | learning_steps: 8147
episode: 21100 | avg score: -44.5 | learning_steps: 8186
episode: 21200 | avg score: -45.1 | learning_steps: 8225
episode: 21300 | avg score: -45.3 | learning_steps: 8264
episode: 21400 | avg score: -47.9 | learning_steps: 8302
episode: 21500 | avg score: -44.5 | learning_steps: 8341
episode: 21600 | avg score: -48.2 | learning_steps: 8380
episode: 21700 | avg score: -45.8 | learning_steps: 8419
episode: 21800 | avg score: -46.4 | learning_steps: 8458
episode: 21900 | avg score: -46.0 | learning_steps: 8496
episode: 22000 | avg score: -45.9 | learning_steps: 8535
episode: 22100 | avg score: -43.8 | learning_steps: 8574
episode: 22200 | avg score: -44.7 | learning_steps: 8613
episode: 22300 | avg score: -47.7 | learning_steps: 8652
episode: 22400 | avg score: -44.9 | learning_steps: 8691
episode: 22500 | avg score: -45.2 | learning_steps: 8729
episode: 22600 | avg score: -47.4 | learning_steps: 8768
episode: 22700 | avg score: -47.0 | learning_steps: 8807
episode: 22800 | avg score: -45.1 | learning_steps: 8846
slurmstepd: error: *** JOB 23191 ON studgpu-node01 CANCELLED AT 2024-06-27T17:22:56 ***
slurmstepd: error: *** STEP 23191.0 ON studgpu-node01 CANCELLED AT 2024-06-27T17:22:56 ***
