Running on host: studgpu-node01.inf.ethz.ch
In directory: /cluster/courses/3dv/data/team-25/decentralized_marl/catmouse_experiments
Starting on: Fri Jun 28 19:31:52 CEST 2024
SLURM_JOB_ID: 23378
using cuda
[[1 2 2 3 0]
 [2 0 1 1 1]
 [1 1 0 1 0]
 [0 0 0 0 0]
 [0 0 0 2 2]]
[[4 3 0]
 [1 4 0]
 [0 1 0]
 [4 4 0]
 [2 3 0]
 [2 1 0]
 [0 2 0]
 [4 4 0]
 [4 3 0]
 [1 2 0]
 [0 0 0]
 [0 1 0]
 [2 0 0]
 [0 2 0]
 [0 3 0]
 [1 0 0]
 [1 0 0]
 [0 3 0]
 [1 3 0]
 [0 3 0]]
[[3. 0. 2. 5. 1.]
 [1. 0. 2. 0. 0.]
 [0. 0. 0. 0. 0.]
 [0. 1. 2. 0. 1.]
 [0. 0. 0. 0. 2.]]
[[3 2 0]
 [0 4 0]
 [0 3 0]
 [4 4 0]
 [3 4 0]
 [3 1 0]
 [0 2 0]
 [4 4 0]
 [3 2 0]
 [0 3 0]
 [0 0 0]
 [0 3 0]
 [1 0 0]
 [0 2 0]
 [0 3 0]
 [0 0 0]
 [0 0 0]
 [0 3 0]
 [0 3 0]
 [0 3 0]]
Traceback (most recent call last):
  File "/cluster/courses/3dv/data/team-25/decentralized_marl/catmouse_experiments/main.py", line 401, in <module>
    train(agent, env, n_games=n_games)
  File "/cluster/courses/3dv/data/team-25/decentralized_marl/catmouse_experiments/main.py", line 344, in train
    temp, reward, done, _, _, state_ = env.step(action)
  File "/cluster/courses/3dv/data/team-25/decentralized_marl/catmouse_experiments/main.py", line 168, in step
    obs_next_n, r_n, done_n, trunc, info = self.env.step(self.get_action_discrete(a_n))
  File "/cluster/courses/3dv/data/team-25/decentralized_marl/catmouse_experiments/marl_gym/marl_gym/envs/cat_mouse/cat_mouse_discrete.py", line 214, in step
    assert np.array_equal(prey_map, self.prey)
AssertionError
srun: error: studgpu-node01: task 0: Exited with exit code 1
