Running on host: studgpu-node01.inf.ethz.ch
In directory: /cluster/courses/3dv/data/team-25/decentralized_marl/catmouse_experiments
Starting on: Fri Jun 28 23:17:38 CEST 2024
SLURM_JOB_ID: 23406
using cuda
[[2 0 0 1 1]
 [2 1 0 1 0]
 [1 1 0 0 0]
 [0 1 1 0 2]
 [2 2 1 0 1]]
[[0 0 0]
 [3 4 0]
 [3 1 0]
 [1 1 0]
 [0 0 0]
 [4 0 0]
 [1 3 0]
 [3 4 0]
 [2 1 0]
 [0 3 0]
 [4 0 0]
 [4 1 0]
 [1 0 0]
 [3 2 0]
 [1 0 0]
 [4 4 0]
 [4 2 0]
 [2 0 0]
 [4 1 0]
 [0 4 0]]
5
5
Traceback (most recent call last):
  File "/cluster/courses/3dv/data/team-25/decentralized_marl/catmouse_experiments/main.py", line 401, in <module>
    train(agent, env, n_games=n_games)
  File "/cluster/courses/3dv/data/team-25/decentralized_marl/catmouse_experiments/main.py", line 344, in train
    temp, reward, done, _, _, state_ = env.step(action)
  File "/cluster/courses/3dv/data/team-25/decentralized_marl/catmouse_experiments/main.py", line 168, in step
    obs_next_n, r_n, done_n, trunc, info = self.env.step(self.get_action_discrete(a_n))
  File "/cluster/courses/3dv/data/team-25/decentralized_marl/catmouse_experiments/marl_gym/marl_gym/envs/cat_mouse/cat_mouse_discrete.py", line 218, in step
    self._move_prey()
  File "/cluster/courses/3dv/data/team-25/decentralized_marl/catmouse_experiments/marl_gym/marl_gym/envs/cat_mouse/cat_mouse_discrete.py", line 305, in _move_prey
    cur_options = self._get_options(x,y)
  File "/cluster/courses/3dv/data/team-25/decentralized_marl/catmouse_experiments/marl_gym/marl_gym/envs/cat_mouse/cat_mouse_discrete.py", line 265, in _get_options
    sample = random.randint(0, len(cur_agents)-1)
  File "/usr/lib/python3.10/random.py", line 370, in randint
    return self.randrange(a, b+1)
  File "/usr/lib/python3.10/random.py", line 353, in randrange
    raise ValueError("empty range for randrange() (%d, %d, %d)" % (istart, istop, width))
ValueError: empty range for randrange() (0, 0, 0)
srun: error: studgpu-node01: task 0: Exited with exit code 1
