Running on host: studgpu-node01.inf.ethz.ch
In directory: /cluster/courses/3dv/data/team-25/decentralized_marl/catmouse_experiments
Starting on: Sat Jun 29 00:19:22 CEST 2024
SLURM_JOB_ID: 23426
using cuda
[[3 1 0 2 1]
 [1 1 1 0 0]
 [1 2 0 2 2]
 [0 0 0 1 1]
 [0 0 0 1 0]]
[[3 1 0 2 1]
 [1 1 1 0 0]
 [1 2 0 2 2]
 [0 0 0 1 1]
 [0 0 0 1 0]]
[[-1.0, -1.0]]
[2 3 0]
[-1.0, -1.0]
[[-1.0, -1.0]]
2 3
[[0, 0]]
[0 4 0]
[0, 0]
[[0, 0]]
0 4
[array([0, 1])]
[2 0 0]
[0 1]
[array([0, 1])]
2 0
[[-1.0, -1.0]]
[2 1 0]
[-1.0, -1.0]
[[-1.0, -1.0]]
2 1
[[-1.0, -1.0]]
[3 3 0]
[-1.0, -1.0]
[[-1.0, -1.0]]
3 3
[[-1.0, -1.0]]
[4 3 0]
[-1.0, -1.0]
[[-1.0, -1.0]]
4 3
[[0, 0]]
[0 0 0]
[0, 0]
[[0, 0]]
0 0
[array([1, 0])]
[0 3 0]
[1 0]
[array([1, 0])]
0 3
[[-1.0, -1.0]]
[2 4 0]
[-1.0, -1.0]
[[-1.0, -1.0]]
2 4
[array([0, 1])]
[1 1 0]
[0 1]
[array([0, 1])]
1 1
[[-1.0, -1.0]]
[2 1 0]
[-1.0, -1.0]
[[-1.0, -1.0]]
2 1
[array([1, 1])]
[0 1 0]
[1 1]
[array([1, 1])]
0 1
[[-1.0, -1.0]]
[3 4 0]
[-1.0, -1.0]
[[-1.0, -1.0]]
3 4
[[0, 0]]
[0 0 0]
[0, 0]
[[0, 0]]
0 0
[array([0, 1])]
[1 0 0]
[0 1]
[array([0, 1])]
1 0
[[-1.0, -1.0]]
[2 4 0]
[-1.0, -1.0]
[[-1.0, -1.0]]
2 4
[[0, 0]]
[0 0 0]
[0, 0]
[[0, 0]]
0 0
[array([1, 0])]
[0 3 0]
[1 0]
[array([1, 0])]
0 3
[array([ 0, -1])]
[1 2 0]
[ 0 -1]
[array([ 0, -1])]
1 2
[[-1.0, -1.0]]
[2 3 0]
[-1.0, -1.0]
[[-1.0, -1.0]]
2 3
[[3 0 0 0 1]
 [2 2 4 4 0]
 [0 1 1 0 0]
 [0 0 1 0 0]
 [0 0 0 0 0]]
[[3 0 0 0 1]
 [2 2 4 4 0]
 [0 1 1 0 0]
 [0 0 1 0 0]
 [0 0 0 0 0]]
[[-1.0, -1.0]]
[1 2 0]
[-1.0, -1.0]
[[-1.0, -1.0]]
1 2
[[0, 0]]
[0 4 0]
[0, 0]
[[0, 0]]
0 4
[array([1, 1])]
[2 1 0]
[1 1]
[array([1, 1])]
2 1
[[0, 0]]
[1 0 0]
[0, 0]
[[0, 0]]
1 0
[[-1.0, -1.0]]
[2 2 0]
[-1.0, -1.0]
[[-1.0, -1.0]]
2 2
[[-1.0, -1.0]]
[3 2 0]
[-1.0, -1.0]
[[-1.0, -1.0]]
3 2
[array([1, 0])]
[0 0 0]
[1 0]
[array([1, 0])]
0 0
[[-1.0, -1.0]]
[1 3 0]
[-1.0, -1.0]
[[-1.0, -1.0]]
1 3
[[-1.0, -1.0]]
[1 3 0]
[-1.0, -1.0]
[[-1.0, -1.0]]
1 3
[[-1.0, -1.0]]
[1 2 0]
[-1.0, -1.0]
[[-1.0, -1.0]]
1 2
[[0, 0]]
[1 0 0]
[0, 0]
[[0, 0]]
1 0
[[-1.0, -1.0]]
[1 2 0]
[-1.0, -1.0]
[[-1.0, -1.0]]
1 2
[array([1, 0])]
[0 0 0]
[1 0]
[array([1, 0])]
0 0
[array([ 1, -1])]
[1 1 0]
[ 1 -1]
[array([ 1, -1])]
1 1
[[-1.0, -1.0]]
[1 3 0]
[-1.0, -1.0]
[[-1.0, -1.0]]
1 3
[array([1, 0])]
[0 0 0]
[1 0]
[array([1, 0])]
0 0
[[-1.0, -1.0]]
[1 3 0]
[-1.0, -1.0]
[[-1.0, -1.0]]
1 3
[array([ 1, -1])]
[1 1 0]
[ 1 -1]
[array([ 1, -1])]
1 1
[[-1.0, -1.0]]
[1 2 0]
[-1.0, -1.0]
[[-1.0, -1.0]]
1 2
[[0 4 4 0 1]
 [5 1 0 0 0]
 [2 1 0 0 0]
 [0 0 1 0 0]
 [0 0 0 0 0]]
[[0 4 4 0 1]
 [5 1 0 0 0]
 [2 1 0 0 0]
 [0 0 1 0 0]
 [0 0 0 0 0]]
[[0, 0]]
[0 1 0]
[0, 0]
[[0, 0]]
0 1
[array([1, 0])]
[0 4 0]
[1 0]
[array([1, 0])]
0 4
[[-1.0, -1.0]]
[3 2 0]
[-1.0, -1.0]
[[-1.0, -1.0]]
3 2
[[0, 0]]
[1 0 0]
[0, 0]
[[0, 0]]
1 0
[[-1.0, -1.0]]
[1 1 0]
[-1.0, -1.0]
[[-1.0, -1.0]]
1 1
[[-1.0, -1.0]]
[2 1 0]
[-1.0, -1.0]
[[-1.0, -1.0]]
2 1
[[0, 0]]
[1 0 0]
[0, 0]
[[0, 0]]
1 0
[array([ 1, -1])]
[0 2 0]
[ 1 -1]
[array([ 1, -1])]
0 2
[array([ 1, -1])]
[0 2 0]
[ 1 -1]
[array([ 1, -1])]
0 2
[[0, 0]]
[0 1 0]
[0, 0]
[[0, 0]]
0 1
[[0, 0]]
[1 0 0]
[0, 0]
[[0, 0]]
1 0
[[0, 0]]
[0 1 0]
[0, 0]
[[0, 0]]
0 1
[[0, 0]]
[1 0 0]
[0, 0]
[[0, 0]]
1 0
[array([0, 1])]
[2 0 0]
[0 1]
[array([0, 1])]
2 0
[array([ 1, -1])]
[0 2 0]
[ 1 -1]
[array([ 1, -1])]
0 2
[[0, 0]]
[1 0 0]
[0, 0]
[[0, 0]]
1 0
[array([ 1, -1])]
[0 2 0]
[ 1 -1]
[array([ 1, -1])]
0 2
[array([0, 1])]
[2 0 0]
[0 1]
[array([0, 1])]
2 0
[[0, 0]]
[0 1 0]
[0, 0]
[[0, 0]]
0 1
[[1 4 0 0 0]
 [6 4 0 0 0]
 [0 3 0 0 0]
 [0 0 0 0 0]
 [0 0 0 0 0]]
[[1 4 0 0 0]
 [6 4 0 0 0]
 [0 3 0 0 0]
 [0 0 0 0 0]
 [0 0 0 0 0]]
[array([ 0, -1])]
[0 1 0]
[ 0 -1]
[array([ 0, -1])]
0 1
[array([ 0, -1])]
[2 1 0]
[ 0 -1]
[array([ 0, -1])]
2 1
[array([-1,  0])]
[1 0 0]
[-1  0]
[array([-1,  0])]
1 0
[array([0, 0])]
[0 0 0]
[0 0]
[array([0, 0])]
0 0
[array([-1,  0])]
[1 0 0]
[-1  0]
[array([-1,  0])]
1 0
[array([-1,  0])]
[1 0 0]
[-1  0]
[array([-1,  0])]
1 0
[array([ 1, -1])]
[1 1 0]
[ 1 -1]
[array([ 1, -1])]
1 1
[array([ 1, -1])]
[1 1 0]
[ 1 -1]
[array([ 1, -1])]
1 1
[array([ 0, -1])]
[0 1 0]
[ 0 -1]
[array([ 0, -1])]
0 1
[array([-1,  0])]
[1 0 0]
[-1  0]
[array([-1,  0])]
1 0
[array([ 0, -1])]
[0 1 0]
[ 0 -1]
[array([ 0, -1])]
0 1
[array([-1,  0])]
[1 0 0]
[-1  0]
[array([-1,  0])]
1 0
[array([ 0, -1])]
[2 1 0]
[ 0 -1]
[array([ 0, -1])]
2 1
[array([ 1, -1])]
[1 1 0]
[ 1 -1]
[array([ 1, -1])]
1 1
[array([-1,  0])]
[1 0 0]
[-1  0]
[array([-1,  0])]
1 0
[array([ 1, -1])]
[1 1 0]
[ 1 -1]
[array([ 1, -1])]
1 1
[array([ 0, -1])]
[2 1 0]
[ 0 -1]
[array([ 0, -1])]
2 1
[array([ 0, -1])]
[0 1 0]
[ 0 -1]
[array([ 0, -1])]
0 1
[[11  0  0  0  0]
 [ 0  0  0  0  0]
 [ 7  0  0  0  0]
 [ 0  0  0  0  0]
 [ 0  0  0  0  0]]
[[11  0  0  0  0]
 [ 0  0  0  0  0]
 [ 7  0  0  0  0]
 [ 0  0  0  0  0]
 [ 0  0  0  0  0]]
[array([0, 1])]
[0 0 0]
[0 1]
[array([0, 1])]
0 0
[[0, 0]]
[2 0 0]
[0, 0]
[[0, 0]]
2 0
[array([0, 1])]
[0 0 0]
[0 1]
[array([0, 1])]
0 0
[array([0, 1])]
[0 0 0]
[0 1]
[array([0, 1])]
0 0
[array([0, 1])]
[0 0 0]
[0 1]
[array([0, 1])]
0 0
[array([0, 1])]
[0 0 0]
[0 1]
[array([0, 1])]
0 0
[[0, 0]]
[2 0 0]
[0, 0]
[[0, 0]]
2 0
[[0, 0]]
[2 0 0]
[0, 0]
[[0, 0]]
2 0
[array([0, 1])]
[0 0 0]
[0 1]
[array([0, 1])]
0 0
[array([0, 1])]
[0 0 0]
[0 1]
[array([0, 1])]
0 0
[array([0, 1])]
[0 0 0]
[0 1]
[array([0, 1])]
0 0
[array([0, 1])]
[0 0 0]
[0 1]
[array([0, 1])]
0 0
[[0, 0]]
[2 0 0]
[0, 0]
[[0, 0]]
2 0
[[0, 0]]
[2 0 0]
[0, 0]
[[0, 0]]
2 0
[array([0, 1])]
[0 0 0]
[0 1]
[array([0, 1])]
0 0
[[0, 0]]
[2 0 0]
[0, 0]
[[0, 0]]
2 0
[[0, 0]]
[2 0 0]
[0, 0]
[[0, 0]]
2 0
[array([0, 1])]
[0 0 0]
[0 1]
[array([0, 1])]
0 0
[[ 0 11  0  0  0]
 [ 0  0  0  0  0]
 [ 7  0  0  0  0]
 [ 0  0  0  0  0]
 [ 0  0  0  0  0]]
[[ 0 11  0  0  0]
 [ 0  0  0  0  0]
 [ 7  0  0  0  0]
 [ 0  0  0  0  0]
 [ 0  0  0  0  0]]
[array([ 0, -1])]
[0 1 0]
[ 0 -1]
[array([ 0, -1])]
0 1
[[-1, 0], [1, 0]]
[2 0 0]
[1, 0]
[[-1, 0], [1, 0]]
2 0
[array([ 0, -1])]
[0 1 0]
[ 0 -1]
[array([ 0, -1])]
0 1
[array([ 0, -1])]
[0 1 0]
[ 0 -1]
[array([ 0, -1])]
0 1
[array([ 0, -1])]
[0 1 0]
[ 0 -1]
[array([ 0, -1])]
0 1
[array([ 0, -1])]
[0 1 0]
[ 0 -1]
[array([ 0, -1])]
0 1
[[-1, 0], [1, 0]]
[2 0 0]
[1, 0]
[[-1, 0], [1, 0]]
2 0
[[-1, 0], [1, 0]]
[2 0 0]
[1, 0]
[[-1, 0], [1, 0]]
2 0
[array([ 0, -1])]
[0 1 0]
[ 0 -1]
[array([ 0, -1])]
0 1
[array([ 0, -1])]
[0 1 0]
[ 0 -1]
[array([ 0, -1])]
0 1
[array([ 0, -1])]
[0 1 0]
[ 0 -1]
[array([ 0, -1])]
0 1
[array([ 0, -1])]
[0 1 0]
[ 0 -1]
[array([ 0, -1])]
0 1
[[-1, 0], [1, 0]]
[2 0 0]
[1, 0]
[[-1, 0], [1, 0]]
2 0
[[-1, 0], [1, 0]]
[2 0 0]
[-1, 0]
[[-1, 0], [1, 0]]
2 0
[array([ 0, -1])]
[0 1 0]
[ 0 -1]
[array([ 0, -1])]
0 1
[[-1, 0], [1, 0]]
[2 0 0]
[1, 0]
[[-1, 0], [1, 0]]
2 0
[[-1, 0], [1, 0]]
[2 0 0]
[1, 0]
[[-1, 0], [1, 0]]
2 0
[array([ 0, -1])]
[0 1 0]
[ 0 -1]
[array([ 0, -1])]
0 1
[[11  0  0  0  0]
 [ 1  0  0  0  0]
 [ 0  0  0  0  0]
 [ 6  0  0  0  0]
 [ 0  0  0  0  0]]
[[11  0  0  0  0]
 [ 1  0  0  0  0]
 [ 0  0  0  0  0]
 [ 6  0  0  0  0]
 [ 0  0  0  0  0]]
[[0, 0]]
[0 0 0]
[0, 0]
[[0, 0]]
0 0
[[0, 0]]
[3 0 0]
[0, 0]
[[0, 0]]
3 0
[[0, 0]]
[0 0 0]
[0, 0]
[[0, 0]]
0 0
[[0, 0]]
[0 0 0]
[0, 0]
[[0, 0]]
0 0
[[0, 0]]
[0 0 0]
[0, 0]
[[0, 0]]
0 0
[[0, 0]]
[0 0 0]
[0, 0]
[[0, 0]]
0 0
[[0, 0]]
[3 0 0]
[0, 0]
[[0, 0]]
3 0
[[0, 0]]
[3 0 0]
[0, 0]
[[0, 0]]
3 0
[[0, 0]]
[0 0 0]
[0, 0]
[[0, 0]]
0 0
[[0, 0]]
[0 0 0]
[0, 0]
[[0, 0]]
0 0
[[0, 0]]
[0 0 0]
[0, 0]
[[0, 0]]
0 0
[[0, 0]]
[0 0 0]
[0, 0]
[[0, 0]]
0 0
[[0, 0]]
[3 0 0]
[0, 0]
[[0, 0]]
3 0
[array([-1,  1])]
[1 0 0]
[-1  1]
[array([-1,  1])]
1 0
[[0, 0]]
[0 0 0]
[0, 0]
[[0, 0]]
0 0
[[0, 0]]
[3 0 0]
[0, 0]
[[0, 0]]
3 0
[[0, 0]]
[3 0 0]
[0, 0]
[[0, 0]]
3 0
[[0, 0]]
[0 0 0]
[0, 0]
[[0, 0]]
0 0
[[11  1  0  0  0]
 [ 0  0  0  0  0]
 [ 0  0  0  0  0]
 [ 6  0  0  0  0]
 [ 0  0  0  0  0]]
[[11  1  0  0  0]
 [ 0  0  0  0  0]
 [ 0  0  0  0  0]
 [ 6  0  0  0  0]
 [ 0  0  0  0  0]]
[array([1, 1])]
[0 0 0]
[1 1]
[array([1, 1])]
0 0
[array([-1,  0])]
[3 0 0]
[-1  0]
[array([-1,  0])]
3 0
[array([1, 1])]
[0 0 0]
[1 1]
[array([1, 1])]
0 0
[array([1, 1])]
[0 0 0]
[1 1]
[array([1, 1])]
0 0
[array([1, 1])]
[0 0 0]
[1 1]
[array([1, 1])]
0 0
[array([1, 1])]
[0 0 0]
[1 1]
[array([1, 1])]
0 0
[array([-1,  0])]
[3 0 0]
[-1  0]
[array([-1,  0])]
3 0
[array([-1,  0])]
[3 0 0]
[-1  0]
[array([-1,  0])]
3 0
[array([1, 1])]
[0 0 0]
[1 1]
[array([1, 1])]
0 0
[array([1, 1])]
[0 0 0]
[1 1]
[array([1, 1])]
0 0
[array([1, 1])]
[0 0 0]
[1 1]
[array([1, 1])]
0 0
[array([1, 1])]
[0 0 0]
[1 1]
[array([1, 1])]
0 0
[array([-1,  0])]
[3 0 0]
[-1  0]
[array([-1,  0])]
3 0
[array([1, 1])]
[0 1 0]
[1 1]
[array([1, 1])]
0 1
[array([1, 1])]
[0 0 0]
[1 1]
[array([1, 1])]
0 0
[array([-1,  0])]
[3 0 0]
[-1  0]
[array([-1,  0])]
3 0
[array([-1,  0])]
[3 0 0]
[-1  0]
[array([-1,  0])]
3 0
[array([1, 1])]
[0 0 0]
[1 1]
[array([1, 1])]
0 0
[[ 0  0  0  0  0]
 [ 0 11  1  0  0]
 [ 6  0  0  0  0]
 [ 0  0  0  0  0]
 [ 0  0  0  0  0]]
[[ 0  0  0  0  0]
 [ 0 11  1  0  0]
 [ 6  0  0  0  0]
 [ 0  0  0  0  0]
 [ 0  0  0  0  0]]
[array([0, 1])]
[1 1 0]
[0 1]
[array([0, 1])]
1 1
[[0, 0]]
[2 0 0]
[0, 0]
[[0, 0]]
2 0
[array([0, 1])]
[1 1 0]
[0 1]
[array([0, 1])]
1 1
[array([0, 1])]
[1 1 0]
[0 1]
[array([0, 1])]
1 1
[array([0, 1])]
[1 1 0]
[0 1]
[array([0, 1])]
1 1
[array([0, 1])]
[1 1 0]
[0 1]
[array([0, 1])]
1 1
[[0, 0]]
[2 0 0]
[0, 0]
[[0, 0]]
2 0
[[0, 0]]
[2 0 0]
[0, 0]
[[0, 0]]
2 0
[array([0, 1])]
[1 1 0]
[0 1]
[array([0, 1])]
1 1
[array([0, 1])]
[1 1 0]
[0 1]
[array([0, 1])]
1 1
[array([0, 1])]
[1 1 0]
[0 1]
[array([0, 1])]
1 1
[array([0, 1])]
[1 1 0]
[0 1]
[array([0, 1])]
1 1
[[0, 0]]
[2 0 0]
[0, 0]
[[0, 0]]
2 0
[array([0, 0])]
[1 2 0]
[0 0]
[array([0, 0])]
1 2
[array([0, 1])]
[1 1 0]
[0 1]
[array([0, 1])]
1 1
[[0, 0]]
[2 0 0]
[0, 0]
[[0, 0]]
2 0
[[0, 0]]
[2 0 0]
[0, 0]
[[0, 0]]
2 0
[array([0, 1])]
[1 1 0]
[0 1]
[array([0, 1])]
1 1
[[ 0  0  0  0  0]
 [ 0  0 12  0  0]
 [ 6  0  0  0  0]
 [ 0  0  0  0  0]
 [ 0  0  0  0  0]]
[[ 0  0  0  0  0]
 [ 0  0 12  0  0]
 [ 6  0  0  0  0]
 [ 0  0  0  0  0]
 [ 0  0  0  0  0]]
[[-1.0, -1.0]]
[1 2 0]
[-1.0, -1.0]
[[-1.0, -1.0]]
1 2
[array([0, 1])]
[2 0 0]
[0 1]
[array([0, 1])]
2 0
[[-1.0, -1.0]]
[1 2 0]
[-1.0, -1.0]
[[-1.0, -1.0]]
1 2
[[-1.0, -1.0]]
[1 2 0]
[-1.0, -1.0]
[[-1.0, -1.0]]
1 2
[[-1.0, -1.0]]
[1 2 0]
[-1.0, -1.0]
[[-1.0, -1.0]]
1 2
[[-1.0, -1.0]]
[1 2 0]
[-1.0, -1.0]
[[-1.0, -1.0]]
1 2
[array([0, 1])]
[2 0 0]
[0 1]
[array([0, 1])]
2 0
[array([0, 1])]
[2 0 0]
[0 1]
[array([0, 1])]
2 0
[[-1.0, -1.0]]
[1 2 0]
[-1.0, -1.0]
[[-1.0, -1.0]]
1 2
[[-1.0, -1.0]]
[1 2 0]
[-1.0, -1.0]
[[-1.0, -1.0]]
1 2
[[-1.0, -1.0]]
[1 2 0]
[-1.0, -1.0]
[[-1.0, -1.0]]
1 2
[[-1.0, -1.0]]
[1 2 0]
[-1.0, -1.0]
[[-1.0, -1.0]]
1 2
[array([0, 1])]
[2 0 0]
[0 1]
[array([0, 1])]
2 0
[[-1.0, -1.0]]
[1 2 0]
[-1.0, -1.0]
[[-1.0, -1.0]]
1 2
[[-1.0, -1.0]]
[1 2 0]
[-1.0, -1.0]
[[-1.0, -1.0]]
1 2
[array([0, 1])]
[2 0 0]
[0 1]
[array([0, 1])]
2 0
[array([0, 1])]
[2 0 0]
[0 1]
[array([0, 1])]
2 0
[[-1.0, -1.0]]
[1 2 0]
[-1.0, -1.0]
[[-1.0, -1.0]]
1 2
[[ 0 12  0  0  0]
 [ 0  0  0  0  0]
 [ 0  6  0  0  0]
 [ 0  0  0  0  0]
 [ 0  0  0  0  0]]
[[ 0 12  0  0  0]
 [ 0  0  0  0  0]
 [ 0  6  0  0  0]
 [ 0  0  0  0  0]
 [ 0  0  0  0  0]]
[array([ 0, -1])]
[0 1 0]
[ 0 -1]
[array([ 0, -1])]
0 1
[array([-1, -1])]
[2 1 0]
[-1 -1]
[array([-1, -1])]
2 1
[array([ 0, -1])]
[0 1 0]
[ 0 -1]
[array([ 0, -1])]
0 1
[array([ 0, -1])]
[0 1 0]
[ 0 -1]
[array([ 0, -1])]
0 1
[array([ 0, -1])]
[0 1 0]
[ 0 -1]
[array([ 0, -1])]
0 1
[array([ 0, -1])]
[0 1 0]
[ 0 -1]
[array([ 0, -1])]
0 1
[array([-1, -1])]
[2 1 0]
[-1 -1]
[array([-1, -1])]
2 1
[array([-1, -1])]
[2 1 0]
[-1 -1]
[array([-1, -1])]
2 1
[array([ 0, -1])]
[0 1 0]
[ 0 -1]
[array([ 0, -1])]
0 1
[array([ 0, -1])]
[0 1 0]
[ 0 -1]
[array([ 0, -1])]
0 1
[array([ 0, -1])]
[0 1 0]
[ 0 -1]
[array([ 0, -1])]
0 1
[array([ 0, -1])]
[0 1 0]
[ 0 -1]
[array([ 0, -1])]
0 1
[array([-1, -1])]
[2 1 0]
[-1 -1]
[array([-1, -1])]
2 1
[array([ 0, -1])]
[0 1 0]
[ 0 -1]
[array([ 0, -1])]
0 1
[array([ 0, -1])]
[0 1 0]
[ 0 -1]
[array([ 0, -1])]
0 1
[array([-1, -1])]
[2 1 0]
[-1 -1]
[array([-1, -1])]
2 1
[array([-1, -1])]
[2 1 0]
[-1 -1]
[array([-1, -1])]
2 1
[array([ 0, -1])]
[0 1 0]
[ 0 -1]
[array([ 0, -1])]
0 1
[[12  0  0  0  0]
 [ 6  0  0  0  0]
 [ 0  0  0  0  0]
 [ 0  0  0  0  0]
 [ 0  0  0  0  0]]
[[12  0  0  0  0]
 [ 6  0  0  0  0]
 [ 0  0  0  0  0]
 [ 0  0  0  0  0]
 [ 0  0  0  0  0]]
[[0, 0]]
[0 0 0]
[0, 0]
[[0, 0]]
0 0
[array([-1,  1])]
[1 0 0]
[-1  1]
[array([-1,  1])]
1 0
[[0, 0]]
[0 0 0]
[0, 0]
[[0, 0]]
0 0
[[0, 0]]
[0 0 0]
[0, 0]
[[0, 0]]
0 0
[[0, 0]]
[0 0 0]
[0, 0]
[[0, 0]]
0 0
[[0, 0]]
[0 0 0]
[0, 0]
[[0, 0]]
0 0
[array([-1,  1])]
[1 0 0]
[-1  1]
[array([-1,  1])]
1 0
[array([-1,  1])]
[1 0 0]
[-1  1]
[array([-1,  1])]
1 0
[[0, 0]]
[0 0 0]
[0, 0]
[[0, 0]]
0 0
[[0, 0]]
[0 0 0]
[0, 0]
[[0, 0]]
0 0
[[0, 0]]
[0 0 0]
[0, 0]
[[0, 0]]
0 0
[[0, 0]]
[0 0 0]
[0, 0]
[[0, 0]]
0 0
[array([-1,  1])]
[1 0 0]
[-1  1]
[array([-1,  1])]
1 0
[[0, 0]]
[0 0 0]
[0, 0]
[[0, 0]]
0 0
[[0, 0]]
[0 0 0]
[0, 0]
[[0, 0]]
0 0
[array([-1,  1])]
[1 0 0]
[-1  1]
[array([-1,  1])]
1 0
[array([-1,  1])]
[1 0 0]
[-1  1]
[array([-1,  1])]
1 0
[[0, 0]]
[0 0 0]
[0, 0]
[[0, 0]]
0 0
[[12  6  0  0  0]
 [ 0  0  0  0  0]
 [ 0  0  0  0  0]
 [ 0  0  0  0  0]
 [ 0  0  0  0  0]]
[[12  6  0  0  0]
 [ 0  0  0  0  0]
 [ 0  0  0  0  0]
 [ 0  0  0  0  0]
 [ 0  0  0  0  0]]
[[0, 0]]
[0 0 0]
[0, 0]
[[0, 0]]
0 0
[[0, 0]]
[0 1 0]
[0, 0]
[[0, 0]]
0 1
[[0, 0]]
[0 0 0]
[0, 0]
[[0, 0]]
0 0
[[0, 0]]
[0 0 0]
[0, 0]
[[0, 0]]
0 0
[[0, 0]]
[0 0 0]
[0, 0]
[[0, 0]]
0 0
[[0, 0]]
[0 0 0]
[0, 0]
[[0, 0]]
0 0
[[0, 0]]
[0 1 0]
[0, 0]
[[0, 0]]
0 1
[[0, 0]]
[0 1 0]
[0, 0]
[[0, 0]]
0 1
[[0, 0]]
[0 0 0]
[0, 0]
[[0, 0]]
0 0
[[0, 0]]
[0 0 0]
[0, 0]
[[0, 0]]
0 0
[[0, 0]]
[0 0 0]
[0, 0]
[[0, 0]]
0 0
[[0, 0]]
[0 0 0]
[0, 0]
[[0, 0]]
0 0
[[0, 0]]
[0 1 0]
[0, 0]
[[0, 0]]
0 1
[[0, 0]]
[0 0 0]
[0, 0]
[[0, 0]]
0 0
[[0, 0]]
[0 0 0]
[0, 0]
[[0, 0]]
0 0
[[0, 0]]
[0 1 0]
[0, 0]
[[0, 0]]
0 1
[[0, 0]]
[0 1 0]
[0, 0]
[[0, 0]]
0 1
[[0, 0]]
[0 0 0]
[0, 0]
[[0, 0]]
0 0
[[12  6  0  0  0]
 [ 0  0  0  0  0]
 [ 0  0  0  0  0]
 [ 0  0  0  0  0]
 [ 0  0  0  0  0]]
[[12  6  0  0  0]
 [ 0  0  0  0  0]
 [ 0  0  0  0  0]
 [ 0  0  0  0  0]
 [ 0  0  0  0  0]]
[array([0, 1])]
[0 0 0]
[0 1]
[array([0, 1])]
0 0
[[0, 0]]
[0 1 0]
[0, 0]
[[0, 0]]
0 1
[array([0, 1])]
[0 0 0]
[0 1]
[array([0, 1])]
0 0
[array([0, 1])]
[0 0 0]
[0 1]
[array([0, 1])]
0 0
[array([0, 1])]
[0 0 0]
[0 1]
[array([0, 1])]
0 0
[array([0, 1])]
[0 0 0]
[0 1]
[array([0, 1])]
0 0
[[0, 0]]
[0 1 0]
[0, 0]
[[0, 0]]
0 1
[[0, 0]]
[0 1 0]
[0, 0]
[[0, 0]]
0 1
[array([0, 1])]
[0 0 0]
[0 1]
[array([0, 1])]
0 0
[array([0, 1])]
[0 0 0]
[0 1]
[array([0, 1])]
0 0
[array([0, 1])]
[0 0 0]
[0 1]
[array([0, 1])]
0 0
[array([0, 1])]
[0 0 0]
[0 1]
[array([0, 1])]
0 0
[[0, 0]]
[0 1 0]
[0, 0]
[[0, 0]]
0 1
[array([0, 1])]
[0 0 0]
[0 1]
[array([0, 1])]
0 0
[array([0, 1])]
[0 0 0]
[0 1]
[array([0, 1])]
0 0
[[0, 0]]
[0 1 0]
[0, 0]
[[0, 0]]
0 1
[[0, 0]]
[0 1 0]
[0, 0]
[[0, 0]]
0 1
[array([0, 1])]
[0 0 0]
[0 1]
[array([0, 1])]
0 0
[[ 0 18  0  0  0]
 [ 0  0  0  0  0]
 [ 0  0  0  0  0]
 [ 0  0  0  0  0]
 [ 0  0  0  0  0]]
[[ 0 18  0  0  0]
 [ 0  0  0  0  0]
 [ 0  0  0  0  0]
 [ 0  0  0  0  0]
 [ 0  0  0  0  0]]
[array([1, 1])]
[0 1 0]
[1 1]
[array([1, 1])]
0 1
[array([1, 1])]
[0 1 0]
[1 1]
[array([1, 1])]
0 1
[array([1, 1])]
[0 1 0]
[1 1]
[array([1, 1])]
0 1
[array([1, 1])]
[0 1 0]
[1 1]
[array([1, 1])]
0 1
[array([1, 1])]
[0 1 0]
[1 1]
[array([1, 1])]
0 1
[array([1, 1])]
[0 1 0]
[1 1]
[array([1, 1])]
0 1
[array([1, 1])]
[0 1 0]
[1 1]
[array([1, 1])]
0 1
[array([1, 1])]
[0 1 0]
[1 1]
[array([1, 1])]
0 1
[array([1, 1])]
[0 1 0]
[1 1]
[array([1, 1])]
0 1
[array([1, 1])]
[0 1 0]
[1 1]
[array([1, 1])]
0 1
[array([1, 1])]
[0 1 0]
[1 1]
[array([1, 1])]
0 1
[array([1, 1])]
[0 1 0]
[1 1]
[array([1, 1])]
0 1
[array([1, 1])]
[0 1 0]
[1 1]
[array([1, 1])]
0 1
[array([1, 1])]
[0 1 0]
[1 1]
[array([1, 1])]
0 1
[array([1, 1])]
[0 1 0]
[1 1]
[array([1, 1])]
0 1
[array([1, 1])]
[0 1 0]
[1 1]
[array([1, 1])]
0 1
[array([1, 1])]
[0 1 0]
[1 1]
[array([1, 1])]
0 1
[array([1, 1])]
[0 1 0]
[1 1]
[array([1, 1])]
0 1
[[ 0  0  0  0  0]
 [ 0  0 18  0  0]
 [ 0  0  0  0  0]
 [ 0  0  0  0  0]
 [ 0  0  0  0  0]]
[[ 0  0  0  0  0]
 [ 0  0 18  0  0]
 [ 0  0  0  0  0]
 [ 0  0  0  0  0]
 [ 0  0  0  0  0]]
[array([0, 0])]
[1 2 0]
[0 0]
[array([0, 0])]
1 2
[array([0, 0])]
[1 2 0]
[0 0]
[array([0, 0])]
1 2
[array([0, 0])]
[1 2 0]
[0 0]
[array([0, 0])]
1 2
[array([0, 0])]
[1 2 0]
[0 0]
[array([0, 0])]
1 2
[array([0, 0])]
[1 2 0]
[0 0]
[array([0, 0])]
1 2
[array([0, 0])]
[1 2 0]
[0 0]
[array([0, 0])]
1 2
[array([0, 0])]
[1 2 0]
[0 0]
[array([0, 0])]
1 2
[array([0, 0])]
[1 2 0]
[0 0]
[array([0, 0])]
1 2
[array([0, 0])]
[1 2 0]
[0 0]
[array([0, 0])]
1 2
[array([0, 0])]
[1 2 0]
[0 0]
[array([0, 0])]
1 2
[array([0, 0])]
[1 2 0]
[0 0]
[array([0, 0])]
1 2
[array([0, 0])]
[1 2 0]
[0 0]
[array([0, 0])]
1 2
[array([0, 0])]
[1 2 0]
[0 0]
[array([0, 0])]
1 2
[array([0, 0])]
[1 2 0]
[0 0]
[array([0, 0])]
1 2
[array([0, 0])]
[1 2 0]
[0 0]
[array([0, 0])]
1 2
[array([0, 0])]
[1 2 0]
[0 0]
[array([0, 0])]
1 2
[array([0, 0])]
[1 2 0]
[0 0]
[array([0, 0])]
1 2
[array([0, 0])]
[1 2 0]
[0 0]
[array([0, 0])]
1 2
[[ 0  0  0  0  0]
 [ 0  0 18  0  0]
 [ 0  0  0  0  0]
 [ 0  0  0  0  0]
 [ 0  0  0  0  0]]
[[ 0  0  0  0  0]
 [ 0  0 18  0  0]
 [ 0  0  0  0  0]
 [ 0  0  0  0  0]
 [ 0  0  0  0  0]]
[array([1, 1])]
[1 2 0]
[1 1]
[array([1, 1])]
1 2
[array([1, 1])]
[1 2 0]
[1 1]
[array([1, 1])]
1 2
[array([1, 1])]
[1 2 0]
[1 1]
[array([1, 1])]
1 2
[array([1, 1])]
[1 2 0]
[1 1]
[array([1, 1])]
1 2
[array([1, 1])]
[1 2 0]
[1 1]
[array([1, 1])]
1 2
[array([1, 1])]
[1 2 0]
[1 1]
[array([1, 1])]
1 2
[array([1, 1])]
[1 2 0]
[1 1]
[array([1, 1])]
1 2
[array([1, 1])]
[1 2 0]
[1 1]
[array([1, 1])]
1 2
[array([1, 1])]
[1 2 0]
[1 1]
[array([1, 1])]
1 2
[array([1, 1])]
[1 2 0]
[1 1]
[array([1, 1])]
1 2
[array([1, 1])]
[1 2 0]
[1 1]
[array([1, 1])]
1 2
[array([1, 1])]
[1 2 0]
[1 1]
[array([1, 1])]
1 2
[array([1, 1])]
[1 2 0]
[1 1]
[array([1, 1])]
1 2
[array([1, 1])]
[1 2 0]
[1 1]
[array([1, 1])]
1 2
[array([1, 1])]
[1 2 0]
[1 1]
[array([1, 1])]
1 2
[array([1, 1])]
[1 2 0]
[1 1]
[array([1, 1])]
1 2
[array([1, 1])]
[1 2 0]
[1 1]
[array([1, 1])]
1 2
[array([1, 1])]
[1 2 0]
[1 1]
[array([1, 1])]
1 2
[[ 0  0  0  0  0]
 [ 0  0  0  0  0]
 [ 0  0  0 18  0]
 [ 0  0  0  0  0]
 [ 0  0  0  0  0]]
[[ 0  0  0  0  0]
 [ 0  0  0  0  0]
 [ 0  0  0 18  0]
 [ 0  0  0  0  0]
 [ 0  0  0  0  0]]
[[-1.0, -1.0]]
[2 3 0]
[-1.0, -1.0]
[[-1.0, -1.0]]
2 3
[[-1.0, -1.0]]
[2 3 0]
[-1.0, -1.0]
[[-1.0, -1.0]]
2 3
[[-1.0, -1.0]]
[2 3 0]
[-1.0, -1.0]
[[-1.0, -1.0]]
2 3
[[-1.0, -1.0]]
[2 3 0]
[-1.0, -1.0]
[[-1.0, -1.0]]
2 3
[[-1.0, -1.0]]
[2 3 0]
[-1.0, -1.0]
[[-1.0, -1.0]]
2 3
[[-1.0, -1.0]]
[2 3 0]
[-1.0, -1.0]
[[-1.0, -1.0]]
2 3
[[-1.0, -1.0]]
[2 3 0]
[-1.0, -1.0]
[[-1.0, -1.0]]
2 3
[[-1.0, -1.0]]
[2 3 0]
[-1.0, -1.0]
[[-1.0, -1.0]]
2 3
[[-1.0, -1.0]]
[2 3 0]
[-1.0, -1.0]
[[-1.0, -1.0]]
2 3
[[-1.0, -1.0]]
[2 3 0]
[-1.0, -1.0]
[[-1.0, -1.0]]
2 3
[[-1.0, -1.0]]
[2 3 0]
[-1.0, -1.0]
[[-1.0, -1.0]]
2 3
[[-1.0, -1.0]]
[2 3 0]
[-1.0, -1.0]
[[-1.0, -1.0]]
2 3
[[-1.0, -1.0]]
[2 3 0]
[-1.0, -1.0]
[[-1.0, -1.0]]
2 3
[[-1.0, -1.0]]
[2 3 0]
[-1.0, -1.0]
[[-1.0, -1.0]]
2 3
[[-1.0, -1.0]]
[2 3 0]
[-1.0, -1.0]
[[-1.0, -1.0]]
2 3
[[-1.0, -1.0]]
[2 3 0]
[-1.0, -1.0]
[[-1.0, -1.0]]
2 3
[[-1.0, -1.0]]
[2 3 0]
[-1.0, -1.0]
[[-1.0, -1.0]]
2 3
[[-1.0, -1.0]]
[2 3 0]
[-1.0, -1.0]
[[-1.0, -1.0]]
2 3
[[ 0  0  0  0  0]
 [ 0  0 18  0  0]
 [ 0  0  0  0  0]
 [ 0  0  0  0  0]
 [ 0  0  0  0  0]]
[[ 0  0  0  0  0]
 [ 0  0 18  0  0]
 [ 0  0  0  0  0]
 [ 0  0  0  0  0]
 [ 0  0  0  0  0]]
[array([1, 0])]
[1 2 0]
[1 0]
[array([1, 0])]
1 2
[array([1, 0])]
[1 2 0]
[1 0]
[array([1, 0])]
1 2
[array([1, 0])]
[1 2 0]
[1 0]
[array([1, 0])]
1 2
[array([1, 0])]
[1 2 0]
[1 0]
[array([1, 0])]
1 2
[array([1, 0])]
[1 2 0]
[1 0]
[array([1, 0])]
1 2
[array([1, 0])]
[1 2 0]
[1 0]
[array([1, 0])]
1 2
[array([1, 0])]
[1 2 0]
[1 0]
[array([1, 0])]
1 2
[array([1, 0])]
[1 2 0]
[1 0]
[array([1, 0])]
1 2
[array([1, 0])]
[1 2 0]
[1 0]
[array([1, 0])]
1 2
[array([1, 0])]
[1 2 0]
[1 0]
[array([1, 0])]
1 2
[array([1, 0])]
[1 2 0]
[1 0]
[array([1, 0])]
1 2
[array([1, 0])]
[1 2 0]
[1 0]
[array([1, 0])]
1 2
[array([1, 0])]
[1 2 0]
[1 0]
[array([1, 0])]
1 2
[array([1, 0])]
[1 2 0]
[1 0]
[array([1, 0])]
1 2
[array([1, 0])]
[1 2 0]
[1 0]
[array([1, 0])]
1 2
[array([1, 0])]
[1 2 0]
[1 0]
[array([1, 0])]
1 2
[array([1, 0])]
[1 2 0]
[1 0]
[array([1, 0])]
1 2
[array([1, 0])]
[1 2 0]
[1 0]
[array([1, 0])]
1 2
episode: 0 | avg score: 362.0 | learning_steps: 0
[[0 0 2 2 1]
 [0 0 1 1 0]
 [2 1 1 2 1]
 [1 0 0 0 0]
 [0 0 3 2 0]]
[[0 0 2 2 1]
 [0 0 1 1 0]
 [2 1 1 2 1]
 [1 0 0 0 0]
 [0 0 3 2 0]]
/cluster/courses/3dv/data/team-25/decentralized_marl/catmouse_experiments/marl_gym/marl_gym/envs/cat_mouse/cat_mouse_discrete.py:276: RuntimeWarning: invalid value encountered in scalar divide
  agent_offset_norm = [cur_agent[0] / abs(cur_agent[0]), cur_agent[1] / abs(cur_agent[1])]
[[0, 1], [1, 0], [1, 1]]
[0 2 0]
[1, 0]
[[0, 1], [1, 0], [1, 1]]
0 2
[[0, 1], [1, 0], [1, 1]]
[0 2 0]
[1, 0]
[[0, 1], [1, 0], [1, 1]]
0 2
[array([-1, -1])]
[1 3 0]
[-1 -1]
[array([-1, -1])]
1 3
[array([1, 0])]
[3 0 0]
[1 0]
[array([1, 0])]
3 0
[[0, 0]]
[0 3 0]
[0, 0]
[[0, 0]]
0 3
[[0, 0]]
[4 3 0]
[0, 0]
[[0, 0]]
4 3
[array([0, 0])]
[4 2 0]
[0 0]
[array([0, 0])]
4 2
[[0, 0]]
[2 0 0]
[0, 0]
[[0, 0]]
2 0
[array([0, 0])]
[2 4 0]
[0 0]
[array([0, 0])]
2 4
[[0, 0]]
[2 0 0]
[0, 0]
[[0, 0]]
2 0
[array([1, 0])]
[2 2 0]
[1 0]
[array([1, 0])]
2 2
[[0, 0]]
[0 4 0]
[0, 0]
[[0, 0]]
0 4
[[0, 0]]
[4 3 0]
[0, 0]
[[0, 0]]
4 3
[[0, 0]]
[0 3 0]
[0, 0]
[[0, 0]]
0 3
[[0, 1], [1, 0], [1, 1]]
[1 2 0]
[0, 1]
[[0, 1], [1, 0], [1, 1]]
1 2
[array([ 0, -1])]
[2 3 0]
[ 0 -1]
[array([ 0, -1])]
2 3
[array([1, 1])]
[2 1 0]
[1 1]
[array([1, 1])]
2 1
[array([0, 0])]
[4 2 0]
[0 0]
[array([0, 0])]
4 2
[array([0, 0])]
[4 2 0]
[0 0]
[array([0, 0])]
4 2
[array([ 0, -1])]
[2 3 0]
[ 0 -1]
[array([ 0, -1])]
2 3
[[0 0 1 2 1]
 [0 0 2 1 0]
 [2 0 2 0 1]
 [0 0 2 0 0]
 [1 0 3 2 0]]
[[0 0 1 2 1]
 [0 0 2 1 0]
 [2 0 2 0 1]
 [0 0 2 0 0]
 [1 0 3 2 0]]
[[-1.0, -1.0]]
[1 2 0]
[-1.0, -1.0]
[[-1.0, -1.0]]
1 2
[[-1.0, -1.0]]
[1 2 0]
[-1.0, -1.0]
[[-1.0, -1.0]]
1 2
[[0, 1]]
[0 2 0]
[0, 1]
[[0, 1]]
0 2
[array([0, 0])]
[4 0 0]
[0 0]
[array([0, 0])]
4 0
[array([0, 0])]
[0 3 0]
[0 0]
[array([0, 0])]
0 3
[[0, 0]]
[4 3 0]
[0, 0]
[[0, 0]]
4 3
[array([-1, -1])]
[4 2 0]
[-1 -1]
[array([-1, -1])]
4 2
[[1, 0]]
[2 0 0]
[1, 0]
[[1, 0]]
2 0
[array([ 0, -1])]
[2 4 0]
[ 0 -1]
[array([ 0, -1])]
2 4
[[1, 0]]
[2 0 0]
[1, 0]
[[1, 0]]
2 0
[array([1, 0])]
[3 2 0]
[1 0]
[array([1, 0])]
3 2
[array([ 1, -1])]
[0 4 0]
[ 1 -1]
[array([ 1, -1])]
0 4
[[0, 0]]
[4 3 0]
[0, 0]
[[0, 0]]
4 3
[array([0, 0])]
[0 3 0]
[0 0]
[array([0, 0])]
0 3
[array([ 0, -1])]
[1 3 0]
[ 0 -1]
[array([ 0, -1])]
1 3
[[-1.0, -1.0]]
[2 2 0]
[-1.0, -1.0]
[[-1.0, -1.0]]
2 2
[array([1, 0])]
[3 2 0]
[1 0]
[array([1, 0])]
3 2
[array([-1, -1])]
[4 2 0]
[-1 -1]
[array([-1, -1])]
4 2
[array([-1, -1])]
[4 2 0]
[-1 -1]
[array([-1, -1])]
4 2
[[-1.0, -1.0]]
[2 2 0]
[-1.0, -1.0]
[[-1.0, -1.0]]
2 2
[[0 2 0 3 0]
 [0 2 1 1 0]
 [0 0 0 1 0]
 [2 3 0 0 0]
 [1 0 2 2 0]]
[[0 2 0 3 0]
 [0 2 1 1 0]
 [0 0 0 1 0]
 [2 3 0 0 0]
 [1 0 2 2 0]]
[[0, -1], [1, -1], [1, 0]]
[0 1 0]
[1, 0]
[[0, -1], [1, -1], [1, 0]]
0 1
[[0, -1], [1, -1], [1, 0]]
[0 1 0]
[1, -1]
[[0, -1], [1, -1], [1, 0]]
0 1
[[0, 1], [1, 0], [1, 1]]
[0 3 0]
[1, 0]
[[0, 1], [1, 0], [1, 1]]
0 3
[[0, 0]]
[4 0 0]
[0, 0]
[[0, 0]]
4 0
[[0, 1], [1, 0], [1, 1]]
[0 3 0]
[0, 1]
[[0, 1], [1, 0], [1, 1]]
0 3
[array([ 0, -1])]
[4 3 0]
[ 0 -1]
[array([ 0, -1])]
4 3
[[-1.0, -1.0]]
[3 1 0]
[-1.0, -1.0]
[[-1.0, -1.0]]
3 1
[[1, 0]]
[3 0 0]
[1, 0]
[[1, 0]]
3 0
[array([1, 1])]
[2 3 0]
[1 1]
[array([1, 1])]
2 3
[[1, 0]]
[3 0 0]
[1, 0]
[[1, 0]]
3 0
[[0, 0]]
[4 2 0]
[0, 0]
[[0, 0]]
4 2
[[0, 1], [1, 0], [1, 1]]
[1 3 0]
[0, 1]
[[0, 1], [1, 0], [1, 1]]
1 3
[array([ 0, -1])]
[4 3 0]
[ 0 -1]
[array([ 0, -1])]
4 3
[[0, 1], [1, 0], [1, 1]]
[0 3 0]
[0, 1]
[[0, 1], [1, 0], [1, 1]]
0 3
[[0, -1], [0, 1], [1, -1], [1, 0], [1, 1]]
[1 2 0]
[1, 1]
[[0, -1], [0, 1], [1, -1], [1, 0], [1, 1]]
1 2
[[-1.0, -1.0]]
[1 1 0]
[-1.0, -1.0]
[[-1.0, -1.0]]
1 1
[[0, 0]]
[4 2 0]
[0, 0]
[[0, 0]]
4 2
[[-1.0, -1.0]]
[3 1 0]
[-1.0, -1.0]
[[-1.0, -1.0]]
3 1
[[-1.0, -1.0]]
[3 1 0]
[-1.0, -1.0]
[[-1.0, -1.0]]
3 1
[[-1.0, -1.0]]
[1 1 0]
[-1.0, -1.0]
[[-1.0, -1.0]]
1 1
[[2 0 0 0 2]
 [1 1 0 1 1]
 [3 0 0 1 0]
 [0 0 0 0 1]
 [3 0 4 0 0]]
[[2 0 0 0 2]
 [1 1 0 1 1]
 [3 0 0 1 0]
 [0 0 0 0 1]
 [3 0 4 0 0]]
[[-1.0, -1.0]]
[1 1 0]
[-1.0, -1.0]
[[-1.0, -1.0]]
1 1
[[-1, 0]]
[1 0 0]
[-1, 0]
[[-1, 0]]
1 0
[[0, -1], [0, 1], [1, -1], [1, 0], [1, 1]]
[1 3 0]
[1, -1]
[[0, -1], [0, 1], [1, -1], [1, 0], [1, 1]]
1 3
[[0, 0]]
[4 0 0]
[0, 0]
[[0, 0]]
4 0
[[1, 0]]
[0 4 0]
[1, 0]
[[1, 0]]
0 4
[array([-1,  0])]
[4 2 0]
[-1  0]
[array([-1,  0])]
4 2
[[-1, 0], [1, 0]]
[2 0 0]
[-1, 0]
[[-1, 0], [1, 0]]
2 0
[[0, 0]]
[4 0 0]
[0, 0]
[[0, 0]]
4 0
[array([-1,  0])]
[3 4 0]
[-1  0]
[array([-1,  0])]
3 4
[[0, 0]]
[4 0 0]
[0, 0]
[[0, 0]]
4 0
[array([-1,  0])]
[4 2 0]
[-1  0]
[array([-1,  0])]
4 2
[[1, 0]]
[1 4 0]
[1, 0]
[[1, 0]]
1 4
[array([-1,  0])]
[4 2 0]
[-1  0]
[array([-1,  0])]
4 2
[[1, 0]]
[0 4 0]
[1, 0]
[[1, 0]]
0 4
[array([0, 1])]
[2 3 0]
[0 1]
[array([0, 1])]
2 3
[[0, 0]]
[0 0 0]
[0, 0]
[[0, 0]]
0 0
[array([-1,  0])]
[4 2 0]
[-1  0]
[array([-1,  0])]
4 2
[[-1, 0], [1, 0]]
[2 0 0]
[1, 0]
[[-1, 0], [1, 0]]
2 0
[[-1, 0], [1, 0]]
[2 0 0]
[-1, 0]
[[-1, 0], [1, 0]]
2 0
[[0, 0]]
[0 0 0]
[0, 0]
[[0, 0]]
0 0
[[4 0 0 0 0]
 [2 0 0 0 2]
 [0 0 1 0 3]
 [1 0 0 0 0]
 [3 0 0 0 0]]
[[4 0 0 0 0]
 [2 0 0 0 2]
 [0 0 1 0 3]
 [1 0 0 0 0]
 [3 0 0 0 0]]
[[0, 0]]
[0 0 0]
[0, 0]
[[0, 0]]
0 0
[[0, 0]]
[0 0 0]
[0, 0]
[[0, 0]]
0 0
[[-1.0, -1.0]]
[2 2 0]
[-1.0, -1.0]
[[-1.0, -1.0]]
2 2
[[0, 0]]
[4 0 0]
[0, 0]
[[0, 0]]
4 0
[array([-1,  0])]
[1 4 0]
[-1  0]
[array([-1,  0])]
1 4
[array([0, 1])]
[1 0 0]
[0 1]
[array([0, 1])]
1 0
[[0, 0]]
[4 0 0]
[0, 0]
[[0, 0]]
4 0
[[0, 0]]
[2 4 0]
[0, 0]
[[0, 0]]
2 4
[[0, 0]]
[4 0 0]
[0, 0]
[[0, 0]]
4 0
[[0, 0]]
[2 4 0]
[0, 0]
[[0, 0]]
2 4
[array([-1,  0])]
[1 4 0]
[-1  0]
[array([-1,  0])]
1 4
[[0, 0]]
[2 4 0]
[0, 0]
[[0, 0]]
2 4
[[0, 0]]
[0 0 0]
[0, 0]
[[0, 0]]
0 0
[array([0, 0])]
[3 0 0]
[0 0]
[array([0, 0])]
3 0
[array([0, 1])]
[1 0 0]
[0 1]
[array([0, 1])]
1 0
[[0, 0]]
[0 0 0]
[0, 0]
[[0, 0]]
0 0
[[4 0 0 0 2]
 [0 0 0 0 0]
 [0 0 0 0 3]
 [1 0 0 0 0]
 [3 0 0 0 0]]
[[4 0 0 0 2]
 [0 0 0 0 0]
 [0 0 0 0 3]
 [1 0 0 0 0]
 [3 0 0 0 0]]
[[0, 0]]
[0 0 0]
[0, 0]
[[0, 0]]
0 0
[[0, 0]]
[0 0 0]
[0, 0]
[[0, 0]]
0 0
[array([0, 0])]
[4 0 0]
[0 0]
[array([0, 0])]
4 0
[[0, 0]]
[0 4 0]
[0, 0]
[[0, 0]]
0 4
[array([0, 0])]
[4 0 0]
[0 0]
[array([0, 0])]
4 0
[[0, 0]]
[2 4 0]
[0, 0]
[[0, 0]]
2 4
[array([0, 0])]
[4 0 0]
[0 0]
[array([0, 0])]
4 0
[[0, 0]]
[2 4 0]
[0, 0]
[[0, 0]]
2 4
[[0, 0]]
[0 4 0]
[0, 0]
[[0, 0]]
0 4
[[0, 0]]
[2 4 0]
[0, 0]
[[0, 0]]
2 4
[[0, 0]]
[0 0 0]
[0, 0]
[[0, 0]]
0 0
[[1, 0]]
[3 0 0]
[1, 0]
[[1, 0]]
3 0
[[0, 0]]
[0 0 0]
[0, 0]
[[0, 0]]
0 0
[[4 0 0 0 2]
 [0 0 0 0 0]
 [0 0 0 0 3]
 [0 0 0 0 0]
 [4 0 0 0 0]]
[[4 0 0 0 2]
 [0 0 0 0 0]
 [0 0 0 0 3]
 [0 0 0 0 0]
 [4 0 0 0 0]]
[array([0, 1])]
[0 0 0]
[0 1]
[array([0, 1])]
0 0
[array([0, 1])]
[0 0 0]
[0 1]
[array([0, 1])]
0 0
[[-1.0, nan]]
[4 0 0]
[-1.0, nan]
Traceback (most recent call last):
  File "/cluster/courses/3dv/data/team-25/decentralized_marl/catmouse_experiments/main.py", line 401, in <module>
    train(agent, env, n_games=n_games)
  File "/cluster/courses/3dv/data/team-25/decentralized_marl/catmouse_experiments/main.py", line 344, in train
    temp, reward, done, _, _, state_ = env.step(action)
  File "/cluster/courses/3dv/data/team-25/decentralized_marl/catmouse_experiments/main.py", line 168, in step
    obs_next_n, r_n, done_n, trunc, info = self.env.step(self.get_action_discrete(a_n))
  File "/cluster/courses/3dv/data/team-25/decentralized_marl/catmouse_experiments/marl_gym/marl_gym/envs/cat_mouse/cat_mouse_discrete.py", line 216, in step
    self._move_prey()
  File "/cluster/courses/3dv/data/team-25/decentralized_marl/catmouse_experiments/marl_gym/marl_gym/envs/cat_mouse/cat_mouse_discrete.py", line 323, in _move_prey
    prey_p[1] += dir[1]
ValueError: cannot convert float NaN to integer
srun: error: studgpu-node01: task 0: Exited with exit code 1
